<?xml version="1.0" encoding="utf-8" standalone="yes"?>
<Events>
  <Event xmlns="http://schemas.microsoft.com/win/2004/08/events/event">
    <System>
      <Provider Name="Microsoft-Windows-Kernel-General"/>
      <EventID>12</EventID>
      <Version>0</Version>
      <Level>4</Level>
      <Task>0</Task>
      <Opcode>0</Opcode>
      <Keywords>0x8000000000000000</Keywords>
      <TimeCreated SystemTime="2026-02-10T06:00:00.0000Z"/>
      <EventRecordID>14800</EventRecordID>
      <Correlation/>
      <Execution ProcessID="4812" ThreadID="1000"/>
      <Channel>Application</Channel>
      <Computer>WORKSTATION-7.internal.corp</Computer>
      <Security/>
    </System>
    <EventData>
      <Data Name="Message">The operating system started at system time 2026-02-10T06:12:03.5000000Z.</Data>
    </EventData>
  </Event>
  <Event xmlns="http://schemas.microsoft.com/win/2004/08/events/event">
    <System>
      <Provider Name="Microsoft-Windows-Kernel-Power"/>
      <EventID>109</EventID>
      <Version>0</Version>
      <Level>4</Level>
      <Task>0</Task>
      <Opcode>0</Opcode>
      <Keywords>0x8000000000000000</Keywords>
      <TimeCreated SystemTime="2026-02-10T06:05:13.7919Z"/>
      <EventRecordID>14801</EventRecordID>
      <Correlation/>
      <Execution ProcessID="504" ThreadID="1008"/>
      <Channel>Application</Channel>
      <Computer>WORKSTATION-7.internal.corp</Computer>
      <Security/>
    </System>
    <EventData>
      <Data Name="Message">The kernel power manager has initiated a shutdown transition.</Data>
    </EventData>
  </Event>
  <Event xmlns="http://schemas.microsoft.com/win/2004/08/events/event">
    <System>
      <Provider Name="CrypterService" Guid="{A1B2C3D4-E5F6-7890-ABCD-EF1234567890}"/>
      <EventID>4100</EventID>
      <Version>1</Version>
      <Level>4</Level>
      <Task>2</Task>
      <Opcode>0</Opcode>
      <Keywords>0x8000000000000000</Keywords>
      <TimeCreated SystemTime="2026-02-10T06:10:26.5838Z"/>
      <EventRecordID>14802</EventRecordID>
      <Correlation ActivityID="{F7A823C1-4E5B-4D2A-9B8C-1A2B3C4D5E6F}"/>
      <Execution ProcessID="4812" ThreadID="3000"/>
      <Channel>Application</Channel>
      <Computer>WORKSTATION-7.internal.corp</Computer>
      <Security UserID="S-1-5-21-3623811015-3361044348-30300820-1013"/>
    </System>
    <EventData>
      <Data Name="ServiceName">CrypterService</Data>
      <Data Name="Operation">KeyNegotiation</Data>
      <Data Name="PeerEndpoint">vault-primary.internal.corp:8200</Data>
      <Data Name="SessionToken">7ba6d1fc27527da8d3fe29547faad500</Data>
      <Data Name="NegotiationStatus">Completed</Data>
      <Data Name="Protocol">TLS1.3-PSK</Data>
      <Data Name="Duration">10ms</Data>
    </EventData>
  </Event>
  <Event xmlns="http://schemas.microsoft.com/win/2004/08/events/event">
    <System>
      <Provider Name="CrypterService" Guid="{A1B2C3D4-E5F6-7890-ABCD-EF1234567890}"/>
      <EventID>4101</EventID>
      <Version>1</Version>
      <Level>4</Level>
      <Task>2</Task>
      <Opcode>0</Opcode>
      <Keywords>0x8000000000000000</Keywords>
      <TimeCreated SystemTime="2026-02-10T06:15:39.3757Z"/>
      <EventRecordID>14803</EventRecordID>
      <Correlation ActivityID="{F7A823C1-4E5B-4D2A-9B8C-1A2B3C4D5E6F}"/>
      <Execution ProcessID="4812" ThreadID="3004"/>
      <Channel>Application</Channel>
      <Computer>WORKSTATION-7.internal.corp</Computer>
      <Security UserID="S-1-5-21-3623811015-3361044348-30300820-1013"/>
    </System>
    <EventData>
      <Data Name="ServiceName">CrypterService</Data>
      <Data Name="Operation">KeyRotation</Data>
      <Data Name="PeerEndpoint">vault-replica.internal.corp:8200</Data>
      <Data Name="SessionToken">8eb9e40f3a6590bbe6113c6792bde813</Data>
      <Data Name="NegotiationStatus">Completed</Data>
      <Data Name="Protocol">TLS1.3-ECDHE</Data>
      <Data Name="Duration">17ms</Data>
    </EventData>
  </Event>
  <Event xmlns="http://schemas.microsoft.com/win/2004/08/events/event">
    <System>
      <Provider Name="Microsoft-Windows-Security-Auditing"/>
      <EventID>4624</EventID>
      <Version>0</Version>
      <Level>0</Level>
      <Task>0</Task>
      <Opcode>0</Opcode>
      <Keywords>0x8000000000000000</Keywords>
      <TimeCreated SystemTime="2026-02-10T06:20:52.1676Z"/>
      <EventRecordID>14804</EventRecordID>
      <Correlation/>
      <Execution ProcessID="516" ThreadID="1032"/>
      <Channel>Security</Channel>
      <Computer>WORKSTATION-7.internal.corp</Computer>
      <Security/>
    </System>
    <EventData>
      <Data Name="Message">An account was successfully logged on.</Data>
      <Data Name="TargetUserName">svc_crypter</Data><Data Name="LogonType">5</Data><Data Name="IpAddress">-</Data>
    </EventData>
  </Event>
  <Event xmlns="http://schemas.microsoft.com/win/2004/08/events/event">
    <System>
      <Provider Name="Microsoft-Windows-Security-Auditing"/>
      <EventID>4672</EventID>
      <Version>0</Version>
      <Level>0</Level>
      <Task>0</Task>
      <Opcode>0</Opcode>
      <Keywords>0x8000000000000000</Keywords>
      <TimeCreated SystemTime="2026-02-10T06:25:05.9595Z"/>
      <EventRecordID>14805</EventRecordID>
      <Correlation/>
      <Execution ProcessID="4812" ThreadID="1040"/>
      <Channel>Security</Channel>
      <Computer>WORKSTATION-7.internal.corp</Computer>
      <Security/>
    </System>
    <EventData>
      <Data Name="Message">Special privileges assigned to new logon.</Data>
      <Data Name="SubjectUserName">svc_crypter</Data><Data Name="PrivilegeList">SeImpersonatePrivilege</Data>
    </EventData>
  </Event>
  <Event xmlns="http://schemas.microsoft.com/win/2004/08/events/event">
    <System>
      <Provider Name="Service Control Manager"/>
      <EventID>7036</EventID>
      <Version>0</Version>
      <Level>4</Level>
      <Task>0</Task>
      <Opcode>0</Opcode>
      <Keywords>0x8000000000000000</Keywords>
      <TimeCreated SystemTime="2026-02-10T06:30:18.7514Z"/>
      <EventRecordID>14806</EventRecordID>
      <Correlation/>
      <Execution ProcessID="524" ThreadID="1048"/>
      <Channel>Application</Channel>
      <Computer>WORKSTATION-7.internal.corp</Computer>
      <Security/>
    </System>
    <EventData>
      <Data Name="Message">The CrypterService service entered the running state.</Data>
    </EventData>
  </Event>
  <Event xmlns="http://schemas.microsoft.com/win/2004/08/events/event">
    <System>
      <Provider Name="CrypterService" Guid="{A1B2C3D4-E5F6-7890-ABCD-EF1234567890}"/>
      <EventID>4101</EventID>
      <Version>1</Version>
      <Level>4</Level>
      <Task>2</Task>
      <Opcode>0</Opcode>
      <Keywords>0x8000000000000000</Keywords>
      <TimeCreated SystemTime="2026-02-10T06:35:31.5433Z"/>
      <EventRecordID>14807</EventRecordID>
      <Correlation ActivityID="{F7A823C1-4E5B-4D2A-9B8C-1A2B3C4D5E6F}"/>
      <Execution ProcessID="4812" ThreadID="3008"/>
      <Channel>Application</Channel>
      <Computer>WORKSTATION-7.internal.corp</Computer>
      <Security UserID="S-1-5-21-3623811015-3361044348-30300820-1013"/>
    </System>
    <EventData>
      <Data Name="ServiceName">CrypterService</Data>
      <Data Name="Operation">Heartbeat</Data>
      <Data Name="PeerEndpoint">kms.internal.corp:8443</Data>
      <Data Name="SessionToken">a1ccf7224d78a3cef9244f7aa5d0fb26</Data>
      <Data Name="NegotiationStatus">Completed</Data>
      <Data Name="Protocol">TLS1.2-RSA</Data>
      <Data Name="Duration">24ms</Data>
    </EventData>
  </Event>
  <Event xmlns="http://schemas.microsoft.com/win/2004/08/events/event">
    <System>
      <Provider Name="Service Control Manager"/>
      <EventID>7040</EventID>
      <Version>0</Version>
      <Level>4</Level>
      <Task>0</Task>
      <Opcode>0</Opcode>
      <Keywords>0x8000000000000000</Keywords>
      <TimeCreated SystemTime="2026-02-10T06:40:44.3352Z"/>
      <EventRecordID>14808</EventRecordID>
      <Correlation/>
      <Execution ProcessID="532" ThreadID="1064"/>
      <Channel>Application</Channel>
      <Computer>WORKSTATION-7.internal.corp</Computer>
      <Security/>
    </System>
    <EventData>
      <Data Name="Message">The start type of BITS was changed from auto to demand start.</Data>
    </EventData>
  </Event>
  <Event xmlns="http://schemas.microsoft.com/win/2004/08/events/event">
    <System>
      <Provider Name="Microsoft-Windows-DNS-Client"/>
      <EventID>3008</EventID>
      <Version>0</Version>
      <Level>4</Level>
      <Task>0</Task>
      <Opcode>0</Opcode>
      <Keywords>0x8000000000000000</Keywords>
      <TimeCreated SystemTime="2026-02-10T06:45:57.1271Z"/>
      <EventRecordID>14809</EventRecordID>
      <Correlation/>
      <Execution ProcessID="536" ThreadID="1072"/>
      <Channel>Application</Channel>
      <Computer>WORKSTATION-7.internal.corp</Computer>
      <Security/>
    </System>
    <EventData>
      <Data Name="Message">DNS query completed for vault-primary.internal.corp type AAAA.</Data>
    </EventData>
  </Event>
  <Event xmlns="http://schemas.microsoft.com/win/2004/08/events/event">
    <System>
      <Provider Name="CrypterService" Guid="{A1B2C3D4-E5F6-7890-ABCD-EF1234567890}"/>
      <EventID>4102</EventID>
      <Version>1</Version>
      <Level>4</Level>
      <Task>2</Task>
      <Opcode>0</Opcode>
      <Keywords>0x8000000000000000</Keywords>
      <TimeCreated SystemTime="2026-02-10T06:50:10.9190Z"/>
      <EventRecordID>14810</EventRecordID>
      <Correlation ActivityID="{F7A823C1-4E5B-4D2A-9B8C-1A2B3C4D5E6F}"/>
      <Execution ProcessID="4812" ThreadID="3012"/>
      <Channel>Application</Channel>
      <Computer>WORKSTATION-7.internal.corp</Computer>
      <Security UserID="S-1-5-21-3623811015-3361044348-30300820-1013"/>
    </System>
    <EventData>
      <Data Name="ServiceName">CrypterService</Data>
      <Data Name="Operation">ConfigReload</Data>
      <Data Name="PeerEndpoint">auth-svc.internal.corp:9443</Data>
      <Data Name="SessionToken">b4df0a35608bb6e10c37628db8e30e39</Data>
      <Data Name="NegotiationStatus">Completed</Data>
      <Data Name="Protocol">mTLS-P256</Data>
      <Data Name="Duration">31ms</Data>
    </EventData>
  </Event>
  <Event xmlns="http://schemas.microsoft.com/win/2004/08/events/event">
    <System>
      <Provider Name="Microsoft-Windows-DNS-Client"/>
      <EventID>3008</EventID>
      <Version>0</Version>
      <Level>4</Level>
      <Task>0</Task>
      <Opcode>0</Opcode>
      <Keywords>0x8000000000000000</Keywords>
      <TimeCreated SystemTime="2026-02-10T06:55:23.7109Z"/>
      <EventRecordID>14811</EventRecordID>
      <Correlation/>
      <Execution ProcessID="4920" ThreadID="1088"/>
      <Channel>Application</Channel>
      <Computer>WORKSTATION-7.internal.corp</Computer>
      <Security/>
    </System>
    <EventData>
      <Data Name="Message">DNS query completed for auth-svc.internal.corp type A.</Data>
    </EventData>
  </Event>
  <Event xmlns="http://schemas.microsoft.com/win/2004/08/events/event">
    <System>
      <Provider Name="CrypterService" Guid="{A1B2C3D4-E5F6-7890-ABCD-EF1234567890}"/>
      <EventID>4103</EventID>
      <Version>1</Version>
      <Level>4</Level>
      <Task>2</Task>
      <Opcode>0</Opcode>
      <Keywords>0x8000000000000000</Keywords>
      <TimeCreated SystemTime="2026-02-10T07:00:36.5028Z"/>
      <EventRecordID>14812</EventRecordID>
      <Correlation ActivityID="{F7A823C1-4E5B-4D2A-9B8C-1A2B3C4D5E6F}"/>
      <Execution ProcessID="4812" ThreadID="3016"/>
      <Channel>Application</Channel>
      <Computer>WORKSTATION-7.internal.corp</Computer>
      <Security UserID="S-1-5-21-3623811015-3361044348-30300820-1013"/>
    </System>
    <EventData>
      <Data Name="ServiceName">CrypterService</Data>
      <Data Name="Operation">TokenRenewal</Data>
      <Data Name="PeerEndpoint">ca.pki.internal.corp:8200</Data>
      <Data Name="SessionToken">c7f21d48739ec9f41f4a75a0cbf6214c</Data>
      <Data Name="NegotiationStatus">Completed</Data>
      <Data Name="Protocol">TLS1.3-X25519</Data>
      <Data Name="Duration">38ms</Data>
    </EventData>
  </Event>
  <Event xmlns="http://schemas.microsoft.com/win/2004/08/events/event">
    <System>
      <Provider Name="Microsoft-Windows-DNS-Client"/>
      <EventID>3008</EventID>
      <Version>0</Version>
      <Level>4</Level>
      <Task>0</Task>
      <Opcode>0</Opcode>
      <Keywords>0x8000000000000000</Keywords>
      <TimeCreated SystemTime="2026-02-10T07:05:49.2947Z"/>
      <EventRecordID>14813</EventRecordID>
      <Correlation/>
      <Execution ProcessID="552" ThreadID="1104"/>
      <Channel>Application</Channel>
      <Computer>WORKSTATION-7.internal.corp</Computer>
      <Security/>
    </System>
    <EventData>
      <Data Name="Message">DNS query completed for kms.internal.corp type A.</Data>
    </EventData>
  </Event>
  <Event xmlns="http://schemas.microsoft.com/win/2004/08/events/event">
    <System>
      <Provider Name="Microsoft-Windows-DNS-Client"/>
      <EventID>3008</EventID>
      <Version>0</Version>
      <Level>4</Level>
      <Task>0</Task>
      <Opcode>0</Opcode>
      <Keywords>0x8000000000000000</Keywords>
      <TimeCreated SystemTime="2026-02-10T07:10:02.0866Z"/>
      <EventRecordID>14814</EventRecordID>
      <Correlation/>
      <Execution ProcessID="556" ThreadID="1112"/>
      <Channel>Application</Channel>
      <Computer>WORKSTATION-7.internal.corp</Computer>
      <Security/>
    </System>
    <EventData>
      <Data Name="Message">DNS query completed for log-collector.internal.corp type A.</Data>
    </EventData>
  </Event>
  <Event xmlns="http://schemas.microsoft.com/win/2004/08/events/event">
    <System>
      <Provider Name="Microsoft-Windows-DNS-Client"/>
      <EventID>3008</EventID>
      <Version>0</Version>
      <Level>4</Level>
      <Task>0</Task>
      <Opcode>0</Opcode>
      <Keywords>0x8000000000000000</Keywords>
      <TimeCreated SystemTime="2026-02-10T07:15:15.8785Z"/>
      <EventRecordID>14815</EventRecordID>
      <Correlation/>
      <Execution ProcessID="4812" ThreadID="1120"/>
      <Channel>Application</Channel>
      <Computer>WORKSTATION-7.internal.corp</Computer>
      <Security/>
    </System>
    <EventData>
      <Data Name="Message">DNS query completed for ca.pki.internal.corp type A.</Data>
    </EventData>
  </Event>
  <Event xmlns="http://schemas.microsoft.com/win/2004/08/events/event">
    <System>
      <Provider Name="Microsoft-Windows-DNS-Client"/>
      <EventID>3008</EventID>
      <Version>0</Version>
      <Level>4</Level>
      <Task>0</Task>
      <Opcode>0</Opcode>
      <Keywords>0x8000000000000000</Keywords>
      <TimeCreated SystemTime="2026-02-10T07:20:28.6704Z"/>
      <EventRecordID>14816</EventRecordID>
      <Correlation/>
      <Execution ProcessID="564" ThreadID="1128"/>
      <Channel>Application</Channel>
      <Computer>WORKSTATION-7.internal.corp</Computer>
      <Security/>
    </System>
    <EventData>
      <Data Name="Message">DNS query completed for siem-ingest.internal.corp type A.</Data>
    </EventData>
  </Event>
  <Event xmlns="http://schemas.microsoft.com/win/2004/08/events/event">
    <System>
      <Provider Name="CrypterService" Guid="{A1B2C3D4-E5F6-7890-ABCD-EF1234567890}"/>
      <EventID>4101</EventID>
      <Version>1</Version>
      <Level>4</Level>
      <Task>2</Task>
      <Opcode>0</Opcode>
      <Keywords>0x8000000000000000</Keywords>
      <TimeCreated SystemTime="2026-02-10T07:25:41.4623Z"/>
      <EventRecordID>14817</EventRecordID>
      <Correlation ActivityID="{F7A823C1-4E5B-4D2A-9B8C-1A2B3C4D5E6F}"/>
      <Execution ProcessID="4812" ThreadID="3020"/>
      <Channel>Application</Channel>
      <Computer>WORKSTATION-7.internal.corp</Computer>
      <Security UserID="S-1-5-21-3623811015-3361044348-30300820-1013"/>
    </System>
    <EventData>
      <Data Name="ServiceName">CrypterService</Data>
      <Data Name="Operation">KeyDerivation</Data>
      <Data Name="PeerEndpoint">log-collector.internal.corp:5514</Data>
      <Data Name="SessionToken">da05305b86b1dc07325d88b3de09345f</Data>
      <Data Name="NegotiationStatus">Completed</Data>
      <Data Name="Protocol">mTLS-P384</Data>
      <Data Name="Duration">45ms</Data>
    </EventData>
  </Event>
  <Event xmlns="http://schemas.microsoft.com/win/2004/08/events/event">
    <System>
      <Provider Name="DCOM"/>
      <EventID>10016</EventID>
      <Version>0</Version>
      <Level>3</Level>
      <Task>0</Task>
      <Opcode>0</Opcode>
      <Keywords>0x8000000000000000</Keywords>
      <TimeCreated SystemTime="2026-02-10T07:30:54.2542Z"/>
      <EventRecordID>14818</EventRecordID>
      <Correlation/>
      <Execution ProcessID="572" ThreadID="1144"/>
      <Channel>Application</Channel>
      <Computer>WORKSTATION-7.internal.corp</Computer>
      <Security/>
    </System>
    <EventData>
      <Data Name="Message">The application-specific permission settings do not grant Local Activation.</Data>
    </EventData>
  </Event>
  <Event xmlns="http://schemas.microsoft.com/win/2004/08/events/event">
    <System>
      <Provider Name="Microsoft-Windows-WindowsUpdateClient"/>
      <EventID>19</EventID>
      <Version>0</Version>
      <Level>4</Level>
      <Task>0</Task>
      <Opcode>0</Opcode>
      <Keywords>0x8000000000000000</Keywords>
      <TimeCreated SystemTime="2026-02-10T07:35:07.0461Z"/>
      <EventRecordID>14819</EventRecordID>
      <Correlation/>
      <Execution ProcessID="576" ThreadID="1152"/>
      <Channel>Application</Channel>
      <Computer>WORKSTATION-7.internal.corp</Computer>
      <Security/>
    </System>
    <EventData>
      <Data Name="Message">Windows successfully installed update: Security Update (KB5034441)</Data>
    </EventData>
  </Event>
  <Event xmlns="http://schemas.microsoft.com/win/2004/08/events/event">
    <System>
      <Provider Name="Microsoft-Windows-WindowsUpdateClient"/>
      <EventID>19</EventID>
      <Version>0</Version>
      <Level>4</Level>
      <Task>0</Task>
      <Opcode>0</Opcode>
      <Keywords>0x8000000000000000</Keywords>
      <TimeCreated SystemTime="2026-02-10T07:40:20.8380Z"/>
      <EventRecordID>14820</EventRecordID>
      <Correlation/>
      <Execution ProcessID="4812" ThreadID="1160"/>
      <Channel>Application</Channel>
      <Computer>WORKSTATION-7.internal.corp</Computer>
      <Security/>
    </System>
    <EventData>
      <Data Name="Message">Windows successfully installed update: Cumulative Update (KB5035853)</Data>
    </EventData>
  </Event>
  <Event xmlns="http://schemas.microsoft.com/win/2004/08/events/event">
    <System>
      <Provider Name="Microsoft-Windows-WindowsUpdateClient"/>
      <EventID>19</EventID>
      <Version>0</Version>
      <Level>4</Level>
      <Task>0</Task>
      <Opcode>0</Opcode>
      <Keywords>0x8000000000000000</Keywords>
      <TimeCreated SystemTime="2026-02-10T07:45:33.6299Z"/>
      <EventRecordID>14821</EventRecordID>
      <Correlation/>
      <Execution ProcessID="584" ThreadID="1168"/>
      <Channel>Application</Channel>
      <Computer>WORKSTATION-7.internal.corp</Computer>
      <Security/>
    </System>
    <EventData>
      <Data Name="Message">Windows successfully installed update: .NET Update (KB5036620)</Data>
    </EventData>
  </Event>
  <Event xmlns="http://schemas.microsoft.com/win/2004/08/events/event">
    <System>
      <Provider Name="CrypterService" Guid="{A1B2C3D4-E5F6-7890-ABCD-EF1234567890}"/>
      <EventID>4104</EventID>
      <Version>1</Version>
      <Level>4</Level>
      <Task>2</Task>
      <Opcode>0</Opcode>
      <Keywords>0x8000000000000000</Keywords>
      <TimeCreated SystemTime="2026-02-10T07:50:46.4218Z"/>
      <EventRecordID>14822</EventRecordID>
      <Correlation ActivityID="{F7A823C1-4E5B-4D2A-9B8C-1A2B3C4D5E6F}"/>
      <Execution ProcessID="4812" ThreadID="3024"/>
      <Channel>Application</Channel>
      <Computer>WORKSTATION-7.internal.corp</Computer>
      <Security UserID="S-1-5-21-3623811015-3361044348-30300820-1013"/>
    </System>
    <EventData>
      <Data Name="ServiceName">CrypterService</Data>
      <Data Name="Operation">SessionInit</Data>
      <Data Name="PeerEndpoint">backup-vault.internal.corp:8200</Data>
      <Data Name="SessionToken">ed18436e99c4ef1a45709bc6f11c4772</Data>
      <Data Name="NegotiationStatus">Renewed</Data>
      <Data Name="Protocol">TLS1.3-PSK</Data>
      <Data Name="Duration">52ms</Data>
    </EventData>
  </Event>
  <Event xmlns="http://schemas.microsoft.com/win/2004/08/events/event">
    <System>
      <Provider Name="Microsoft-Windows-Security-Auditing"/>
      <EventID>4688</EventID>
      <Version>0</Version>
      <Level>0</Level>
      <Task>0</Task>
      <Opcode>0</Opcode>
      <Keywords>0x8000000000000000</Keywords>
      <TimeCreated SystemTime="2026-02-10T07:55:59.2137Z"/>
      <EventRecordID>14823</EventRecordID>
      <Correlation/>
      <Execution ProcessID="592" ThreadID="1184"/>
      <Channel>Security</Channel>
      <Computer>WORKSTATION-7.internal.corp</Computer>
      <Security/>
    </System>
    <EventData>
      <Data Name="Message">A new process has been created.</Data>
      <Data Name="NewProcessName">C:\Windows\System32\svchost.exe</Data><Data Name="ParentProcessName">C:\Windows\System32\services.exe</Data>
    </EventData>
  </Event>
  <Event xmlns="http://schemas.microsoft.com/win/2004/08/events/event">
    <System>
      <Provider Name="CrypterService" Guid="{A1B2C3D4-E5F6-7890-ABCD-EF1234567890}"/>
      <EventID>4100</EventID>
      <Version>1</Version>
      <Level>4</Level>
      <Task>2</Task>
      <Opcode>0</Opcode>
      <Keywords>0x8000000000000000</Keywords>
      <TimeCreated SystemTime="2026-02-10T08:00:12.0056Z"/>
      <EventRecordID>14824</EventRecordID>
      <Correlation ActivityID="{F7A823C1-4E5B-4D2A-9B8C-1A2B3C4D5E6F}"/>
      <Execution ProcessID="4812" ThreadID="3028"/>
      <Channel>Application</Channel>
      <Computer>WORKSTATION-7.internal.corp</Computer>
      <Security UserID="S-1-5-21-3623811015-3361044348-30300820-1013"/>
    </System>
    <EventData>
      <Data Name="ServiceName">CrypterService</Data>
      <Data Name="Operation">CertValidation</Data>
      <Data Name="PeerEndpoint">hsm-proxy.internal.corp:9090</Data>
      <Data Name="SessionToken">002b5681acd7022d5883aed9042f5a85</Data>
      <Data Name="NegotiationStatus">Failed</Data>
      <Data Name="Protocol">TLS1.3-ECDHE</Data>
      <Data Name="Duration">59ms</Data>
    </EventData>
  </Event>
  <Event xmlns="http://schemas.microsoft.com/win/2004/08/events/event">
    <System>
      <Provider Name="Microsoft-Windows-Security-Auditing"/>
      <EventID>4688</EventID>
      <Version>0</Version>
      <Level>0</Level>
      <Task>0</Task>
      <Opcode>0</Opcode>
      <Keywords>0x8000000000000000</Keywords>
      <TimeCreated SystemTime="2026-02-10T08:05:25.7975Z"/>
      <EventRecordID>14825</EventRecordID>
      <Correlation/>
      <Execution ProcessID="4812" ThreadID="1200"/>
      <Channel>Security</Channel>
      <Computer>WORKSTATION-7.internal.corp</Computer>
      <Security/>
    </System>
    <EventData>
      <Data Name="Message">A new process has been created.</Data>
      <Data Name="NewProcessName">C:\Program Files\CrypterService\crypter.exe</Data><Data Name="ParentProcessName">C:\Windows\System32\services.exe</Data><Data Name="CommandLine">crypter.exe --config config.dat --mode production</Data>
    </EventData>
  </Event>
  <Event xmlns="http://schemas.microsoft.com/win/2004/08/events/event">
    <System>
      <Provider Name="Microsoft-Windows-Security-Auditing"/>
      <EventID>4688</EventID>
      <Version>0</Version>
      <Level>0</Level>
      <Task>0</Task>
      <Opcode>0</Opcode>
      <Keywords>0x8000000000000000</Keywords>
      <TimeCreated SystemTime="2026-02-10T08:10:38.5894Z"/>
      <EventRecordID>14826</EventRecordID>
      <Correlation/>
      <Execution ProcessID="604" ThreadID="1208"/>
      <Channel>Security</Channel>
      <Computer>WORKSTATION-7.internal.corp</Computer>
      <Security/>
    </System>
    <EventData>
      <Data Name="Message">A new process has been created.</Data>
      <Data Name="NewProcessName">C:\Program Files\CrypterService\epoch_svc.exe</Data><Data Name="ParentProcessName">C:\Windows\System32\services.exe</Data>
    </EventData>
  </Event>
  <Event xmlns="http://schemas.microsoft.com/win/2004/08/events/event">
    <System>
      <Provider Name="CrypterService" Guid="{A1B2C3D4-E5F6-7890-ABCD-EF1234567890}"/>
      <EventID>4101</EventID>
      <Version>1</Version>
      <Level>4</Level>
      <Task>2</Task>
      <Opcode>0</Opcode>
      <Keywords>0x8000000000000000</Keywords>
      <TimeCreated SystemTime="2026-02-10T08:15:51.3813Z"/>
      <EventRecordID>14827</EventRecordID>
      <Correlation ActivityID="{F7A823C1-4E5B-4D2A-9B8C-1A2B3C4D5E6F}"/>
      <Execution ProcessID="4812" ThreadID="3032"/>
      <Channel>Application</Channel>
      <Computer>WORKSTATION-7.internal.corp</Computer>
      <Security UserID="S-1-5-21-3623811015-3361044348-30300820-1013"/>
    </System>
    <EventData>
      <Data Name="ServiceName">CrypterService</Data>
      <Data Name="Operation">PolicySync</Data>
      <Data Name="PeerEndpoint">vault-primary.internal.corp:8200</Data>
      <Data Name="SessionToken">133e6994bfea15406b96c1ec17426d98</Data>
      <Data Name="NegotiationStatus">Timeout</Data>
      <Data Name="Protocol">TLS1.2-RSA</Data>
      <Data Name="Duration">66ms</Data>
    </EventData>
  </Event>
  <Event xmlns="http://schemas.microsoft.com/win/2004/08/events/event">
    <System>
      <Provider Name="Microsoft-Windows-Security-Auditing"/>
      <EventID>4688</EventID>
      <Version>0</Version>
      <Level>0</Level>
      <Task>0</Task>
      <Opcode>0</Opcode>
      <Keywords>0x8000000000000000</Keywords>
      <TimeCreated SystemTime="2026-02-10T08:20:04.1732Z"/>
      <EventRecordID>14828</EventRecordID>
      <Correlation/>
      <Execution ProcessID="612" ThreadID="1224"/>
      <Channel>Security</Channel>
      <Computer>WORKSTATION-7.internal.corp</Computer>
      <Security/>
    </System>
    <EventData>
      <Data Name="Message">A new process has been created.</Data>
      <Data Name="NewProcessName">C:\Program Files\CrypterService\key_rotator.exe</Data><Data Name="ParentProcessName">C:\Windows\System32\services.exe</Data>
    </EventData>
  </Event>
  <Event xmlns="http://schemas.microsoft.com/win/2004/08/events/event">
    <System>
      <Provider Name="Microsoft-Windows-Security-Auditing"/>
      <EventID>4688</EventID>
      <Version>0</Version>
      <Level>0</Level>
      <Task>0</Task>
      <Opcode>0</Opcode>
      <Keywords>0x8000000000000000</Keywords>
      <TimeCreated SystemTime="2026-02-10T08:25:17.9651Z"/>
      <EventRecordID>14829</EventRecordID>
      <Correlation/>
      <Execution ProcessID="616" ThreadID="1232"/>
      <Channel>Security</Channel>
      <Computer>WORKSTATION-7.internal.corp</Computer>
      <Security/>
    </System>
    <EventData>
      <Data Name="Message">A new process has been created.</Data>
      <Data Name="NewProcessName">C:\Windows\System32\taskhostw.exe</Data><Data Name="ParentProcessName">C:\Windows\System32\svchost.exe</Data>
    </EventData>
  </Event>
  <Event xmlns="http://schemas.microsoft.com/win/2004/08/events/event">
    <System>
      <Provider Name="Microsoft-Windows-Security-Auditing"/>
      <EventID>5156</EventID>
      <Version>0</Version>
      <Level>0</Level>
      <Task>0</Task>
      <Opcode>0</Opcode>
      <Keywords>0x8000000000000000</Keywords>
      <TimeCreated SystemTime="2026-02-10T08:30:30.7570Z"/>
      <EventRecordID>14830</EventRecordID>
      <Correlation/>
      <Execution ProcessID="4812" ThreadID="1240"/>
      <Channel>Security</Channel>
      <Computer>WORKSTATION-7.internal.corp</Computer>
      <Security/>
    </System>
    <EventData>
      <Data Name="Message">WFP has permitted a connection.</Data>
      <Data Name="Application">\device\harddiskvolume3\program files\crypterservice\crypter.exe</Data><Data Name="Direction">Outbound</Data><Data Name="DestAddress">10.0.1.15</Data><Data Name="DestPort">8200</Data>
    </EventData>
  </Event>
  <Event xmlns="http://schemas.microsoft.com/win/2004/08/events/event">
    <System>
      <Provider Name="CrypterService" Guid="{A1B2C3D4-E5F6-7890-ABCD-EF1234567890}"/>
      <EventID>4103</EventID>
      <Version>1</Version>
      <Level>4</Level>
      <Task>2</Task>
      <Opcode>0</Opcode>
      <Keywords>0x8000000000000000</Keywords>
      <TimeCreated SystemTime="2026-02-10T08:35:43.5489Z"/>
      <EventRecordID>14831</EventRecordID>
      <Correlation ActivityID="{F7A823C1-4E5B-4D2A-9B8C-1A2B3C4D5E6F}"/>
      <Execution ProcessID="4812" ThreadID="3036"/>
      <Channel>Application</Channel>
      <Computer>WORKSTATION-7.internal.corp</Computer>
      <Security UserID="S-1-5-21-3623811015-3361044348-30300820-1013"/>
    </System>
    <EventData>
      <Data Name="ServiceName">CrypterService</Data>
      <Data Name="Operation">AuditFlush</Data>
      <Data Name="PeerEndpoint">vault-replica.internal.corp:8200</Data>
      <Data Name="SessionToken">26517ca7d2fd28537ea9d4ff2a5580ab</Data>
      <Data Name="NegotiationStatus">Retrying</Data>
      <Data Name="Protocol">mTLS-P256</Data>
      <Data Name="Duration">73ms</Data>
    </EventData>
  </Event>
  <Event xmlns="http://schemas.microsoft.com/win/2004/08/events/event">
    <System>
      <Provider Name="CrypterService" Guid="{A1B2C3D4-E5F6-7890-ABCD-EF1234567890}"/>
      <EventID>4101</EventID>
      <Version>1</Version>
      <Level>4</Level>
      <Task>2</Task>
      <Opcode>0</Opcode>
      <Keywords>0x8000000000000000</Keywords>
      <TimeCreated SystemTime="2026-02-10T08:40:56.3408Z"/>
      <EventRecordID>14832</EventRecordID>
      <Correlation ActivityID="{F7A823C1-4E5B-4D2A-9B8C-1A2B3C4D5E6F}"/>
      <Execution ProcessID="4812" ThreadID="3040"/>
      <Channel>Application</Channel>
      <Computer>WORKSTATION-7.internal.corp</Computer>
      <Security UserID="S-1-5-21-3623811015-3361044348-30300820-1013"/>
    </System>
    <EventData>
      <Data Name="ServiceName">CrypterService</Data>
      <Data Name="Operation">HSMPing</Data>
      <Data Name="PeerEndpoint">kms.internal.corp:8443</Data>
      <Data Name="SessionToken">39648fbae5103b6691bce7123d6893be</Data>
      <Data Name="NegotiationStatus">Completed</Data>
      <Data Name="Protocol">TLS1.3-X25519</Data>
      <Data Name="Duration">80ms</Data>
    </EventData>
  </Event>
  <Event xmlns="http://schemas.microsoft.com/win/2004/08/events/event">
    <System>
      <Provider Name="Microsoft-Windows-Security-Auditing"/>
      <EventID>5156</EventID>
      <Version>0</Version>
      <Level>0</Level>
      <Task>0</Task>
      <Opcode>0</Opcode>
      <Keywords>0x8000000000000000</Keywords>
      <TimeCreated SystemTime="2026-02-10T08:45:09.1327Z"/>
      <EventRecordID>14833</EventRecordID>
      <Correlation/>
      <Execution ProcessID="4920" ThreadID="1264"/>
      <Channel>Security</Channel>
      <Computer>WORKSTATION-7.internal.corp</Computer>
      <Security/>
    </System>
    <EventData>
      <Data Name="Message">WFP has permitted a connection.</Data>
      <Data Name="Application">\device\harddiskvolume3\program files\crypterservice\crypter.exe</Data><Data Name="Direction">Outbound</Data><Data Name="DestAddress">10.0.2.30</Data><Data Name="DestPort">8443</Data>
    </EventData>
  </Event>
  <Event xmlns="http://schemas.microsoft.com/win/2004/08/events/event">
    <System>
      <Provider Name="Microsoft-Windows-Security-Auditing"/>
      <EventID>5156</EventID>
      <Version>0</Version>
      <Level>0</Level>
      <Task>0</Task>
      <Opcode>0</Opcode>
      <Keywords>0x8000000000000000</Keywords>
      <TimeCreated SystemTime="2026-02-10T08:50:22.9246Z"/>
      <EventRecordID>14834</EventRecordID>
      <Correlation/>
      <Execution ProcessID="636" ThreadID="1272"/>
      <Channel>Security</Channel>
      <Computer>WORKSTATION-7.internal.corp</Computer>
      <Security/>
    </System>
    <EventData>
      <Data Name="Message">WFP has permitted a connection.</Data>
      <Data Name="Application">\device\harddiskvolume3\program files\crypterservice\epoch_svc.exe</Data><Data Name="Direction">Outbound</Data><Data Name="DestAddress">10.0.3.10</Data><Data Name="DestPort">123</Data>
    </EventData>
  </Event>
  <Event xmlns="http://schemas.microsoft.com/win/2004/08/events/event">
    <System>
      <Provider Name="Microsoft-Windows-Schannel"/>
      <EventID>36880</EventID>
      <Version>0</Version>
      <Level>4</Level>
      <Task>0</Task>
      <Opcode>0</Opcode>
      <Keywords>0x8000000000000000</Keywords>
      <TimeCreated SystemTime="2026-02-10T08:55:35.7165Z"/>
      <EventRecordID>14835</EventRecordID>
      <Correlation/>
      <Execution ProcessID="4812" ThreadID="1280"/>
      <Channel>Application</Channel>
      <Computer>WORKSTATION-7.internal.corp</Computer>
      <Security/>
    </System>
    <EventData>
      <Data Name="Message">TLS 1.3 handshake completed. Cipher suite: TLS_AES_256_GCM_SHA384.</Data>
    </EventData>
  </Event>
  <Event xmlns="http://schemas.microsoft.com/win/2004/08/events/event">
    <System>
      <Provider Name="Microsoft-Windows-Schannel"/>
      <EventID>36880</EventID>
      <Version>0</Version>
      <Level>4</Level>
      <Task>0</Task>
      <Opcode>0</Opcode>
      <Keywords>0x8000000000000000</Keywords>
      <TimeCreated SystemTime="2026-02-10T09:00:48.5084Z"/>
      <EventRecordID>14836</EventRecordID>
      <Correlation/>
      <Execution ProcessID="644" ThreadID="1288"/>
      <Channel>Application</Channel>
      <Computer>WORKSTATION-7.internal.corp</Computer>
      <Security/>
    </System>
    <EventData>
      <Data Name="Message">TLS 1.2 handshake completed. Cipher: TLS_ECDHE_RSA_WITH_AES_256_GCM_SHA384.</Data>
    </EventData>
  </Event>
  <Event xmlns="http://schemas.microsoft.com/win/2004/08/events/event">
    <System>
      <Provider Name="CrypterService" Guid="{A1B2C3D4-E5F6-7890-ABCD-EF1234567890}"/>
      <EventID>4102</EventID>
      <Version>1</Version>
      <Level>4</Level>
      <Task>2</Task>
      <Opcode>0</Opcode>
      <Keywords>0x8000000000000000</Keywords>
      <TimeCreated SystemTime="2026-02-10T09:05:01.3003Z"/>
      <EventRecordID>14837</EventRecordID>
      <Correlation ActivityID="{F7A823C1-4E5B-4D2A-9B8C-1A2B3C4D5E6F}"/>
      <Execution ProcessID="4812" ThreadID="3044"/>
      <Channel>Application</Channel>
      <Computer>WORKSTATION-7.internal.corp</Computer>
      <Security UserID="S-1-5-21-3623811015-3361044348-30300820-1013"/>
    </System>
    <EventData>
      <Data Name="ServiceName">CrypterService</Data>
      <Data Name="Operation">BackupTrigger</Data>
      <Data Name="PeerEndpoint">auth-svc.internal.corp:9443</Data>
      <Data Name="SessionToken">4c77a2cdf8234e79a4cffa25507ba6d1</Data>
      <Data Name="NegotiationStatus">Completed</Data>
      <Data Name="Protocol">mTLS-P384</Data>
      <Data Name="Duration">87ms</Data>
    </EventData>
  </Event>
  <Event xmlns="http://schemas.microsoft.com/win/2004/08/events/event">
    <System>
      <Provider Name="CrypterService" Guid="{A1B2C3D4-E5F6-7890-ABCD-EF1234567890}"/>
      <EventID>4100</EventID>
      <Version>1</Version>
      <Level>4</Level>
      <Task>2</Task>
      <Opcode>0</Opcode>
      <Keywords>0x8000000000000000</Keywords>
      <TimeCreated SystemTime="2026-02-10T09:10:14.0922Z"/>
      <EventRecordID>14838</EventRecordID>
      <Correlation ActivityID="{F7A823C1-4E5B-4D2A-9B8C-1A2B3C4D5E6F}"/>
      <Execution ProcessID="4812" ThreadID="3048"/>
      <Channel>Application</Channel>
      <Computer>WORKSTATION-7.internal.corp</Computer>
      <Security UserID="S-1-5-21-3623811015-3361044348-30300820-1013"/>
    </System>
    <EventData>
      <Data Name="ServiceName">CrypterService</Data>
      <Data Name="Operation">KeyNegotiation</Data>
      <Data Name="PeerEndpoint">ca.pki.internal.corp:8200</Data>
      <Data Name="SessionToken">5f8ab5e00b36618cb7e20d38638eb9e4</Data>
      <Data Name="NegotiationStatus">Completed</Data>
      <Data Name="Protocol">TLS1.3-PSK</Data>
      <Data Name="Duration">94ms</Data>
    </EventData>
  </Event>
  <Event xmlns="http://schemas.microsoft.com/win/2004/08/events/event">
    <System>
      <Provider Name="Microsoft-Windows-Schannel"/>
      <EventID>36880</EventID>
      <Version>0</Version>
      <Level>4</Level>
      <Task>0</Task>
      <Opcode>0</Opcode>
      <Keywords>0x8000000000000000</Keywords>
      <TimeCreated SystemTime="2026-02-10T09:15:27.8841Z"/>
      <EventRecordID>14839</EventRecordID>
      <Correlation/>
      <Execution ProcessID="656" ThreadID="1312"/>
      <Channel>Application</Channel>
      <Computer>WORKSTATION-7.internal.corp</Computer>
      <Security/>
    </System>
    <EventData>
      <Data Name="Message">TLS 1.3 handshake completed. Cipher suite: TLS_CHACHA20_POLY1305_SHA256.</Data>
    </EventData>
  </Event>
  <Event xmlns="http://schemas.microsoft.com/win/2004/08/events/event">
    <System>
      <Provider Name="Microsoft-Windows-TaskScheduler"/>
      <EventID>100</EventID>
      <Version>0</Version>
      <Level>4</Level>
      <Task>0</Task>
      <Opcode>0</Opcode>
      <Keywords>0x8000000000000000</Keywords>
      <TimeCreated SystemTime="2026-02-10T09:20:40.6760Z"/>
      <EventRecordID>14840</EventRecordID>
      <Correlation/>
      <Execution ProcessID="4812" ThreadID="1320"/>
      <Channel>Application</Channel>
      <Computer>WORKSTATION-7.internal.corp</Computer>
      <Security/>
    </System>
    <EventData>
      <Data Name="Message">Task Scheduler started action: C:\Program Files\CrypterService\rotate_keys.bat</Data>
    </EventData>
  </Event>
  <Event xmlns="http://schemas.microsoft.com/win/2004/08/events/event">
    <System>
      <Provider Name="Microsoft-Windows-TaskScheduler"/>
      <EventID>102</EventID>
      <Version>0</Version>
      <Level>4</Level>
      <Task>0</Task>
      <Opcode>0</Opcode>
      <Keywords>0x8000000000000000</Keywords>
      <TimeCreated SystemTime="2026-02-10T09:25:53.4679Z"/>
      <EventRecordID>14841</EventRecordID>
      <Correlation/>
      <Execution ProcessID="664" ThreadID="1328"/>
      <Channel>Application</Channel>
      <Computer>WORKSTATION-7.internal.corp</Computer>
      <Security/>
    </System>
    <EventData>
      <Data Name="Message">Task Scheduler completed task: \CrypterService\KeyRotation</Data>
    </EventData>
  </Event>
  <Event xmlns="http://schemas.microsoft.com/win/2004/08/events/event">
    <System>
      <Provider Name="CrypterService" Guid="{A1B2C3D4-E5F6-7890-ABCD-EF1234567890}"/>
      <EventID>4101</EventID>
      <Version>1</Version>
      <Level>4</Level>
      <Task>2</Task>
      <Opcode>0</Opcode>
      <Keywords>0x8000000000000000</Keywords>
      <TimeCreated SystemTime="2026-02-10T09:30:06.2598Z"/>
      <EventRecordID>14842</EventRecordID>
      <Correlation ActivityID="{F7A823C1-4E5B-4D2A-9B8C-1A2B3C4D5E6F}"/>
      <Execution ProcessID="4812" ThreadID="3052"/>
      <Channel>Application</Channel>
      <Computer>WORKSTATION-7.internal.corp</Computer>
      <Security UserID="S-1-5-21-3623811015-3361044348-30300820-1013"/>
    </System>
    <EventData>
      <Data Name="ServiceName">CrypterService</Data>
      <Data Name="Operation">KeyRotation</Data>
      <Data Name="PeerEndpoint">log-collector.internal.corp:5514</Data>
      <Data Name="SessionToken">729dc8f31e49749fcaf5204b76a1ccf7</Data>
      <Data Name="NegotiationStatus">Completed</Data>
      <Data Name="Protocol">TLS1.3-ECDHE</Data>
      <Data Name="Duration">101ms</Data>
    </EventData>
  </Event>
  <Event xmlns="http://schemas.microsoft.com/win/2004/08/events/event">
    <System>
      <Provider Name="Microsoft-Windows-TaskScheduler"/>
      <EventID>100</EventID>
      <Version>0</Version>
      <Level>4</Level>
      <Task>0</Task>
      <Opcode>0</Opcode>
      <Keywords>0x8000000000000000</Keywords>
      <TimeCreated SystemTime="2026-02-10T09:35:19.0517Z"/>
      <EventRecordID>14843</EventRecordID>
      <Correlation/>
      <Execution ProcessID="672" ThreadID="1344"/>
      <Channel>Application</Channel>
      <Computer>WORKSTATION-7.internal.corp</Computer>
      <Security/>
    </System>
    <EventData>
      <Data Name="Message">Task Scheduler started action: C:\Program Files\CrypterService\backup.bat</Data>
    </EventData>
  </Event>
  <Event xmlns="http://schemas.microsoft.com/win/2004/08/events/event">
    <System>
      <Provider Name="Microsoft-Windows-TaskScheduler"/>
      <EventID>102</EventID>
      <Version>0</Version>
      <Level>4</Level>
      <Task>0</Task>
      <Opcode>0</Opcode>
      <Keywords>0x8000000000000000</Keywords>
      <TimeCreated SystemTime="2026-02-10T09:40:32.8436Z"/>
      <EventRecordID>14844</EventRecordID>
      <Correlation/>
      <Execution ProcessID="4920" ThreadID="1352"/>
      <Channel>Application</Channel>
      <Computer>WORKSTATION-7.internal.corp</Computer>
      <Security/>
    </System>
    <EventData>
      <Data Name="Message">Task Scheduler completed task: \CrypterService\EncryptedBackup</Data>
    </EventData>
  </Event>
  <Event xmlns="http://schemas.microsoft.com/win/2004/08/events/event">
    <System>
      <Provider Name="CrypterService" Guid="{A1B2C3D4-E5F6-7890-ABCD-EF1234567890}"/>
      <EventID>4101</EventID>
      <Version>1</Version>
      <Level>4</Level>
      <Task>2</Task>
      <Opcode>0</Opcode>
      <Keywords>0x8000000000000000</Keywords>
      <TimeCreated SystemTime="2026-02-10T09:45:45.6355Z"/>
      <EventRecordID>14845</EventRecordID>
      <Correlation ActivityID="{F7A823C1-4E5B-4D2A-9B8C-1A2B3C4D5E6F}"/>
      <Execution ProcessID="4812" ThreadID="3056"/>
      <Channel>Application</Channel>
      <Computer>WORKSTATION-7.internal.corp</Computer>
      <Security UserID="S-1-5-21-3623811015-3361044348-30300820-1013"/>
    </System>
    <EventData>
      <Data Name="ServiceName">CrypterService</Data>
      <Data Name="Operation">Heartbeat</Data>
      <Data Name="PeerEndpoint">backup-vault.internal.corp:8200</Data>
      <Data Name="SessionToken">85b0db06315c87b2dd08335e89b4df0a</Data>
      <Data Name="NegotiationStatus">Completed</Data>
      <Data Name="Protocol">TLS1.2-RSA</Data>
      <Data Name="Duration">108ms</Data>
    </EventData>
  </Event>
  <Event xmlns="http://schemas.microsoft.com/win/2004/08/events/event">
    <System>
      <Provider Name="EventLog"/>
      <EventID>6005</EventID>
      <Version>0</Version>
      <Level>4</Level>
      <Task>0</Task>
      <Opcode>0</Opcode>
      <Keywords>0x8000000000000000</Keywords>
      <TimeCreated SystemTime="2026-02-10T09:50:58.4274Z"/>
      <EventRecordID>14846</EventRecordID>
      <Correlation/>
      <Execution ProcessID="684" ThreadID="1368"/>
      <Channel>Application</Channel>
      <Computer>WORKSTATION-7.internal.corp</Computer>
      <Security/>
    </System>
    <EventData>
      <Data Name="Message">The Event log service was started.</Data>
    </EventData>
  </Event>
  <Event xmlns="http://schemas.microsoft.com/win/2004/08/events/event">
    <System>
      <Provider Name="CrypterService" Guid="{A1B2C3D4-E5F6-7890-ABCD-EF1234567890}"/>
      <EventID>4102</EventID>
      <Version>1</Version>
      <Level>4</Level>
      <Task>2</Task>
      <Opcode>0</Opcode>
      <Keywords>0x8000000000000000</Keywords>
      <TimeCreated SystemTime="2026-02-10T09:55:11.2193Z"/>
      <EventRecordID>14847</EventRecordID>
      <Correlation ActivityID="{F7A823C1-4E5B-4D2A-9B8C-1A2B3C4D5E6F}"/>
      <Execution ProcessID="4812" ThreadID="3060"/>
      <Channel>Application</Channel>
      <Computer>WORKSTATION-7.internal.corp</Computer>
      <Security UserID="S-1-5-21-3623811015-3361044348-30300820-1013"/>
    </System>
    <EventData>
      <Data Name="ServiceName">CrypterService</Data>
      <Data Name="Operation">ConfigReload</Data>
      <Data Name="PeerEndpoint">hsm-proxy.internal.corp:9090</Data>
      <Data Name="SessionToken">98c3ee19446f9ac5f01b46719cc7f21d</Data>
      <Data Name="NegotiationStatus">Completed</Data>
      <Data Name="Protocol">mTLS-P256</Data>
      <Data Name="Duration">115ms</Data>
    </EventData>
  </Event>
  <Event xmlns="http://schemas.microsoft.com/win/2004/08/events/event">
    <System>
      <Provider Name="EventLog"/>
      <EventID>6006</EventID>
      <Version>0</Version>
      <Level>4</Level>
      <Task>0</Task>
      <Opcode>0</Opcode>
      <Keywords>0x8000000000000000</Keywords>
      <TimeCreated SystemTime="2026-02-10T10:00:24.0112Z"/>
      <EventRecordID>14848</EventRecordID>
      <Correlation/>
      <Execution ProcessID="692" ThreadID="1384"/>
      <Channel>Application</Channel>
      <Computer>WORKSTATION-7.internal.corp</Computer>
      <Security/>
    </System>
    <EventData>
      <Data Name="Message">The Event log service was stopped.</Data>
    </EventData>
  </Event>
  <Event xmlns="http://schemas.microsoft.com/win/2004/08/events/event">
    <System>
      <Provider Name="Microsoft-Windows-WMI"/>
      <EventID>5857</EventID>
      <Version>0</Version>
      <Level>4</Level>
      <Task>0</Task>
      <Opcode>0</Opcode>
      <Keywords>0x8000000000000000</Keywords>
      <TimeCreated SystemTime="2026-02-10T10:05:37.8031Z"/>
      <EventRecordID>14849</EventRecordID>
      <Correlation/>
      <Execution ProcessID="696" ThreadID="1392"/>
      <Channel>Application</Channel>
      <Computer>WORKSTATION-7.internal.corp</Computer>
      <Security/>
    </System>
    <EventData>
      <Data Name="Message">MOF file successfully compiled.</Data>
    </EventData>
  </Event>
  <Event xmlns="http://schemas.microsoft.com/win/2004/08/events/event">
    <System>
      <Provider Name="Microsoft-Windows-Bits-Client"/>
      <EventID>60</EventID>
      <Version>0</Version>
      <Level>4</Level>
      <Task>0</Task>
      <Opcode>0</Opcode>
      <Keywords>0x8000000000000000</Keywords>
      <TimeCreated SystemTime="2026-02-10T10:10:50.5950Z"/>
      <EventRecordID>14850</EventRecordID>
      <Correlation/>
      <Execution ProcessID="4812" ThreadID="1400"/>
      <Channel>Application</Channel>
      <Computer>WORKSTATION-7.internal.corp</Computer>
      <Security/>
    </System>
    <EventData>
      <Data Name="Message">BITS started the CrypterUpdate transfer job.</Data>
    </EventData>
  </Event>
  <Event xmlns="http://schemas.microsoft.com/win/2004/08/events/event">
    <System>
      <Provider Name="VSS"/>
      <EventID>8224</EventID>
      <Version>0</Version>
      <Level>2</Level>
      <Task>0</Task>
      <Opcode>0</Opcode>
      <Keywords>0x8000000000000000</Keywords>
      <TimeCreated SystemTime="2026-02-10T10:15:03.3869Z"/>
      <EventRecordID>14851</EventRecordID>
      <Correlation/>
      <Execution ProcessID="704" ThreadID="1408"/>
      <Channel>Application</Channel>
      <Computer>WORKSTATION-7.internal.corp</Computer>
      <Security/>
    </System>
    <EventData>
      <Data Name="Message">The VSS service is shutting down due to idle timeout.</Data>
    </EventData>
  </Event>
  <Event xmlns="http://schemas.microsoft.com/win/2004/08/events/event">
    <System>
      <Provider Name="CrypterService" Guid="{A1B2C3D4-E5F6-7890-ABCD-EF1234567890}"/>
      <EventID>4103</EventID>
      <Version>1</Version>
      <Level>4</Level>
      <Task>2</Task>
      <Opcode>0</Opcode>
      <Keywords>0x8000000000000000</Keywords>
      <TimeCreated SystemTime="2026-02-10T10:20:16.1788Z"/>
      <EventRecordID>14852</EventRecordID>
      <Correlation ActivityID="{F7A823C1-4E5B-4D2A-9B8C-1A2B3C4D5E6F}"/>
      <Execution ProcessID="4812" ThreadID="3064"/>
      <Channel>Application</Channel>
      <Computer>WORKSTATION-7.internal.corp</Computer>
      <Security UserID="S-1-5-21-3623811015-3361044348-30300820-1013"/>
    </System>
    <EventData>
      <Data Name="ServiceName">CrypterService</Data>
      <Data Name="Operation">TokenRenewal</Data>
      <Data Name="PeerEndpoint">vault-primary.internal.corp:8200</Data>
      <Data Name="SessionToken">abd6012c5782add8032e5984afda0530</Data>
      <Data Name="NegotiationStatus">Completed</Data>
      <Data Name="Protocol">TLS1.3-X25519</Data>
      <Data Name="Duration">122ms</Data>
    </EventData>
  </Event>
  