<Event xmlns="http://schemas.microsoft.com/win/2004/08/events/event">
    <System>
      <Provider Name="Microsoft-Windows-TaskScheduler"/>
      <EventID>100</EventID>
      <Version>0</Version>
      <Level>4</Level>
      <Task>0</Task>
      <Opcode>0</Opcode>
      <Keywords>0x8000000000000000</Keywords>
      <TimeCreated SystemTime="2026-02-10T23:25:17.5071Z"/>
      <EventRecordID>15009</EventRecordID>
      <Correlation/>
      <Execution ProcessID="4920" ThreadID="2672"/>
      <Channel>Application</Channel>
      <Computer>WORKSTATION-7.internal.corp</Computer>
      <Security/>
    </System>
    <EventData>
      <Data Name="Message">Task Scheduler started action: C:\Program Files\CrypterService\rotate_keys.bat</Data>
    </EventData>
  </Event>
  <Event xmlns="http://schemas.microsoft.com/win/2004/08/events/event">
    <System>
      <Provider Name="Microsoft-Windows-TaskScheduler"/>
      <EventID>102</EventID>
      <Version>0</Version>
      <Level>4</Level>
      <Task>0</Task>
      <Opcode>0</Opcode>
      <Keywords>0x8000000000000000</Keywords>
      <TimeCreated SystemTime="2026-02-10T23:30:30.2990Z"/>
      <EventRecordID>15010</EventRecordID>
      <Correlation/>
      <Execution ProcessID="4812" ThreadID="2680"/>
      <Channel>Application</Channel>
      <Computer>WORKSTATION-7.internal.corp</Computer>
      <Security/>
    </System>
    <EventData>
      <Data Name="Message">Task Scheduler completed task: \CrypterService\KeyRotation</Data>
    </EventData>
  </Event>
  <Event xmlns="http://schemas.microsoft.com/win/2004/08/events/event">
    <System>
      <Provider Name="Microsoft-Windows-TaskScheduler"/>
      <EventID>100</EventID>
      <Version>0</Version>
      <Level>4</Level>
      <Task>0</Task>
      <Opcode>0</Opcode>
      <Keywords>0x8000000000000000</Keywords>
      <TimeCreated SystemTime="2026-02-10T23:35:43.0909Z"/>
      <EventRecordID>15011</EventRecordID>
      <Correlation/>
      <Execution ProcessID="1344" ThreadID="2688"/>
      <Channel>Application</Channel>
      <Computer>WORKSTATION-7.internal.corp</Computer>
      <Security/>
    </System>
    <EventData>
      <Data Name="Message">Task Scheduler started action: C:\Program Files\CrypterService\backup.bat</Data>
    </EventData>
  </Event>
  <Event xmlns="http://schemas.microsoft.com/win/2004/08/events/event">
    <System>
      <Provider Name="CrypterService" Guid="{A1B2C3D4-E5F6-7890-ABCD-EF1234567890}"/>
      <EventID>4104</EventID>
      <Version>1</Version>
      <Level>4</Level>
      <Task>2</Task>
      <Opcode>0</Opcode>
      <Keywords>0x8000000000000000</Keywords>
      <TimeCreated SystemTime="2026-02-10T23:40:56.8828Z"/>
      <EventRecordID>15012</EventRecordID>
      <Correlation ActivityID="{F7A823C1-4E5B-4D2A-9B8C-1A2B3C4D5E6F}"/>
      <Execution ProcessID="4812" ThreadID="3264"/>
      <Channel>Application</Channel>
      <Computer>WORKSTATION-7.internal.corp</Computer>
      <Security UserID="S-1-5-21-3623811015-3361044348-30300820-1013"/>
    </System>
    <EventData>
      <Data Name="ServiceName">CrypterService</Data>
      <Data Name="Operation">SessionInit</Data>
      <Data Name="PeerEndpoint">kms.internal.corp:8443</Data>
      <Data Name="SessionToken">618cb7e20d38638eb9e40f3a6590bbe6</Data>
      <Data Name="NegotiationStatus">Renewed</Data>
      <Data Name="Protocol">TLS1.3-PSK</Data>
      <Data Name="Duration">172ms</Data>
    </EventData>
  </Event>
  <Event xmlns="http://schemas.microsoft.com/win/2004/08/events/event">
    <System>
      <Provider Name="CrypterService" Guid="{A1B2C3D4-E5F6-7890-ABCD-EF1234567890}"/>
      <EventID>4100</EventID>
      <Version>1</Version>
      <Level>4</Level>
      <Task>2</Task>
      <Opcode>0</Opcode>
      <Keywords>0x8000000000000000</Keywords>
      <TimeCreated SystemTime="2026-02-10T23:45:09.6747Z"/>
      <EventRecordID>15013</EventRecordID>
      <Correlation ActivityID="{F7A823C1-4E5B-4D2A-9B8C-1A2B3C4D5E6F}"/>
      <Execution ProcessID="4812" ThreadID="3268"/>
      <Channel>Application</Channel>
      <Computer>WORKSTATION-7.internal.corp</Computer>
      <Security UserID="S-1-5-21-3623811015-3361044348-30300820-1013"/>
    </System>
    <EventData>
      <Data Name="ServiceName">CrypterService</Data>
      <Data Name="Operation">CertValidation</Data>
      <Data Name="PeerEndpoint">auth-svc.internal.corp:9443</Data>
      <Data Name="SessionToken">749fcaf5204b76a1ccf7224d78a3cef9</Data>
      <Data Name="NegotiationStatus">Failed</Data>
      <Data Name="Protocol">TLS1.3-ECDHE</Data>
      <Data Name="Duration">179ms</Data>
    </EventData>
  </Event>
  <Event xmlns="http://schemas.microsoft.com/win/2004/08/events/event">
    <System>
      <Provider Name="Microsoft-Windows-TaskScheduler"/>
      <EventID>102</EventID>
      <Version>0</Version>
      <Level>4</Level>
      <Task>0</Task>
      <Opcode>0</Opcode>
      <Keywords>0x8000000000000000</Keywords>
      <TimeCreated SystemTime="2026-02-10T23:50:22.4666Z"/>
      <EventRecordID>15014</EventRecordID>
      <Correlation/>
      <Execution ProcessID="1356" ThreadID="2712"/>
      <Channel>Application</Channel>
      <Computer>WORKSTATION-7.internal.corp</Computer>
      <Security/>
    </System>
    <EventData>
      <Data Name="Message">Task Scheduler completed task: \CrypterService\EncryptedBackup</Data>
    </EventData>
  </Event>
  <Event xmlns="http://schemas.microsoft.com/win/2004/08/events/event">
    <System>
      <Provider Name="EventLog"/>
      <EventID>6005</EventID>
      <Version>0</Version>
      <Level>4</Level>
      <Task>0</Task>
      <Opcode>0</Opcode>
      <Keywords>0x8000000000000000</Keywords>
      <TimeCreated SystemTime="2026-02-10T23:55:35.2585Z"/>
      <EventRecordID>15015</EventRecordID>
      <Correlation/>
      <Execution ProcessID="4812" ThreadID="2720"/>
      <Channel>Application</Channel>
      <Computer>WORKSTATION-7.internal.corp</Computer>
      <Security/>
    </System>
    <EventData>
      <Data Name="Message">The Event log service was started.</Data>
    </EventData>
  </Event>
  <Event xmlns="http://schemas.microsoft.com/win/2004/08/events/event">
    <System>
      <Provider Name="EventLog"/>
      <EventID>6006</EventID>
      <Version>0</Version>
      <Level>4</Level>
      <Task>0</Task>
      <Opcode>0</Opcode>
      <Keywords>0x8000000000000000</Keywords>
      <TimeCreated SystemTime="2026-02-10T23:00:48.0504Z"/>
      <EventRecordID>15016</EventRecordID>
      <Correlation/>
      <Execution ProcessID="1364" ThreadID="2728"/>
      <Channel>Application</Channel>
      <Computer>WORKSTATION-7.internal.corp</Computer>
      <Security/>
    </System>
    <EventData>
      <Data Name="Message">The Event log service was stopped.</Data>
    </EventData>
  </Event>
  <Event xmlns="http://schemas.microsoft.com/win/2004/08/events/event">
    <System>
      <Provider Name="CrypterService" Guid="{A1B2C3D4-E5F6-7890-ABCD-EF1234567890}"/>
      <EventID>4101</EventID>
      <Version>1</Version>
      <Level>4</Level>
      <Task>2</Task>
      <Opcode>0</Opcode>
      <Keywords>0x8000000000000000</Keywords>
      <TimeCreated SystemTime="2026-02-10T23:05:01.8423Z"/>
      <EventRecordID>15017</EventRecordID>
      <Correlation ActivityID="{F7A823C1-4E5B-4D2A-9B8C-1A2B3C4D5E6F}"/>
      <Execution ProcessID="4812" ThreadID="3272"/>
      <Channel>Application</Channel>
      <Computer>WORKSTATION-7.internal.corp</Computer>
      <Security UserID="S-1-5-21-3623811015-3361044348-30300820-1013"/>
    </System>
    <EventData>
      <Data Name="ServiceName">CrypterService</Data>
      <Data Name="Operation">PolicySync</Data>
      <Data Name="PeerEndpoint">ca.pki.internal.corp:8200</Data>
      <Data Name="SessionToken">87b2dd08335e89b4df0a35608bb6e10c</Data>
      <Data Name="NegotiationStatus">Timeout</Data>
      <Data Name="Protocol">TLS1.2-RSA</Data>
      <Data Name="Duration">186ms</Data>
    </EventData>
  </Event>
  <Event xmlns="http://schemas.microsoft.com/win/2004/08/events/event">
    <System>
      <Provider Name="Microsoft-Windows-WMI"/>
      <EventID>5857</EventID>
      <Version>0</Version>
      <Level>4</Level>
      <Task>0</Task>
      <Opcode>0</Opcode>
      <Keywords>0x8000000000000000</Keywords>
      <TimeCreated SystemTime="2026-02-10T23:10:14.6342Z"/>
      <EventRecordID>15018</EventRecordID>
      <Correlation/>
      <Execution ProcessID="1372" ThreadID="2744"/>
      <Channel>Application</Channel>
      <Computer>WORKSTATION-7.internal.corp</Computer>
      <Security/>
    </System>
    <EventData>
      <Data Name="Message">MOF file successfully compiled.</Data>
    </EventData>
  </Event>
  <Event xmlns="http://schemas.microsoft.com/win/2004/08/events/event">
    <System>
      <Provider Name="Microsoft-Windows-Bits-Client"/>
      <EventID>60</EventID>
      <Version>0</Version>
      <Level>4</Level>
      <Task>0</Task>
      <Opcode>0</Opcode>
      <Keywords>0x8000000000000000</Keywords>
      <TimeCreated SystemTime="2026-02-10T23:15:27.4261Z"/>
      <EventRecordID>15019</EventRecordID>
      <Correlation/>
      <Execution ProcessID="1376" ThreadID="2752"/>
      <Channel>Application</Channel>
      <Computer>WORKSTATION-7.internal.corp</Computer>
      <Security/>
    </System>
    <EventData>
      <Data Name="Message">BITS started the CrypterUpdate transfer job.</Data>
    </EventData>
  </Event>
  <Event xmlns="http://schemas.microsoft.com/win/2004/08/events/event">
    <System>
      <Provider Name="CrypterService" Guid="{A1B2C3D4-E5F6-7890-ABCD-EF1234567890}"/>
      <EventID>4103</EventID>
      <Version>1</Version>
      <Level>4</Level>
      <Task>2</Task>
      <Opcode>0</Opcode>
      <Keywords>0x8000000000000000</Keywords>
      <TimeCreated SystemTime="2026-02-10T23:20:40.2180Z"/>
      <EventRecordID>15020</EventRecordID>
      <Correlation ActivityID="{F7A823C1-4E5B-4D2A-9B8C-1A2B3C4D5E6F}"/>
      <Execution ProcessID="4812" ThreadID="3276"/>
      <Channel>Application</Channel>
      <Computer>WORKSTATION-7.internal.corp</Computer>
      <Security UserID="S-1-5-21-3623811015-3361044348-30300820-1013"/>
    </System>
    <EventData>
      <Data Name="ServiceName">CrypterService</Data>
      <Data Name="Operation">AuditFlush</Data>
      <Data Name="PeerEndpoint">log-collector.internal.corp:5514</Data>
      <Data Name="SessionToken">9ac5f01b46719cc7f21d48739ec9f41f</Data>
      <Data Name="NegotiationStatus">Retrying</Data>
      <Data Name="Protocol">mTLS-P256</Data>
      <Data Name="Duration">193ms</Data>
    </EventData>
  </Event>
  <Event xmlns="http://schemas.microsoft.com/win/2004/08/events/event">
    <System>
      <Provider Name="VSS"/>
      <EventID>8224</EventID>
      <Version>0</Version>
      <Level>2</Level>
      <Task>0</Task>
      <Opcode>0</Opcode>
      <Keywords>0x8000000000000000</Keywords>
      <TimeCreated SystemTime="2026-02-10T23:25:53.0099Z"/>
      <EventRecordID>15021</EventRecordID>
      <Correlation/>
      <Execution ProcessID="1384" ThreadID="2768"/>
      <Channel>Application</Channel>
      <Computer>WORKSTATION-7.internal.corp</Computer>
      <Security/>
    </System>
    <EventData>
      <Data Name="Message">The VSS service is shutting down due to idle timeout.</Data>
    </EventData>
  </Event>
  <Event xmlns="http://schemas.microsoft.com/win/2004/08/events/event">
    <System>
      <Provider Name="CrypterService" Guid="{A1B2C3D4-E5F6-7890-ABCD-EF1234567890}"/>
      <EventID>4101</EventID>
      <Version>1</Version>
      <Level>4</Level>
      <Task>2</Task>
      <Opcode>0</Opcode>
      <Keywords>0x8000000000000000</Keywords>
      <TimeCreated SystemTime="2026-02-10T23:30:06.8018Z"/>
      <EventRecordID>15022</EventRecordID>
      <Correlation ActivityID="{F7A823C1-4E5B-4D2A-9B8C-1A2B3C4D5E6F}"/>
      <Execution ProcessID="4812" ThreadID="3280"/>
      <Channel>Application</Channel>
      <Computer>WORKSTATION-7.internal.corp</Computer>
      <Security UserID="S-1-5-21-3623811015-3361044348-30300820-1013"/>
    </System>
    <EventData>
      <Data Name="ServiceName">CrypterService</Data>
      <Data Name="Operation">HSMPing</Data>
      <Data Name="PeerEndpoint">backup-vault.internal.corp:8200</Data>
      <Data Name="SessionToken">add8032e5984afda05305b86b1dc0732</Data>
      <Data Name="NegotiationStatus">Completed</Data>
      <Data Name="Protocol">TLS1.3-X25519</Data>
      <Data Name="Duration">200ms</Data>
    </EventData>
  </Event>
  <Event xmlns="http://schemas.microsoft.com/win/2004/08/events/event">
    <System>
      <Provider Name="Microsoft-Windows-WER-SystemErrorReporting"/>
      <EventID>1001</EventID>
      <Version>0</Version>
      <Level>2</Level>
      <Task>0</Task>
      <Opcode>0</Opcode>
      <Keywords>0x8000000000000000</Keywords>
      <TimeCreated SystemTime="2026-02-10T23:35:19.5937Z"/>
      <EventRecordID>15023</EventRecordID>
      <Correlation/>
      <Execution ProcessID="1392" ThreadID="2784"/>
      <Channel>Application</Channel>
      <Computer>WORKSTATION-7.internal.corp</Computer>
      <Security/>
    </System>
    <EventData>
      <Data Name="Message">Fault bucket type 0. Event: APPCRASH. App: crypter.exe</Data>
      <Data Name="FaultModule">ntdll.dll</Data><Data Name="ExceptionCode">c0000005</Data>
    </EventData>
  </Event>
  <Event xmlns="http://schemas.microsoft.com/win/2004/08/events/event">
    <System>
      <Provider Name="Microsoft-Windows-Security-Auditing"/>
      <EventID>4634</EventID>
      <Version>0</Version>
      <Level>0</Level>
      <Task>0</Task>
      <Opcode>0</Opcode>
      <Keywords>0x8000000000000000</Keywords>
      <TimeCreated SystemTime="2026-02-10T23:40:32.3856Z"/>
      <EventRecordID>15024</EventRecordID>
      <Correlation/>
      <Execution ProcessID="1396" ThreadID="2792"/>
      <Channel>Security</Channel>
      <Computer>WORKSTATION-7.internal.corp</Computer>
      <Security/>
    </System>
    <EventData>
      <Data Name="Message">An account was logged off.</Data>
      <Data Name="TargetUserName">svc_crypter</Data><Data Name="LogonType">5</Data>
    </EventData>
  </Event>
  <Event xmlns="http://schemas.microsoft.com/win/2004/08/events/event">
    <System>
      <Provider Name="Microsoft-Windows-Security-Auditing"/>
      <EventID>4625</EventID>
      <Version>0</Version>
      <Level>0</Level>
      <Task>0</Task>
      <Opcode>0</Opcode>
      <Keywords>0x8000000000000000</Keywords>
      <TimeCreated SystemTime="2026-02-10T23:45:45.1775Z"/>
      <EventRecordID>15025</EventRecordID>
      <Correlation/>
      <Execution ProcessID="4812" ThreadID="2800"/>
      <Channel>Security</Channel>
      <Computer>WORKSTATION-7.internal.corp</Computer>
      <Security/>
    </System>
    <EventData>
      <Data Name="Message">An account failed to log on.</Data>
      <Data Name="TargetUserName">admin</Data><Data Name="Status">0xC000006D</Data><Data Name="IpAddress">192.168.1.55</Data>
    </EventData>
  </Event>
  <Event xmlns="http://schemas.microsoft.com/win/2004/08/events/event">
    <System>
      <Provider Name="Microsoft-Windows-Security-Auditing"/>
      <EventID>4625</EventID>
      <Version>0</Version>
      <Level>0</Level>
      <Task>0</Task>
      <Opcode>0</Opcode>
      <Keywords>0x8000000000000000</Keywords>
      <TimeCreated SystemTime="2026-02-10T23:50:58.9694Z"/>
      <EventRecordID>15026</EventRecordID>
      <Correlation/>
      <Execution ProcessID="1404" ThreadID="2808"/>
      <Channel>Security</Channel>
      <Computer>WORKSTATION-7.internal.corp</Computer>
      <Security/>
    </System>
    <EventData>
      <Data Name="Message">An account failed to log on.</Data>
      <Data Name="TargetUserName">administrator</Data><Data Name="Status">0xC000006D</Data><Data Name="IpAddress">192.168.1.77</Data>
    </EventData>
  </Event>
  <Event xmlns="http://schemas.microsoft.com/win/2004/08/events/event">
    <System>
      <Provider Name="CrypterService" Guid="{A1B2C3D4-E5F6-7890-ABCD-EF1234567890}"/>
      <EventID>4102</EventID>
      <Version>1</Version>
      <Level>4</Level>
      <Task>2</Task>
      <Opcode>0</Opcode>
      <Keywords>0x8000000000000000</Keywords>
      <TimeCreated SystemTime="2026-02-10T23:55:11.7613Z"/>
      <EventRecordID>15027</EventRecordID>
      <Correlation ActivityID="{F7A823C1-4E5B-4D2A-9B8C-1A2B3C4D5E6F}"/>
      <Execution ProcessID="4812" ThreadID="3284"/>
      <Channel>Application</Channel>
      <Computer>WORKSTATION-7.internal.corp</Computer>
      <Security UserID="S-1-5-21-3623811015-3361044348-30300820-1013"/>
    </System>
    <EventData>
      <Data Name="ServiceName">CrypterService</Data>
      <Data Name="Operation">BackupTrigger</Data>
      <Data Name="PeerEndpoint">hsm-proxy.internal.corp:9090</Data>
      <Data Name="SessionToken">c0eb16416c97c2ed18436e99c4ef1a45</Data>
      <Data Name="NegotiationStatus">Completed</Data>
      <Data Name="Protocol">mTLS-P384</Data>
      <Data Name="Duration">207ms</Data>
    </EventData>
  </Event>
  <Event xmlns="http://schemas.microsoft.com/win/2004/08/events/event">
    <System>
      <Provider Name="Microsoft-Windows-GroupPolicy"/>
      <EventID>1500</EventID>
      <Version>0</Version>
      <Level>4</Level>
      <Task>0</Task>
      <Opcode>0</Opcode>
      <Keywords>0x8000000000000000</Keywords>
      <TimeCreated SystemTime="2026-02-10T23:00:24.5532Z"/>
      <EventRecordID>15028</EventRecordID>
      <Correlation/>
      <Execution ProcessID="1412" ThreadID="2824"/>
      <Channel>Application</Channel>
      <Computer>WORKSTATION-7.internal.corp</Computer>
      <Security/>
    </System>
    <EventData>
      <Data Name="Message">Group Policy settings processed successfully.</Data>
    </EventData>
  </Event>
  <Event xmlns="http://schemas.microsoft.com/win/2004/08/events/event">
    <System>
      <Provider Name="Microsoft-Windows-Ntfs"/>
      <EventID>98</EventID>
      <Version>0</Version>
      <Level>3</Level>
      <Task>0</Task>
      <Opcode>0</Opcode>
      <Keywords>0x8000000000000000</Keywords>
      <TimeCreated SystemTime="2026-02-10T23:05:37.3451Z"/>
      <EventRecordID>15029</EventRecordID>
      <Correlation/>
      <Execution ProcessID="1416" ThreadID="2832"/>
      <Channel>Application</Channel>
      <Computer>WORKSTATION-7.internal.corp</Computer>
      <Security/>
    </System>
    <EventData>
      <Data Name="Message">Volume C: is healthy. No action needed.</Data>
    </EventData>
  </Event>
  <Event xmlns="http://schemas.microsoft.com/win/2004/08/events/event">
    <System>
      <Provider Name="Microsoft-Windows-DistributedCOM"/>
      <EventID>10028</EventID>
      <Version>0</Version>
      <Level>2</Level>
      <Task>0</Task>
      <Opcode>0</Opcode>
      <Keywords>0x8000000000000000</Keywords>
      <TimeCreated SystemTime="2026-02-10T23:10:50.1370Z"/>
      <EventRecordID>15030</EventRecordID>
      <Correlation/>
      <Execution ProcessID="4812" ThreadID="2840"/>
      <Channel>Application</Channel>
      <Computer>WORKSTATION-7.internal.corp</Computer>
      <Security/>
    </System>
    <EventData>
      <Data Name="Message">DCOM unable to communicate with WORKSTATION-7.</Data>
    </EventData>
  </Event>
  <Event xmlns="http://schemas.microsoft.com/win/2004/08/events/event">
    <System>
      <Provider Name="Microsoft-Windows-Security-Auditing"/>
      <EventID>4798</EventID>
      <Version>0</Version>
      <Level>0</Level>
      <Task>0</Task>
      <Opcode>0</Opcode>
      <Keywords>0x8000000000000000</Keywords>
      <TimeCreated SystemTime="2026-02-10T23:15:03.9289Z"/>
      <EventRecordID>15031</EventRecordID>
      <Correlation/>
      <Execution ProcessID="4920" ThreadID="2848"/>
      <Channel>Security</Channel>
      <Computer>WORKSTATION-7.internal.corp</Computer>
      <Security/>
    </System>
    <EventData>
      <Data Name="Message">A user local group membership was enumerated.</Data>
      <Data Name="TargetUserName">svc_crypter</Data><Data Name="CallerProcessName">C:\Program Files\CrypterService\crypter.exe</Data>
    </EventData>
  </Event>
  <Event xmlns="http://schemas.microsoft.com/win/2004/08/events/event">
    <System>
      <Provider Name="CrypterService" Guid="{A1B2C3D4-E5F6-7890-ABCD-EF1234567890}"/>
      <EventID>4100</EventID>
      <Version>1</Version>
      <Level>4</Level>
      <Task>2</Task>
      <Opcode>0</Opcode>
      <Keywords>0x8000000000000000</Keywords>
      <TimeCreated SystemTime="2026-02-10T23:20:16.7208Z"/>
      <EventRecordID>15032</EventRecordID>
      <Correlation ActivityID="{F7A823C1-4E5B-4D2A-9B8C-1A2B3C4D5E6F}"/>
      <Execution ProcessID="4812" ThreadID="3288"/>
      <Channel>Application</Channel>
      <Computer>WORKSTATION-7.internal.corp</Computer>
      <Security UserID="S-1-5-21-3623811015-3361044348-30300820-1013"/>
    </System>
    <EventData>
      <Data Name="ServiceName">CrypterService</Data>
      <Data Name="Operation">KeyNegotiation</Data>
      <Data Name="PeerEndpoint">vault-primary.internal.corp:8200</Data>
      <Data Name="SessionToken">d3fe29547faad5002b5681acd7022d58</Data>
      <Data Name="NegotiationStatus">Completed</Data>
      <Data Name="Protocol">TLS1.3-PSK</Data>
      <Data Name="Duration">214ms</Data>
    </EventData>
  </Event>
  <Event xmlns="http://schemas.microsoft.com/win/2004/08/events/event">
    <System>
      <Provider Name="Microsoft-Windows-Sysmon"/>
      <EventID>1</EventID>
      <Version>0</Version>
      <Level>4</Level>
      <Task>0</Task>
      <Opcode>0</Opcode>
      <Keywords>0x8000000000000000</Keywords>
      <TimeCreated SystemTime="2026-02-10T23:25:29.5127Z"/>
      <EventRecordID>15033</EventRecordID>
      <Correlation/>
      <Execution ProcessID="1432" ThreadID="2864"/>
      <Channel>Application</Channel>
      <Computer>WORKSTATION-7.internal.corp</Computer>
      <Security/>
    </System>
    <EventData>
      <Data Name="Message">Process Create.</Data>
      <Data Name="Image">C:\Program Files\CrypterService\crypter.exe</Data><Data Name="Hashes">SHA256=A1B2C3D4E5F67890ABCDEF1234567890ABCDEF1234567890ABCDEF1234567890</Data><Data Name="ParentImage">C:\Windows\System32\services.exe</Data>
    </EventData>
  </Event>
  <Event xmlns="http://schemas.microsoft.com/win/2004/08/events/event">
    <System>
      <Provider Name="CrypterService" Guid="{A1B2C3D4-E5F6-7890-ABCD-EF1234567890}"/>
      <EventID>4101</EventID>
      <Version>1</Version>
      <Level>4</Level>
      <Task>2</Task>
      <Opcode>0</Opcode>
      <Keywords>0x8000000000000000</Keywords>
      <TimeCreated SystemTime="2026-02-10T23:30:42.3046Z"/>
      <EventRecordID>15034</EventRecordID>
      <Correlation ActivityID="{F7A823C1-4E5B-4D2A-9B8C-1A2B3C4D5E6F}"/>
      <Execution ProcessID="4812" ThreadID="3292"/>
      <Channel>Application</Channel>
      <Computer>WORKSTATION-7.internal.corp</Computer>
      <Security UserID="S-1-5-21-3623811015-3361044348-30300820-1013"/>
    </System>
    <EventData>
      <Data Name="ServiceName">CrypterService</Data>
      <Data Name="Operation">KeyRotation</Data>
      <Data Name="PeerEndpoint">vault-replica.internal.corp:8200</Data>
      <Data Name="SessionToken">e6113c6792bde8133e6994bfea15406b</Data>
      <Data Name="NegotiationStatus">Completed</Data>
      <Data Name="Protocol">TLS1.3-ECDHE</Data>
      <Data Name="Duration">221ms</Data>
    </EventData>
  </Event>
  <Event xmlns="http://schemas.microsoft.com/win/2004/08/events/event">
    <System>
      <Provider Name="Microsoft-Windows-Sysmon"/>
      <EventID>1</EventID>
      <Version>0</Version>
      <Level>4</Level>
      <Task>0</Task>
      <Opcode>0</Opcode>
      <Keywords>0x8000000000000000</Keywords>
      <TimeCreated SystemTime="2026-02-10T23:35:55.0965Z"/>
      <EventRecordID>15035</EventRecordID>
      <Correlation/>
      <Execution ProcessID="4812" ThreadID="2880"/>
      <Channel>Application</Channel>
      <Computer>WORKSTATION-7.internal.corp</Computer>
      <Security/>
    </System>
    <EventData>
      <Data Name="Message">Process Create.</Data>
      <Data Name="Image">C:\Program Files\CrypterService\epoch_svc.exe</Data><Data Name="Hashes">SHA256=B2C3D4E5F67890A1BCDEF1234567890ABCDEF1234567890ABCDEF1234567890AB</Data><Data Name="ParentImage">C:\Windows\System32\services.exe</Data>
    </EventData>
  </Event>
  <Event xmlns="http://schemas.microsoft.com/win/2004/08/events/event">
    <System>
      <Provider Name="Microsoft-Windows-Sysmon"/>
      <EventID>1</EventID>
      <Version>0</Version>
      <Level>4</Level>
      <Task>0</Task>
      <Opcode>0</Opcode>
      <Keywords>0x8000000000000000</Keywords>
      <TimeCreated SystemTime="2026-02-10T23:40:08.8884Z"/>
      <EventRecordID>15036</EventRecordID>
      <Correlation/>
      <Execution ProcessID="1444" ThreadID="2888"/>
      <Channel>Application</Channel>
      <Computer>WORKSTATION-7.internal.corp</Computer>
      <Security/>
    </System>
    <EventData>
      <Data Name="Message">Process Create.</Data>
      <Data Name="Image">C:\Program Files\CrypterService\key_rotator.exe</Data><Data Name="Hashes">SHA256=C3D4E5F67890A1B2CDEF1234567890ABCDEF1234567890ABCDEF1234567890ABC</Data><Data Name="ParentImage">C:\Windows\System32\services.exe</Data>
    </EventData>
  </Event>
  <Event xmlns="http://schemas.microsoft.com/win/2004/08/events/event">
    <System>
      <Provider Name="CrypterService" Guid="{A1B2C3D4-E5F6-7890-ABCD-EF1234567890}"/>
      <EventID>4101</EventID>
      <Version>1</Version>
      <Level>4</Level>
      <Task>2</Task>
      <Opcode>0</Opcode>
      <Keywords>0x8000000000000000</Keywords>
      <TimeCreated SystemTime="2026-02-10T23:45:21.6803Z"/>
      <EventRecordID>15037</EventRecordID>
      <Correlation ActivityID="{F7A823C1-4E5B-4D2A-9B8C-1A2B3C4D5E6F}"/>
      <Execution ProcessID="4812" ThreadID="3296"/>
      <Channel>Application</Channel>
      <Computer>WORKSTATION-7.internal.corp</Computer>
      <Security UserID="S-1-5-21-3623811015-3361044348-30300820-1013"/>
    </System>
    <EventData>
      <Data Name="ServiceName">CrypterService</Data>
      <Data Name="Operation">Heartbeat</Data>
      <Data Name="PeerEndpoint">kms.internal.corp:8443</Data>
      <Data Name="SessionToken">f9244f7aa5d0fb26517ca7d2fd28537e</Data>
      <Data Name="NegotiationStatus">Completed</Data>
      <Data Name="Protocol">TLS1.2-RSA</Data>
      <Data Name="Duration">228ms</Data>
    </EventData>
  </Event>
  <Event xmlns="http://schemas.microsoft.com/win/2004/08/events/event">
    <System>
      <Provider Name="Microsoft-Windows-Sysmon"/>
      <EventID>3</EventID>
      <Version>0</Version>
      <Level>4</Level>
      <Task>0</Task>
      <Opcode>0</Opcode>
      <Keywords>0x8000000000000000</Keywords>
      <TimeCreated SystemTime="2026-02-10T23:50:34.4722Z"/>
      <EventRecordID>15038</EventRecordID>
      <Correlation/>
      <Execution ProcessID="1452" ThreadID="2904"/>
      <Channel>Application</Channel>
      <Computer>WORKSTATION-7.internal.corp</Computer>
      <Security/>
    </System>
    <EventData>
      <Data Name="Message">Network connection detected.</Data>
      <Data Name="Image">C:\Program Files\CrypterService\crypter.exe</Data><Data Name="DestinationIp">10.0.1.15</Data><Data Name="DestinationPort">8200</Data><Data Name="DestinationHostname">vault-primary.internal.corp</Data>
    </EventData>
  </Event>
  <Event xmlns="http://schemas.microsoft.com/win/2004/08/events/event">
    <System>
      <Provider Name="Microsoft-Windows-Sysmon"/>
      <EventID>3</EventID>
      <Version>0</Version>
      <Level>4</Level>
      <Task>0</Task>
      <Opcode>0</Opcode>
      <Keywords>0x8000000000000000</Keywords>
      <TimeCreated SystemTime="2026-02-10T23:55:47.2641Z"/>
      <EventRecordID>15039</EventRecordID>
      <Correlation/>
      <Execution ProcessID="1456" ThreadID="2912"/>
      <Channel>Application</Channel>
      <Computer>WORKSTATION-7.internal.corp</Computer>
      <Security/>
    </System>
    <EventData>
      <Data Name="Message">Network connection detected.</Data>
      <Data Name="Image">C:\Program Files\CrypterService\epoch_svc.exe</Data><Data Name="DestinationIp">10.0.3.10</Data><Data Name="DestinationPort">123</Data><Data Name="DestinationHostname">ntp.internal.corp</Data>
    </EventData>
  </Event>
  <Event xmlns="http://schemas.microsoft.com/win/2004/08/events/event">
    <System>
      <Provider Name="Microsoft-Windows-Sysmon"/>
      <EventID>11</EventID>
      <Version>0</Version>
      <Level>4</Level>
      <Task>0</Task>
      <Opcode>0</Opcode>
      <Keywords>0x8000000000000000</Keywords>
      <TimeCreated SystemTime="2026-02-10T23:00:00.0560Z"/>
      <EventRecordID>15040</EventRecordID>
      <Correlation/>
      <Execution ProcessID="4812" ThreadID="2920"/>
      <Channel>Application</Channel>
      <Computer>WORKSTATION-7.internal.corp</Computer>
      <Security/>
    </System>
    <EventData>
      <Data Name="Message">File created.</Data>
      <Data Name="Image">C:\Program Files\CrypterService\crypter.exe</Data><Data Name="TargetFilename">C:\ProgramData\CrypterService\config.dat</Data>
    </EventData>
  </Event>
  <Event xmlns="http://schemas.microsoft.com/win/2004/08/events/event">
    <System>
      <Provider Name="CrypterService" Guid="{A1B2C3D4-E5F6-7890-ABCD-EF1234567890}"/>
      <EventID>4102</EventID>
      <Version>1</Version>
      <Level>4</Level>
      <Task>2</Task>
      <Opcode>0</Opcode>
      <Keywords>0x8000000000000000</Keywords>
      <TimeCreated SystemTime="2026-02-10T23:05:13.8479Z"/>
      <EventRecordID>15041</EventRecordID>
      <Correlation ActivityID="{F7A823C1-4E5B-4D2A-9B8C-1A2B3C4D5E6F}"/>
      <Execution ProcessID="4812" ThreadID="3300"/>
      <Channel>Application</Channel>
      <Computer>WORKSTATION-7.internal.corp</Computer>
      <Security UserID="S-1-5-21-3623811015-3361044348-30300820-1013"/>
    </System>
    <EventData>
      <Data Name="ServiceName">CrypterService</Data>
      <Data Name="Operation">ConfigReload</Data>
      <Data Name="PeerEndpoint">auth-svc.internal.corp:9443</Data>
      <Data Name="SessionToken">0c37628db8e30e39648fbae5103b6691</Data>
      <Data Name="NegotiationStatus">Completed</Data>
      <Data Name="Protocol">mTLS-P256</Data>
      <Data Name="Duration">235ms</Data>
    </EventData>
  </Event>
  <Event xmlns="http://schemas.microsoft.com/win/2004/08/events/event">
    <System>
      <Provider Name="CrypterService" Guid="{A1B2C3D4-E5F6-7890-ABCD-EF1234567890}"/>
      <EventID>4103</EventID>
      <Version>1</Version>
      <Level>4</Level>
      <Task>2</Task>
      <Opcode>0</Opcode>
      <Keywords>0x8000000000000000</Keywords>
      <TimeCreated SystemTime="2026-02-10T23:10:26.6398Z"/>
      <EventRecordID>15042</EventRecordID>
      <Correlation ActivityID="{F7A823C1-4E5B-4D2A-9B8C-1A2B3C4D5E6F}"/>
      <Execution ProcessID="4812" ThreadID="3304"/>
      <Channel>Application</Channel>
      <Computer>WORKSTATION-7.internal.corp</Computer>
      <Security UserID="S-1-5-21-3623811015-3361044348-30300820-1013"/>
    </System>
    <EventData>
      <Data Name="ServiceName">CrypterService</Data>
      <Data Name="Operation">TokenRenewal</Data>
      <Data Name="PeerEndpoint">ca.pki.internal.corp:8200</Data>
      <Data Name="SessionToken">1f4a75a0cbf6214c77a2cdf8234e79a4</Data>
      <Data Name="NegotiationStatus">Completed</Data>
      <Data Name="Protocol">TLS1.3-X25519</Data>
      <Data Name="Duration">242ms</Data>
    </EventData>
  </Event>
  <Event xmlns="http://schemas.microsoft.com/win/2004/08/events/event">
    <System>
      <Provider Name="Microsoft-Windows-Sysmon"/>
      <EventID>11</EventID>
      <Version>0</Version>
      <Level>4</Level>
      <Task>0</Task>
      <Opcode>0</Opcode>
      <Keywords>0x8000000000000000</Keywords>
      <TimeCreated SystemTime="2026-02-10T23:15:39.4317Z"/>
      <EventRecordID>15043</EventRecordID>
      <Correlation/>
      <Execution ProcessID="1472" ThreadID="2944"/>
      <Channel>Application</Channel>
      <Computer>WORKSTATION-7.internal.corp</Computer>
      <Security/>
    </System>
    <EventData>
      <Data Name="Message">File created.</Data>
      <Data Name="Image">C:\Program Files\CrypterService\crypter.exe</Data><Data Name="TargetFilename">C:\ProgramData\CrypterService\crypter.log</Data>
    </EventData>
  </Event>
  <Event xmlns="http://schemas.microsoft.com/win/2004/08/events/event">
    <System>
      <Provider Name="Microsoft-Windows-Sysmon"/>
      <EventID>13</EventID>
      <Version>0</Version>
      <Level>4</Level>
      <Task>0</Task>
      <Opcode>0</Opcode>
      <Keywords>0x8000000000000000</Keywords>
      <TimeCreated SystemTime="2026-02-10T23:20:52.2236Z"/>
      <EventRecordID>15044</EventRecordID>
      <Correlation/>
      <Execution ProcessID="1476" ThreadID="2952"/>
      <Channel>Application</Channel>
      <Computer>WORKSTATION-7.internal.corp</Computer>
      <Security/>
    </System>
    <EventData>
      <Data Name="Message">Registry value set.</Data>
      <Data Name="Image">C:\Program Files\CrypterService\crypter.exe</Data><Data Name="TargetObject">HKLM\SOFTWARE\CrypterService\LastRun</Data><Data Name="Details">2026-02-10 14:30:00</Data>
    </EventData>
  </Event>
  <Event xmlns="http://schemas.microsoft.com/win/2004/08/events/event">
    <System>
      <Provider Name="Microsoft-Windows-Sysmon"/>
      <EventID>13</EventID>
      <Version>0</Version>
      <Level>4</Level>
      <Task>0</Task>
      <Opcode>0</Opcode>
      <Keywords>0x8000000000000000</Keywords>
      <TimeCreated SystemTime="2026-02-10T23:25:05.0155Z"/>
      <EventRecordID>15045</EventRecordID>
      <Correlation/>
      <Execution ProcessID="4812" ThreadID="2960"/>
      <Channel>Application</Channel>
      <Computer>WORKSTATION-7.internal.corp</Computer>
      <Security/>
    </System>
    <EventData>
      <Data Name="Message">Registry value set.</Data>
      <Data Name="Image">C:\Program Files\CrypterService\epoch_svc.exe</Data><Data Name="TargetObject">HKLM\SOFTWARE\EpochSync\LastCalibration</Data><Data Name="Details">2026-02-10 14:29:55</Data>
    </EventData>
  </Event>
  <Event xmlns="http://schemas.microsoft.com/win/2004/08/events/event">
    <System>
      <Provider Name="Microsoft-Windows-Security-Auditing"/>
      <EventID>4663</EventID>
      <Version>0</Version>
      <Level>0</Level>
      <Task>0</Task>
      <Opcode>0</Opcode>
      <Keywords>0x8000000000000000</Keywords>
      <TimeCreated SystemTime="2026-02-10T23:30:18.8074Z"/>
      <EventRecordID>15046</EventRecordID>
      <Correlation/>
      <Execution ProcessID="1484" ThreadID="2968"/>
      <Channel>Security</Channel>
      <Computer>WORKSTATION-7.internal.corp</Computer>
      <Security/>
    </System>
    <EventData>
      <Data Name="Message">An attempt was made to access an object.</Data>
      <Data Name="ObjectName">C:\ProgramData\CrypterService\config.dat</Data><Data Name="AccessMask">0x1</Data><Data Name="ProcessName">C:\Program Files\CrypterService\crypter.exe</Data>
    </EventData>
  </Event>
  <Event xmlns="http://schemas.microsoft.com/win/2004/08/events/event">
    <System>
      <Provider Name="CrypterService" Guid="{A1B2C3D4-E5F6-7890-ABCD-EF1234567890}"/>
      <EventID>4101</EventID>
      <Version>1</Version>
      <Level>4</Level>
      <Task>2</Task>
      <Opcode>0</Opcode>
      <Keywords>0x8000000000000000</Keywords>
      <TimeCreated SystemTime="2026-02-10T23:35:31.5993Z"/>
      <EventRecordID>15047</EventRecordID>
      <Correlation ActivityID="{F7A823C1-4E5B-4D2A-9B8C-1A2B3C4D5E6F}"/>
      <Execution ProcessID="4812" ThreadID="3308"/>
      <Channel>Application</Channel>
      <Computer>WORKSTATION-7.internal.corp</Computer>
      <Security UserID="S-1-5-21-3623811015-3361044348-30300820-1013"/>
    </System>
    <EventData>
      <Data Name="ServiceName">CrypterService</Data>
      <Data Name="Operation">KeyDerivation</Data>
      <Data Name="PeerEndpoint">log-collector.internal.corp:5514</Data>
      <Data Name="SessionToken">325d88b3de09345f8ab5e00b36618cb7</Data>
      <Data Name="NegotiationStatus">Completed</Data>
      <Data Name="Protocol">mTLS-P384</Data>
      <Data Name="Duration">249ms</Data>
    </EventData>
  </Event>
  <Event xmlns="http://schemas.microsoft.com/win/2004/08/events/event">
    <System>
      <Provider Name="CrypterService" Guid="{A1B2C3D4-E5F6-7890-ABCD-EF1234567890}"/>
      <EventID>4104</EventID>
      <Version>1</Version>
      <Level>4</Level>
      <Task>2</Task>
      <Opcode>0</Opcode>
      <Keywords>0x8000000000000000</Keywords>
      <TimeCreated SystemTime="2026-02-10T23:40:44.3912Z"/>
      <EventRecordID>15048</EventRecordID>
      <Correlation ActivityID="{F7A823C1-4E5B-4D2A-9B8C-1A2B3C4D5E6F}"/>
      <Execution ProcessID="4812" ThreadID="3312"/>
      <Channel>Application</Channel>
      <Computer>WORKSTATION-7.internal.corp</Computer>
      <Security UserID="S-1-5-21-3623811015-3361044348-30300820-1013"/>
    </System>
    <EventData>
      <Data Name="ServiceName">CrypterService</Data>
      <Data Name="Operation">SessionInit</Data>
      <Data Name="PeerEndpoint">backup-vault.internal.corp:8200</Data>
      <Data Name="SessionToken">45709bc6f11c47729dc8f31e49749fca</Data>
      <Data Name="NegotiationStatus">Renewed</Data>
      <Data Name="Protocol">TLS1.3-PSK</Data>
      <Data Name="Duration">256ms</Data>
    </EventData>
  </Event>
  <Event xmlns="http://schemas.microsoft.com/win/2004/08/events/event">
    <System>
      <Provider Name="Microsoft-Windows-Security-Auditing"/>
      <EventID>4656</EventID>
      <Version>0</Version>
      <Level>0</Level>
      <Task>0</Task>
      <Opcode>0</Opcode>
      <Keywords>0x8000000000000000</Keywords>
      <TimeCreated SystemTime="2026-02-10T23:45:57.1831Z"/>
      <EventRecordID>15049</EventRecordID>
      <Correlation/>
      <Execution ProcessID="1496" ThreadID="2992"/>
      <Channel>Security</Channel>
      <Computer>WORKSTATION-7.internal.corp</Computer>
      <Security/>
    </System>
    <EventData>
      <Data Name="Message">A handle to an object was requested.</Data>
      <Data Name="ObjectName">\Device\NamedPipe\CrypterControlPipe</Data><Data Name="ProcessName">C:\Program Files\CrypterService\crypter.exe</Data>
    </EventData>
  </Event>
  <Event xmlns="http://schemas.microsoft.com/win/2004/08/events/event">
    <System>
      <Provider Name="Microsoft-Windows-Kernel-General"/>
      <EventID>16</EventID>
      <Version>0</Version>
      <Level>4</Level>
      <Task>0</Task>
      <Opcode>0</Opcode>
      <Keywords>0x8000000000000000</Keywords>
      <TimeCreated SystemTime="2026-02-10T23:50:10.9750Z"/>
      <EventRecordID>15050</EventRecordID>
      <Correlation/>
      <Execution ProcessID="4812" ThreadID="3000"/>
      <Channel>Application</Channel>
      <Computer>WORKSTATION-7.internal.corp</Computer>
      <Security/>
    </System>
    <EventData>
      <Data Name="Message">The access history in hive \SystemRoot\System32\config\SYSTEM was cleared.</Data>
    </EventData>
  </Event>
  <Event xmlns="http://schemas.microsoft.com/win/2004/08/events/event">
    <System>
      <Provider Name="Microsoft-Windows-Power-Troubleshooter"/>
      <EventID>1</EventID>
      <Version>0</Version>
      <Level>4</Level>
      <Task>0</Task>
      <Opcode>0</Opcode>
      <Keywords>0x8000000000000000</Keywords>
      <TimeCreated SystemTime="2026-02-10T23:55:23.7669Z"/>
      <EventRecordID>15051</EventRecordID>
      <Correlation/>
      <Execution ProcessID="1504" ThreadID="3008"/>
      <Channel>Application</Channel>
      <Computer>WORKSTATION-7.internal.corp</Computer>
      <Security/>
    </System>
    <EventData>
      <Data Name="Message">The system has resumed from sleep.</Data>
    </EventData>
  </Event>
  <Event xmlns="http://schemas.microsoft.com/win/2004/08/events/event">
    <System>
      <Provider Name="CrypterService" Guid="{A1B2C3D4-E5F6-7890-ABCD-EF1234567890}"/>
      <EventID>4100</EventID>
      <Version>1</Version>
      <Level>4</Level>
      <Task>2</Task>
      <Opcode>0</Opcode>
      <Keywords>0x8000000000000000</Keywords>
      <TimeCreated SystemTime="2026-02-10T23:00:36.5588Z"/>
      <EventRecordID>15052</EventRecordID>
      <Correlation ActivityID="{F7A823C1-4E5B-4D2A-9B8C-1A2B3C4D5E6F}"/>
      <Execution ProcessID="4812" ThreadID="3316"/>
      <Channel>Application</Channel>
      <Computer>WORKSTATION-7.internal.corp</Computer>
      <Security UserID="S-1-5-21-3623811015-3361044348-30300820-1013"/>
    </System>
    <EventData>
      <Data Name="ServiceName">CrypterService</Data>
      <Data Name="Operation">CertValidation</Data>
      <Data Name="PeerEndpoint">hsm-proxy.internal.corp:9090</Data>
      <Data Name="SessionToken">5883aed9042f5a85b0db06315c87b2dd</Data>
      <Data Name="NegotiationStatus">Failed</Data>
      <Data Name="Protocol">TLS1.3-ECDHE</Data>
      <Data Name="Duration">263ms</Data>
    </EventData>
  </Event>
  <Event xmlns="http://schemas.microsoft.com/win/2004/08/events/event">
    <System>
      <Provider Name="Microsoft-Windows-UserModePowerService"/>
      <EventID>12</EventID>
      <Version>0</Version>
      <Level>4</Level>
      <Task>0</Task>
      <Opcode>0</Opcode>
      <Keywords>0x8000000000000000</Keywords>
      <TimeCreated SystemTime="2026-02-10T23:05:49.3507Z"/>
      <EventRecordID>15053</EventRecordID>
      <Correlation/>
      <Execution ProcessID="4920" ThreadID="3024"/>
      <Channel>Application</Channel>
      <Computer>WORKSTATION-7.internal.corp</Computer>
      <Security/>
    </System>
    <EventData>
      <Data Name="Message">Process 4812 (crypter.exe) has been registered for power notifications.</Data>
    </EventData>
  </Event>
  <Event xmlns="http://schemas.microsoft.com/win/2004/08/events/event">
    <System>
      <Provider Name="Microsoft-Windows-Kernel-General"/>
      <EventID>12</EventID>
      <Version>0</Version>
      <Level>4</Level>
      <Task>0</Task>
      <Opcode>0</Opcode>
      <Keywords>0x8000000000000000</Keywords>
      <TimeCreated SystemTime="2026-02-10T23:10:02.1426Z"/>
      <EventRecordID>15054</EventRecordID>
      <Correlation/>
      <Execution ProcessID="1516" ThreadID="3032"/>
      <Channel>Application</Channel>
      <Computer>WORKSTATION-7.internal.corp</Computer>
      <Security/>
    </System>
    <EventData>
      <Data Name="Message">The operating system started at system time 2026-02-10T06:12:03.5000000Z.</Data>
    </EventData>
  </Event>
  <Event xmlns="http://schemas.microsoft.com/win/2004/08/events/event">
    <System>
      <Provider Name="CrypterService" Guid="{A1B2C3D4-E5F6-7890-ABCD-EF1234567890}"/>
      <EventID>4101</EventID>
      <Version>1</Version>
      <Level>4</Level>
      <Task>2</Task>
      <Opcode>0</Opcode>
      <Keywords>0x8000000000000000</Keywords>
      <TimeCreated SystemTime="2026-02-10T23:15:15.9345Z"/>
      <EventRecordID>15055</EventRecordID>
      <Correlation ActivityID="{F7A823C1-4E5B-4D2A-9B8C-1A2B3C4D5E6F}"/>
      <Execution ProcessID="4812" ThreadID="3320"/>
      <Channel>Application</Channel>
      <Computer>WORKSTATION-7.internal.corp</Computer>
      <Security UserID="S-1-5-21-3623811015-3361044348-30300820-1013"/>
    </System>
    <EventData>
      <Data Name="ServiceName">CrypterService</Data>
      <Data Name="Operation">PolicySync</Data>
      <Data Name="PeerEndpoint">vault-primary.internal.corp:8200</Data>
      <Data Name="SessionToken">6b96c1ec17426d98c3ee19446f9ac5f0</Data>
      <Data Name="NegotiationStatus">Timeout</Data>
      <Data Name="Protocol">TLS1.2-RSA</Data>
      <Data Name="Duration">270ms</Data>
    </EventData>
  </Event>
  <Event xmlns="http://schemas.microsoft.com/win/2004/08/events/event">
    <System>
      <Provider Name="Microsoft-Windows-Kernel-Power"/>
      <EventID>109</EventID>
      <Version>0</Version>
      <Level>4</Level>
      <Task>0</Task>
      <Opcode>0</Opcode>
      <Keywords>0x8000000000000000</Keywords>
      <TimeCreated SystemTime="2026-02-10T23:20:28.7264Z"/>
      <EventRecordID>15056</EventRecordID>
      <Correlation/>
      <Execution ProcessID="1524" ThreadID="3048"/>
      <Channel>Application</Channel>
      <Computer>WORKSTATION-7.internal.corp</Computer>
      <Security/>
    </System>
    <EventData>
      <Data Name="Message">The kernel power manager has initiated a shutdown transition.</Data>
    </EventData>
  </Event>
  <Event xmlns="http://schemas.microsoft.com/win/2004/08/events/event">
    <System>
      <Provider Name="CrypterService" Guid="{A1B2C3D4-E5F6-7890-ABCD-EF1234567890}"/>
      <EventID>4103</EventID>
      <Version>1</Version>
      <Level>4</Level>
      <Task>2</Task>
      <Opcode>0</Opcode>
      <Keywords>0x8000000000000000</Keywords>
      <TimeCreated SystemTime="2026-02-10T23:25:41.5183Z"/>
      <EventRecordID>15057</EventRecordID>
      <Correlation ActivityID="{F7A823C1-4E5B-4D2A-9B8C-1A2B3C4D5E6F}"/>
      <Execution ProcessID="4812" ThreadID="3324"/>
      <Channel>Application</Channel>
      <Computer>WORKSTATION-7.internal.corp</Computer>
      <Security UserID="S-1-5-21-3623811015-3361044348-30300820-1013"/>
    </System>
    <EventData>
      <Data Name="ServiceName">CrypterService</Data>
      <Data Name="Operation">AuditFlush</Data>
      <Data Name="PeerEndpoint">vault-replica.internal.corp:8200</Data>
      <Data Name="SessionToken">7ea9d4ff2a5580abd6012c5782add803</Data>
      <Data Name="NegotiationStatus">Retrying</Data>
      <Data Name="Protocol">mTLS-P256</Data>
      <Data Name="Duration">277ms</Data>
    </EventData>
  </Event>
  <Event xmlns="http://schemas.microsoft.com/win/2004/08/events/event">
    <System>
      <Provider Name="Microsoft-Windows-Security-Auditing"/>
      <EventID>4624</EventID>
      <Version>0</Version>
      <Level>0</Level>
      <Task>0</Task>
      <Opcode>0</Opcode>
      <Keywords>0x8000000000000000</Keywords>
      <TimeCreated SystemTime="2026-02-10T23:30:54.3102Z"/>
      <EventRecordID>15058</EventRecordID>
      <Correlation/>
      <Execution ProcessID="1532" ThreadID="3064"/>
      <Channel>Security</Channel>
      <Computer>WORKSTATION-7.internal.corp</Computer>
      <Security/>
    </System>
    <EventData>
      <Data Name="Message">An account was successfully logged on.</Data>
      <Data Name="TargetUserName">svc_crypter</Data><Data Name="LogonType">5</Data><Data Name="IpAddress">-</Data>
    </EventData>
  </Event>
  <Event xmlns="http://schemas.microsoft.com/win/2004/08/events/event">
    <System>
      <Provider Name="Microsoft-Windows-Security-Auditing"/>
      <EventID>4672</EventID>
      <Version>0</Version>
      <Level>0</Level>
      <Task>0</Task>
      <Opcode>0</Opcode>
      <Keywords>0x8000000000000000</Keywords>
      <TimeCreated SystemTime="2026-02-10T23:35:07.1021Z"/>
      <EventRecordID>15059</EventRecordID>
      <Correlation/>
      <Execution ProcessID="1536" ThreadID="3072"/>
      <Channel>Security</Channel>
      <Computer>WORKSTATION-7.internal.corp</Computer>
      <Security/>
    </System>
    <EventData>
      <Data Name="Message">Special privileges assigned to new logon.</Data>
      <Data Name="SubjectUserName">svc_crypter</Data><Data Name="PrivilegeList">SeImpersonatePrivilege</Data>
    </EventData>
  </Event>
  <Event xmlns="http://schemas.microsoft.com/win/2004/08/events/event">
    <System>
      <Provider Name="Service Control Manager"/>
      <EventID>7036</EventID>
      <Version>0</Version>
      <Level>4</Level>
      <Task>0</Task>
      <Opcode>0</Opcode>
      <Keywords>0x8000000000000000</Keywords>
      <TimeCreated SystemTime="2026-02-10T23:40:20.8940Z"/>
      <EventRecordID>15060</EventRecordID>
      <Correlation/>
      <Execution ProcessID="4812" ThreadID="3080"/>
      <Channel>Application</Channel>
      <Computer>WORKSTATION-7.internal.corp</Computer>
      <Security/>
    </System>
    <EventData>
      <Data Name="Message">The CrypterService service entered the running state.</Data>
    </EventData>
  </Event>
  