<Event xmlns="http://schemas.microsoft.com/win/2004/08/events/event">
    <System>
      <Provider Name="CrypterService" Guid="{A1B2C3D4-E5F6-7890-ABCD-EF1234567890}"/>
      <EventID>4101</EventID>
      <Version>1</Version>
      <Level>4</Level>
      <Task>2</Task>
      <Opcode>0</Opcode>
      <Keywords>0x8000000000000000</Keywords>
      <TimeCreated SystemTime="2026-02-10T19:05:01.3283Z"/>
      <EventRecordID>14957</EventRecordID>
      <Correlation ActivityID="{F7A823C1-4E5B-4D2A-9B8C-1A2B3C4D5E6F}"/>
      <Execution ProcessID="4812" ThreadID="3196"/>
      <Channel>Application</Channel>
      <Computer>WORKSTATION-7.internal.corp</Computer>
      <Security UserID="S-1-5-21-3623811015-3361044348-30300820-1013"/>
    </System>
    <EventData>
      <Data Name="ServiceName">CrypterService</Data>
      <Data Name="Operation">KeyRotation</Data>
      <Data Name="PeerEndpoint">vault-replica.internal.corp:8200</Data>
      <Data Name="SessionToken">1e49749fcaf5204b76a1ccf7224d78a3</Data>
      <Data Name="NegotiationStatus">Completed</Data>
      <Data Name="Protocol">TLS1.3-ECDHE</Data>
      <Data Name="Duration">53ms</Data>
    </EventData>
  </Event>
  <Event xmlns="http://schemas.microsoft.com/win/2004/08/events/event">
    <System>
      <Provider Name="Microsoft-Windows-Sysmon"/>
      <EventID>11</EventID>
      <Version>0</Version>
      <Level>4</Level>
      <Task>0</Task>
      <Opcode>0</Opcode>
      <Keywords>0x8000000000000000</Keywords>
      <TimeCreated SystemTime="2026-02-10T19:10:14.1202Z"/>
      <EventRecordID>14958</EventRecordID>
      <Correlation/>
      <Execution ProcessID="1132" ThreadID="2264"/>
      <Channel>Application</Channel>
      <Computer>WORKSTATION-7.internal.corp</Computer>
      <Security/>
    </System>
    <EventData>
      <Data Name="Message">File created.</Data>
      <Data Name="Image">C:\Program Files\CrypterService\crypter.exe</Data><Data Name="TargetFilename">C:\ProgramData\CrypterService\crypter.log</Data>
    </EventData>
  </Event>
  <Event xmlns="http://schemas.microsoft.com/win/2004/08/events/event">
    <System>
      <Provider Name="Microsoft-Windows-Sysmon"/>
      <EventID>13</EventID>
      <Version>0</Version>
      <Level>4</Level>
      <Task>0</Task>
      <Opcode>0</Opcode>
      <Keywords>0x8000000000000000</Keywords>
      <TimeCreated SystemTime="2026-02-10T19:15:27.9121Z"/>
      <EventRecordID>14959</EventRecordID>
      <Correlation/>
      <Execution ProcessID="1136" ThreadID="2272"/>
      <Channel>Application</Channel>
      <Computer>WORKSTATION-7.internal.corp</Computer>
      <Security/>
    </System>
    <EventData>
      <Data Name="Message">Registry value set.</Data>
      <Data Name="Image">C:\Program Files\CrypterService\crypter.exe</Data><Data Name="TargetObject">HKLM\SOFTWARE\CrypterService\LastRun</Data><Data Name="Details">2026-02-10 14:30:00</Data>
    </EventData>
  </Event>
  <Event xmlns="http://schemas.microsoft.com/win/2004/08/events/event">
    <System>
      <Provider Name="Microsoft-Windows-Sysmon"/>
      <EventID>13</EventID>
      <Version>0</Version>
      <Level>4</Level>
      <Task>0</Task>
      <Opcode>0</Opcode>
      <Keywords>0x8000000000000000</Keywords>
      <TimeCreated SystemTime="2026-02-10T19:20:40.7040Z"/>
      <EventRecordID>14960</EventRecordID>
      <Correlation/>
      <Execution ProcessID="4812" ThreadID="2280"/>
      <Channel>Application</Channel>
      <Computer>WORKSTATION-7.internal.corp</Computer>
      <Security/>
    </System>
    <EventData>
      <Data Name="Message">Registry value set.</Data>
      <Data Name="Image">C:\Program Files\CrypterService\epoch_svc.exe</Data><Data Name="TargetObject">HKLM\SOFTWARE\EpochSync\LastCalibration</Data><Data Name="Details">2026-02-10 14:29:55</Data>
    </EventData>
  </Event>
  <Event xmlns="http://schemas.microsoft.com/win/2004/08/events/event">
    <System>
      <Provider Name="Microsoft-Windows-Security-Auditing"/>
      <EventID>4663</EventID>
      <Version>0</Version>
      <Level>0</Level>
      <Task>0</Task>
      <Opcode>0</Opcode>
      <Keywords>0x8000000000000000</Keywords>
      <TimeCreated SystemTime="2026-02-10T19:25:53.4959Z"/>
      <EventRecordID>14961</EventRecordID>
      <Correlation/>
      <Execution ProcessID="1144" ThreadID="2288"/>
      <Channel>Security</Channel>
      <Computer>WORKSTATION-7.internal.corp</Computer>
      <Security/>
    </System>
    <EventData>
      <Data Name="Message">An attempt was made to access an object.</Data>
      <Data Name="ObjectName">C:\ProgramData\CrypterService\config.dat</Data><Data Name="AccessMask">0x1</Data><Data Name="ProcessName">C:\Program Files\CrypterService\crypter.exe</Data>
    </EventData>
  </Event>
  <Event xmlns="http://schemas.microsoft.com/win/2004/08/events/event">
    <System>
      <Provider Name="CrypterService" Guid="{A1B2C3D4-E5F6-7890-ABCD-EF1234567890}"/>
      <EventID>4101</EventID>
      <Version>1</Version>
      <Level>4</Level>
      <Task>2</Task>
      <Opcode>0</Opcode>
      <Keywords>0x8000000000000000</Keywords>
      <TimeCreated SystemTime="2026-02-10T19:30:06.2878Z"/>
      <EventRecordID>14962</EventRecordID>
      <Correlation ActivityID="{F7A823C1-4E5B-4D2A-9B8C-1A2B3C4D5E6F}"/>
      <Execution ProcessID="4812" ThreadID="3200"/>
      <Channel>Application</Channel>
      <Computer>WORKSTATION-7.internal.corp</Computer>
      <Security UserID="S-1-5-21-3623811015-3361044348-30300820-1013"/>
    </System>
    <EventData>
      <Data Name="ServiceName">CrypterService</Data>
      <Data Name="Operation">Heartbeat</Data>
      <Data Name="PeerEndpoint">kms.internal.corp:8443</Data>
      <Data Name="SessionToken">315c87b2dd08335e89b4df0a35608bb6</Data>
      <Data Name="NegotiationStatus">Completed</Data>
      <Data Name="Protocol">TLS1.2-RSA</Data>
      <Data Name="Duration">60ms</Data>
    </EventData>
  </Event>
  <Event xmlns="http://schemas.microsoft.com/win/2004/08/events/event">
    <System>
      <Provider Name="Microsoft-Windows-Security-Auditing"/>
      <EventID>4656</EventID>
      <Version>0</Version>
      <Level>0</Level>
      <Task>0</Task>
      <Opcode>0</Opcode>
      <Keywords>0x8000000000000000</Keywords>
      <TimeCreated SystemTime="2026-02-10T19:35:19.0797Z"/>
      <EventRecordID>14963</EventRecordID>
      <Correlation/>
      <Execution ProcessID="1152" ThreadID="2304"/>
      <Channel>Security</Channel>
      <Computer>WORKSTATION-7.internal.corp</Computer>
      <Security/>
    </System>
    <EventData>
      <Data Name="Message">A handle to an object was requested.</Data>
      <Data Name="ObjectName">\Device\NamedPipe\CrypterControlPipe</Data><Data Name="ProcessName">C:\Program Files\CrypterService\crypter.exe</Data>
    </EventData>
  </Event>
  <Event xmlns="http://schemas.microsoft.com/win/2004/08/events/event">
    <System>
      <Provider Name="CrypterService" Guid="{A1B2C3D4-E5F6-7890-ABCD-EF1234567890}"/>
      <EventID>4102</EventID>
      <Version>1</Version>
      <Level>4</Level>
      <Task>2</Task>
      <Opcode>0</Opcode>
      <Keywords>0x8000000000000000</Keywords>
      <TimeCreated SystemTime="2026-02-10T19:40:32.8716Z"/>
      <EventRecordID>14964</EventRecordID>
      <Correlation ActivityID="{F7A823C1-4E5B-4D2A-9B8C-1A2B3C4D5E6F}"/>
      <Execution ProcessID="4812" ThreadID="3204"/>
      <Channel>Application</Channel>
      <Computer>WORKSTATION-7.internal.corp</Computer>
      <Security UserID="S-1-5-21-3623811015-3361044348-30300820-1013"/>
    </System>
    <EventData>
      <Data Name="ServiceName">CrypterService</Data>
      <Data Name="Operation">ConfigReload</Data>
      <Data Name="PeerEndpoint">auth-svc.internal.corp:9443</Data>
      <Data Name="SessionToken">446f9ac5f01b46719cc7f21d48739ec9</Data>
      <Data Name="NegotiationStatus">Completed</Data>
      <Data Name="Protocol">mTLS-P256</Data>
      <Data Name="Duration">67ms</Data>
    </EventData>
  </Event>
  <Event xmlns="http://schemas.microsoft.com/win/2004/08/events/event">
    <System>
      <Provider Name="Microsoft-Windows-Kernel-General"/>
      <EventID>16</EventID>
      <Version>0</Version>
      <Level>4</Level>
      <Task>0</Task>
      <Opcode>0</Opcode>
      <Keywords>0x8000000000000000</Keywords>
      <TimeCreated SystemTime="2026-02-10T19:45:45.6635Z"/>
      <EventRecordID>14965</EventRecordID>
      <Correlation/>
      <Execution ProcessID="4812" ThreadID="2320"/>
      <Channel>Application</Channel>
      <Computer>WORKSTATION-7.internal.corp</Computer>
      <Security/>
    </System>
    <EventData>
      <Data Name="Message">The access history in hive \SystemRoot\System32\config\SYSTEM was cleared.</Data>
    </EventData>
  </Event>
  <Event xmlns="http://schemas.microsoft.com/win/2004/08/events/event">
    <System>
      <Provider Name="Microsoft-Windows-Power-Troubleshooter"/>
      <EventID>1</EventID>
      <Version>0</Version>
      <Level>4</Level>
      <Task>0</Task>
      <Opcode>0</Opcode>
      <Keywords>0x8000000000000000</Keywords>
      <TimeCreated SystemTime="2026-02-10T19:50:58.4554Z"/>
      <EventRecordID>14966</EventRecordID>
      <Correlation/>
      <Execution ProcessID="1164" ThreadID="2328"/>
      <Channel>Application</Channel>
      <Computer>WORKSTATION-7.internal.corp</Computer>
      <Security/>
    </System>
    <EventData>
      <Data Name="Message">The system has resumed from sleep.</Data>
    </EventData>
  </Event>
  <Event xmlns="http://schemas.microsoft.com/win/2004/08/events/event">
    <System>
      <Provider Name="CrypterService" Guid="{A1B2C3D4-E5F6-7890-ABCD-EF1234567890}"/>
      <EventID>4103</EventID>
      <Version>1</Version>
      <Level>4</Level>
      <Task>2</Task>
      <Opcode>0</Opcode>
      <Keywords>0x8000000000000000</Keywords>
      <TimeCreated SystemTime="2026-02-10T19:55:11.2473Z"/>
      <EventRecordID>14967</EventRecordID>
      <Correlation ActivityID="{F7A823C1-4E5B-4D2A-9B8C-1A2B3C4D5E6F}"/>
      <Execution ProcessID="4812" ThreadID="3208"/>
      <Channel>Application</Channel>
      <Computer>WORKSTATION-7.internal.corp</Computer>
      <Security UserID="S-1-5-21-3623811015-3361044348-30300820-1013"/>
    </System>
    <EventData>
      <Data Name="ServiceName">CrypterService</Data>
      <Data Name="Operation">TokenRenewal</Data>
      <Data Name="PeerEndpoint">ca.pki.internal.corp:8200</Data>
      <Data Name="SessionToken">5782add8032e5984afda05305b86b1dc</Data>
      <Data Name="NegotiationStatus">Completed</Data>
      <Data Name="Protocol">TLS1.3-X25519</Data>
      <Data Name="Duration">74ms</Data>
    </EventData>
  </Event>
  <Event xmlns="http://schemas.microsoft.com/win/2004/08/events/event">
    <System>
      <Provider Name="Microsoft-Windows-UserModePowerService"/>
      <EventID>12</EventID>
      <Version>0</Version>
      <Level>4</Level>
      <Task>0</Task>
      <Opcode>0</Opcode>
      <Keywords>0x8000000000000000</Keywords>
      <TimeCreated SystemTime="2026-02-10T20:00:24.0392Z"/>
      <EventRecordID>14968</EventRecordID>
      <Correlation/>
      <Execution ProcessID="1172" ThreadID="2344"/>
      <Channel>Application</Channel>
      <Computer>WORKSTATION-7.internal.corp</Computer>
      <Security/>
    </System>
    <EventData>
      <Data Name="Message">Process 4812 (crypter.exe) has been registered for power notifications.</Data>
    </EventData>
  </Event>
  <Event xmlns="http://schemas.microsoft.com/win/2004/08/events/event">
    <System>
      <Provider Name="Microsoft-Windows-Kernel-General"/>
      <EventID>12</EventID>
      <Version>0</Version>
      <Level>4</Level>
      <Task>0</Task>
      <Opcode>0</Opcode>
      <Keywords>0x8000000000000000</Keywords>
      <TimeCreated SystemTime="2026-02-10T20:05:37.8311Z"/>
      <EventRecordID>14969</EventRecordID>
      <Correlation/>
      <Execution ProcessID="1176" ThreadID="2352"/>
      <Channel>Application</Channel>
      <Computer>WORKSTATION-7.internal.corp</Computer>
      <Security/>
    </System>
    <EventData>
      <Data Name="Message">The operating system started at system time 2026-02-10T06:12:03.5000000Z.</Data>
    </EventData>
  </Event>
  <Event xmlns="http://schemas.microsoft.com/win/2004/08/events/event">
    <System>
      <Provider Name="Microsoft-Windows-Kernel-Power"/>
      <EventID>109</EventID>
      <Version>0</Version>
      <Level>4</Level>
      <Task>0</Task>
      <Opcode>0</Opcode>
      <Keywords>0x8000000000000000</Keywords>
      <TimeCreated SystemTime="2026-02-10T20:10:50.6230Z"/>
      <EventRecordID>14970</EventRecordID>
      <Correlation/>
      <Execution ProcessID="4812" ThreadID="2360"/>
      <Channel>Application</Channel>
      <Computer>WORKSTATION-7.internal.corp</Computer>
      <Security/>
    </System>
    <EventData>
      <Data Name="Message">The kernel power manager has initiated a shutdown transition.</Data>
    </EventData>
  </Event>
  <Event xmlns="http://schemas.microsoft.com/win/2004/08/events/event">
    <System>
      <Provider Name="CrypterService" Guid="{A1B2C3D4-E5F6-7890-ABCD-EF1234567890}"/>
      <EventID>4101</EventID>
      <Version>1</Version>
      <Level>4</Level>
      <Task>2</Task>
      <Opcode>0</Opcode>
      <Keywords>0x8000000000000000</Keywords>
      <TimeCreated SystemTime="2026-02-10T20:15:03.4149Z"/>
      <EventRecordID>14971</EventRecordID>
      <Correlation ActivityID="{F7A823C1-4E5B-4D2A-9B8C-1A2B3C4D5E6F}"/>
      <Execution ProcessID="4812" ThreadID="3212"/>
      <Channel>Application</Channel>
      <Computer>WORKSTATION-7.internal.corp</Computer>
      <Security UserID="S-1-5-21-3623811015-3361044348-30300820-1013"/>
    </System>
    <EventData>
      <Data Name="ServiceName">CrypterService</Data>
      <Data Name="Operation">KeyDerivation</Data>
      <Data Name="PeerEndpoint">log-collector.internal.corp:5514</Data>
      <Data Name="SessionToken">6a95c0eb16416c97c2ed18436e99c4ef</Data>
      <Data Name="NegotiationStatus">Completed</Data>
      <Data Name="Protocol">mTLS-P384</Data>
      <Data Name="Duration">81ms</Data>
    </EventData>
  </Event>
  <Event xmlns="http://schemas.microsoft.com/win/2004/08/events/event">
    <System>
      <Provider Name="CrypterService" Guid="{A1B2C3D4-E5F6-7890-ABCD-EF1234567890}"/>
      <EventID>4104</EventID>
      <Version>1</Version>
      <Level>4</Level>
      <Task>2</Task>
      <Opcode>0</Opcode>
      <Keywords>0x8000000000000000</Keywords>
      <TimeCreated SystemTime="2026-02-10T20:20:16.2068Z"/>
      <EventRecordID>14972</EventRecordID>
      <Correlation ActivityID="{F7A823C1-4E5B-4D2A-9B8C-1A2B3C4D5E6F}"/>
      <Execution ProcessID="4812" ThreadID="3216"/>
      <Channel>Application</Channel>
      <Computer>WORKSTATION-7.internal.corp</Computer>
      <Security UserID="S-1-5-21-3623811015-3361044348-30300820-1013"/>
    </System>
    <EventData>
      <Data Name="ServiceName">CrypterService</Data>
      <Data Name="Operation">SessionInit</Data>
      <Data Name="PeerEndpoint">backup-vault.internal.corp:8200</Data>
      <Data Name="SessionToken">7da8d3fe29547faad5002b5681acd702</Data>
      <Data Name="NegotiationStatus">Renewed</Data>
      <Data Name="Protocol">TLS1.3-PSK</Data>
      <Data Name="Duration">88ms</Data>
    </EventData>
  </Event>
  <Event xmlns="http://schemas.microsoft.com/win/2004/08/events/event">
    <System>
      <Provider Name="Microsoft-Windows-Security-Auditing"/>
      <EventID>4624</EventID>
      <Version>0</Version>
      <Level>0</Level>
      <Task>0</Task>
      <Opcode>0</Opcode>
      <Keywords>0x8000000000000000</Keywords>
      <TimeCreated SystemTime="2026-02-10T20:25:29.9987Z"/>
      <EventRecordID>14973</EventRecordID>
      <Correlation/>
      <Execution ProcessID="1192" ThreadID="2384"/>
      <Channel>Security</Channel>
      <Computer>WORKSTATION-7.internal.corp</Computer>
      <Security/>
    </System>
    <EventData>
      <Data Name="Message">An account was successfully logged on.</Data>
      <Data Name="TargetUserName">svc_crypter</Data><Data Name="LogonType">5</Data><Data Name="IpAddress">-</Data>
    </EventData>
  </Event>
  <Event xmlns="http://schemas.microsoft.com/win/2004/08/events/event">
    <System>
      <Provider Name="Microsoft-Windows-Security-Auditing"/>
      <EventID>4672</EventID>
      <Version>0</Version>
      <Level>0</Level>
      <Task>0</Task>
      <Opcode>0</Opcode>
      <Keywords>0x8000000000000000</Keywords>
      <TimeCreated SystemTime="2026-02-10T20:30:42.7906Z"/>
      <EventRecordID>14974</EventRecordID>
      <Correlation/>
      <Execution ProcessID="1196" ThreadID="2392"/>
      <Channel>Security</Channel>
      <Computer>WORKSTATION-7.internal.corp</Computer>
      <Security/>
    </System>
    <EventData>
      <Data Name="Message">Special privileges assigned to new logon.</Data>
      <Data Name="SubjectUserName">svc_crypter</Data><Data Name="PrivilegeList">SeImpersonatePrivilege</Data>
    </EventData>
  </Event>
  <Event xmlns="http://schemas.microsoft.com/win/2004/08/events/event">
    <System>
      <Provider Name="Service Control Manager"/>
      <EventID>7036</EventID>
      <Version>0</Version>
      <Level>4</Level>
      <Task>0</Task>
      <Opcode>0</Opcode>
      <Keywords>0x8000000000000000</Keywords>
      <TimeCreated SystemTime="2026-02-10T20:35:55.5825Z"/>
      <EventRecordID>14975</EventRecordID>
      <Correlation/>
      <Execution ProcessID="4812" ThreadID="2400"/>
      <Channel>Application</Channel>
      <Computer>WORKSTATION-7.internal.corp</Computer>
      <Security/>
    </System>
    <EventData>
      <Data Name="Message">The CrypterService service entered the running state.</Data>
    </EventData>
  </Event>
  <Event xmlns="http://schemas.microsoft.com/win/2004/08/events/event">
    <System>
      <Provider Name="Service Control Manager"/>
      <EventID>7040</EventID>
      <Version>0</Version>
      <Level>4</Level>
      <Task>0</Task>
      <Opcode>0</Opcode>
      <Keywords>0x8000000000000000</Keywords>
      <TimeCreated SystemTime="2026-02-10T20:40:08.3744Z"/>
      <EventRecordID>14976</EventRecordID>
      <Correlation/>
      <Execution ProcessID="4920" ThreadID="2408"/>
      <Channel>Application</Channel>
      <Computer>WORKSTATION-7.internal.corp</Computer>
      <Security/>
    </System>
    <EventData>
      <Data Name="Message">The start type of BITS was changed from auto to demand start.</Data>
    </EventData>
  </Event>
  <Event xmlns="http://schemas.microsoft.com/win/2004/08/events/event">
    <System>
      <Provider Name="CrypterService" Guid="{A1B2C3D4-E5F6-7890-ABCD-EF1234567890}"/>
      <EventID>4100</EventID>
      <Version>1</Version>
      <Level>4</Level>
      <Task>2</Task>
      <Opcode>0</Opcode>
      <Keywords>0x8000000000000000</Keywords>
      <TimeCreated SystemTime="2026-02-10T20:45:21.1663Z"/>
      <EventRecordID>14977</EventRecordID>
      <Correlation ActivityID="{F7A823C1-4E5B-4D2A-9B8C-1A2B3C4D5E6F}"/>
      <Execution ProcessID="4812" ThreadID="3220"/>
      <Channel>Application</Channel>
      <Computer>WORKSTATION-7.internal.corp</Computer>
      <Security UserID="S-1-5-21-3623811015-3361044348-30300820-1013"/>
    </System>
    <EventData>
      <Data Name="ServiceName">CrypterService</Data>
      <Data Name="Operation">CertValidation</Data>
      <Data Name="PeerEndpoint">hsm-proxy.internal.corp:9090</Data>
      <Data Name="SessionToken">90bbe6113c6792bde8133e6994bfea15</Data>
      <Data Name="NegotiationStatus">Failed</Data>
      <Data Name="Protocol">TLS1.3-ECDHE</Data>
      <Data Name="Duration">95ms</Data>
    </EventData>
  </Event>
  <Event xmlns="http://schemas.microsoft.com/win/2004/08/events/event">
    <System>
      <Provider Name="CrypterService" Guid="{A1B2C3D4-E5F6-7890-ABCD-EF1234567890}"/>
      <EventID>4101</EventID>
      <Version>1</Version>
      <Level>4</Level>
      <Task>2</Task>
      <Opcode>0</Opcode>
      <Keywords>0x8000000000000000</Keywords>
      <TimeCreated SystemTime="2026-02-10T20:50:34.9582Z"/>
      <EventRecordID>14978</EventRecordID>
      <Correlation ActivityID="{F7A823C1-4E5B-4D2A-9B8C-1A2B3C4D5E6F}"/>
      <Execution ProcessID="4812" ThreadID="3224"/>
      <Channel>Application</Channel>
      <Computer>WORKSTATION-7.internal.corp</Computer>
      <Security UserID="S-1-5-21-3623811015-3361044348-30300820-1013"/>
    </System>
    <EventData>
      <Data Name="ServiceName">CrypterService</Data>
      <Data Name="Operation">PolicySync</Data>
      <Data Name="PeerEndpoint">vault-primary.internal.corp:8200</Data>
      <Data Name="SessionToken">a3cef9244f7aa5d0fb26517ca7d2fd28</Data>
      <Data Name="NegotiationStatus">Timeout</Data>
      <Data Name="Protocol">TLS1.2-RSA</Data>
      <Data Name="Duration">102ms</Data>
    </EventData>
  </Event>
  <Event xmlns="http://schemas.microsoft.com/win/2004/08/events/event">
    <System>
      <Provider Name="Microsoft-Windows-DNS-Client"/>
      <EventID>3008</EventID>
      <Version>0</Version>
      <Level>4</Level>
      <Task>0</Task>
      <Opcode>0</Opcode>
      <Keywords>0x8000000000000000</Keywords>
      <TimeCreated SystemTime="2026-02-10T20:55:47.7501Z"/>
      <EventRecordID>14979</EventRecordID>
      <Correlation/>
      <Execution ProcessID="1216" ThreadID="2432"/>
      <Channel>Application</Channel>
      <Computer>WORKSTATION-7.internal.corp</Computer>
      <Security/>
    </System>
    <EventData>
      <Data Name="Message">DNS query completed for vault-primary.internal.corp type AAAA.</Data>
    </EventData>
  </Event>
  <Event xmlns="http://schemas.microsoft.com/win/2004/08/events/event">
    <System>
      <Provider Name="Microsoft-Windows-DNS-Client"/>
      <EventID>3008</EventID>
      <Version>0</Version>
      <Level>4</Level>
      <Task>0</Task>
      <Opcode>0</Opcode>
      <Keywords>0x8000000000000000</Keywords>
      <TimeCreated SystemTime="2026-02-10T21:00:00.5420Z"/>
      <EventRecordID>14980</EventRecordID>
      <Correlation/>
      <Execution ProcessID="4812" ThreadID="2440"/>
      <Channel>Application</Channel>
      <Computer>WORKSTATION-7.internal.corp</Computer>
      <Security/>
    </System>
    <EventData>
      <Data Name="Message">DNS query completed for auth-svc.internal.corp type A.</Data>
    </EventData>
  </Event>
  <Event xmlns="http://schemas.microsoft.com/win/2004/08/events/event">
    <System>
      <Provider Name="Microsoft-Windows-DNS-Client"/>
      <EventID>3008</EventID>
      <Version>0</Version>
      <Level>4</Level>
      <Task>0</Task>
      <Opcode>0</Opcode>
      <Keywords>0x8000000000000000</Keywords>
      <TimeCreated SystemTime="2026-02-10T21:05:13.3339Z"/>
      <EventRecordID>14981</EventRecordID>
      <Correlation/>
      <Execution ProcessID="1224" ThreadID="2448"/>
      <Channel>Application</Channel>
      <Computer>WORKSTATION-7.internal.corp</Computer>
      <Security/>
    </System>
    <EventData>
      <Data Name="Message">DNS query completed for kms.internal.corp type A.</Data>
    </EventData>
  </Event>
  <Event xmlns="http://schemas.microsoft.com/win/2004/08/events/event">
    <System>
      <Provider Name="CrypterService" Guid="{A1B2C3D4-E5F6-7890-ABCD-EF1234567890}"/>
      <EventID>4103</EventID>
      <Version>1</Version>
      <Level>4</Level>
      <Task>2</Task>
      <Opcode>0</Opcode>
      <Keywords>0x8000000000000000</Keywords>
      <TimeCreated SystemTime="2026-02-10T21:10:26.1258Z"/>
      <EventRecordID>14982</EventRecordID>
      <Correlation ActivityID="{F7A823C1-4E5B-4D2A-9B8C-1A2B3C4D5E6F}"/>
      <Execution ProcessID="4812" ThreadID="3228"/>
      <Channel>Application</Channel>
      <Computer>WORKSTATION-7.internal.corp</Computer>
      <Security UserID="S-1-5-21-3623811015-3361044348-30300820-1013"/>
    </System>
    <EventData>
      <Data Name="ServiceName">CrypterService</Data>
      <Data Name="Operation">AuditFlush</Data>
      <Data Name="PeerEndpoint">vault-replica.internal.corp:8200</Data>
      <Data Name="SessionToken">b6e10c37628db8e30e39648fbae5103b</Data>
      <Data Name="NegotiationStatus">Retrying</Data>
      <Data Name="Protocol">mTLS-P256</Data>
      <Data Name="Duration">109ms</Data>
    </EventData>
  </Event>
  <Event xmlns="http://schemas.microsoft.com/win/2004/08/events/event">
    <System>
      <Provider Name="Microsoft-Windows-DNS-Client"/>
      <EventID>3008</EventID>
      <Version>0</Version>
      <Level>4</Level>
      <Task>0</Task>
      <Opcode>0</Opcode>
      <Keywords>0x8000000000000000</Keywords>
      <TimeCreated SystemTime="2026-02-10T21:15:39.9177Z"/>
      <EventRecordID>14983</EventRecordID>
      <Correlation/>
      <Execution ProcessID="1232" ThreadID="2464"/>
      <Channel>Application</Channel>
      <Computer>WORKSTATION-7.internal.corp</Computer>
      <Security/>
    </System>
    <EventData>
      <Data Name="Message">DNS query completed for log-collector.internal.corp type A.</Data>
    </EventData>
  </Event>
  <Event xmlns="http://schemas.microsoft.com/win/2004/08/events/event">
    <System>
      <Provider Name="Microsoft-Windows-DNS-Client"/>
      <EventID>3008</EventID>
      <Version>0</Version>
      <Level>4</Level>
      <Task>0</Task>
      <Opcode>0</Opcode>
      <Keywords>0x8000000000000000</Keywords>
      <TimeCreated SystemTime="2026-02-10T21:20:52.7096Z"/>
      <EventRecordID>14984</EventRecordID>
      <Correlation/>
      <Execution ProcessID="1236" ThreadID="2472"/>
      <Channel>Application</Channel>
      <Computer>WORKSTATION-7.internal.corp</Computer>
      <Security/>
    </System>
    <EventData>
      <Data Name="Message">DNS query completed for ca.pki.internal.corp type A.</Data>
    </EventData>
  </Event>
  <Event xmlns="http://schemas.microsoft.com/win/2004/08/events/event">
    <System>
      <Provider Name="CrypterService" Guid="{A1B2C3D4-E5F6-7890-ABCD-EF1234567890}"/>
      <EventID>4101</EventID>
      <Version>1</Version>
      <Level>4</Level>
      <Task>2</Task>
      <Opcode>0</Opcode>
      <Keywords>0x8000000000000000</Keywords>
      <TimeCreated SystemTime="2026-02-10T21:25:05.5015Z"/>
      <EventRecordID>14985</EventRecordID>
      <Correlation ActivityID="{F7A823C1-4E5B-4D2A-9B8C-1A2B3C4D5E6F}"/>
      <Execution ProcessID="4812" ThreadID="3232"/>
      <Channel>Application</Channel>
      <Computer>WORKSTATION-7.internal.corp</Computer>
      <Security UserID="S-1-5-21-3623811015-3361044348-30300820-1013"/>
    </System>
    <EventData>
      <Data Name="ServiceName">CrypterService</Data>
      <Data Name="Operation">HSMPing</Data>
      <Data Name="PeerEndpoint">kms.internal.corp:8443</Data>
      <Data Name="SessionToken">c9f41f4a75a0cbf6214c77a2cdf8234e</Data>
      <Data Name="NegotiationStatus">Completed</Data>
      <Data Name="Protocol">TLS1.3-X25519</Data>
      <Data Name="Duration">116ms</Data>
    </EventData>
  </Event>
  <Event xmlns="http://schemas.microsoft.com/win/2004/08/events/event">
    <System>
      <Provider Name="Microsoft-Windows-DNS-Client"/>
      <EventID>3008</EventID>
      <Version>0</Version>
      <Level>4</Level>
      <Task>0</Task>
      <Opcode>0</Opcode>
      <Keywords>0x8000000000000000</Keywords>
      <TimeCreated SystemTime="2026-02-10T21:30:18.2934Z"/>
      <EventRecordID>14986</EventRecordID>
      <Correlation/>
      <Execution ProcessID="1244" ThreadID="2488"/>
      <Channel>Application</Channel>
      <Computer>WORKSTATION-7.internal.corp</Computer>
      <Security/>
    </System>
    <EventData>
      <Data Name="Message">DNS query completed for siem-ingest.internal.corp type A.</Data>
    </EventData>
  </Event>
  <Event xmlns="http://schemas.microsoft.com/win/2004/08/events/event">
    <System>
      <Provider Name="CrypterService" Guid="{A1B2C3D4-E5F6-7890-ABCD-EF1234567890}"/>
      <EventID>4102</EventID>
      <Version>1</Version>
      <Level>4</Level>
      <Task>2</Task>
      <Opcode>0</Opcode>
      <Keywords>0x8000000000000000</Keywords>
      <TimeCreated SystemTime="2026-02-10T21:35:31.0853Z"/>
      <EventRecordID>14987</EventRecordID>
      <Correlation ActivityID="{F7A823C1-4E5B-4D2A-9B8C-1A2B3C4D5E6F}"/>
      <Execution ProcessID="4812" ThreadID="3236"/>
      <Channel>Application</Channel>
      <Computer>WORKSTATION-7.internal.corp</Computer>
      <Security UserID="S-1-5-21-3623811015-3361044348-30300820-1013"/>
    </System>
    <EventData>
      <Data Name="ServiceName">CrypterService</Data>
      <Data Name="Operation">BackupTrigger</Data>
      <Data Name="PeerEndpoint">auth-svc.internal.corp:9443</Data>
      <Data Name="SessionToken">dc07325d88b3de09345f8ab5e00b3661</Data>
      <Data Name="NegotiationStatus">Completed</Data>
      <Data Name="Protocol">mTLS-P384</Data>
      <Data Name="Duration">123ms</Data>
    </EventData>
  </Event>
  <Event xmlns="http://schemas.microsoft.com/win/2004/08/events/event">
    <System>
      <Provider Name="DCOM"/>
      <EventID>10016</EventID>
      <Version>0</Version>
      <Level>3</Level>
      <Task>0</Task>
      <Opcode>0</Opcode>
      <Keywords>0x8000000000000000</Keywords>
      <TimeCreated SystemTime="2026-02-10T21:40:44.8772Z"/>
      <EventRecordID>14988</EventRecordID>
      <Correlation/>
      <Execution ProcessID="1252" ThreadID="2504"/>
      <Channel>Application</Channel>
      <Computer>WORKSTATION-7.internal.corp</Computer>
      <Security/>
    </System>
    <EventData>
      <Data Name="Message">The application-specific permission settings do not grant Local Activation.</Data>
    </EventData>
  </Event>
  <Event xmlns="http://schemas.microsoft.com/win/2004/08/events/event">
    <System>
      <Provider Name="Microsoft-Windows-WindowsUpdateClient"/>
      <EventID>19</EventID>
      <Version>0</Version>
      <Level>4</Level>
      <Task>0</Task>
      <Opcode>0</Opcode>
      <Keywords>0x8000000000000000</Keywords>
      <TimeCreated SystemTime="2026-02-10T21:45:57.6691Z"/>
      <EventRecordID>14989</EventRecordID>
      <Correlation/>
      <Execution ProcessID="1256" ThreadID="2512"/>
      <Channel>Application</Channel>
      <Computer>WORKSTATION-7.internal.corp</Computer>
      <Security/>
    </System>
    <EventData>
      <Data Name="Message">Windows successfully installed update: Security Update (KB5034441)</Data>
    </EventData>
  </Event>
  <Event xmlns="http://schemas.microsoft.com/win/2004/08/events/event">
    <System>
      <Provider Name="Microsoft-Windows-WindowsUpdateClient"/>
      <EventID>19</EventID>
      <Version>0</Version>
      <Level>4</Level>
      <Task>0</Task>
      <Opcode>0</Opcode>
      <Keywords>0x8000000000000000</Keywords>
      <TimeCreated SystemTime="2026-02-10T21:50:10.4610Z"/>
      <EventRecordID>14990</EventRecordID>
      <Correlation/>
      <Execution ProcessID="4812" ThreadID="2520"/>
      <Channel>Application</Channel>
      <Computer>WORKSTATION-7.internal.corp</Computer>
      <Security/>
    </System>
    <EventData>
      <Data Name="Message">Windows successfully installed update: Cumulative Update (KB5035853)</Data>
    </EventData>
  </Event>
  <Event xmlns="http://schemas.microsoft.com/win/2004/08/events/event">
    <System>
      <Provider Name="Microsoft-Windows-WindowsUpdateClient"/>
      <EventID>19</EventID>
      <Version>0</Version>
      <Level>4</Level>
      <Task>0</Task>
      <Opcode>0</Opcode>
      <Keywords>0x8000000000000000</Keywords>
      <TimeCreated SystemTime="2026-02-10T21:55:23.2529Z"/>
      <EventRecordID>14991</EventRecordID>
      <Correlation/>
      <Execution ProcessID="1264" ThreadID="2528"/>
      <Channel>Application</Channel>
      <Computer>WORKSTATION-7.internal.corp</Computer>
      <Security/>
    </System>
    <EventData>
      <Data Name="Message">Windows successfully installed update: .NET Update (KB5036620)</Data>
    </EventData>
  </Event>
  <Event xmlns="http://schemas.microsoft.com/win/2004/08/events/event">
    <System>
      <Provider Name="CrypterService" Guid="{A1B2C3D4-E5F6-7890-ABCD-EF1234567890}"/>
      <EventID>4100</EventID>
      <Version>1</Version>
      <Level>4</Level>
      <Task>2</Task>
      <Opcode>0</Opcode>
      <Keywords>0x8000000000000000</Keywords>
      <TimeCreated SystemTime="2026-02-10T22:00:36.0448Z"/>
      <EventRecordID>14992</EventRecordID>
      <Correlation ActivityID="{F7A823C1-4E5B-4D2A-9B8C-1A2B3C4D5E6F}"/>
      <Execution ProcessID="4812" ThreadID="3240"/>
      <Channel>Application</Channel>
      <Computer>WORKSTATION-7.internal.corp</Computer>
      <Security UserID="S-1-5-21-3623811015-3361044348-30300820-1013"/>
    </System>
    <EventData>
      <Data Name="ServiceName">CrypterService</Data>
      <Data Name="Operation">KeyNegotiation</Data>
      <Data Name="PeerEndpoint">ca.pki.internal.corp:8200</Data>
      <Data Name="SessionToken">ef1a45709bc6f11c47729dc8f31e4974</Data>
      <Data Name="NegotiationStatus">Completed</Data>
      <Data Name="Protocol">TLS1.3-PSK</Data>
      <Data Name="Duration">130ms</Data>
    </EventData>
  </Event>
  <Event xmlns="http://schemas.microsoft.com/win/2004/08/events/event">
    <System>
      <Provider Name="Microsoft-Windows-Security-Auditing"/>
      <EventID>4688</EventID>
      <Version>0</Version>
      <Level>0</Level>
      <Task>0</Task>
      <Opcode>0</Opcode>
      <Keywords>0x8000000000000000</Keywords>
      <TimeCreated SystemTime="2026-02-10T22:05:49.8367Z"/>
      <EventRecordID>14993</EventRecordID>
      <Correlation/>
      <Execution ProcessID="1272" ThreadID="2544"/>
      <Channel>Security</Channel>
      <Computer>WORKSTATION-7.internal.corp</Computer>
      <Security/>
    </System>
    <EventData>
      <Data Name="Message">A new process has been created.</Data>
      <Data Name="NewProcessName">C:\Windows\System32\svchost.exe</Data><Data Name="ParentProcessName">C:\Windows\System32\services.exe</Data>
    </EventData>
  </Event>
  <Event xmlns="http://schemas.microsoft.com/win/2004/08/events/event">
    <System>
      <Provider Name="Microsoft-Windows-Security-Auditing"/>
      <EventID>4688</EventID>
      <Version>0</Version>
      <Level>0</Level>
      <Task>0</Task>
      <Opcode>0</Opcode>
      <Keywords>0x8000000000000000</Keywords>
      <TimeCreated SystemTime="2026-02-10T22:10:02.6286Z"/>
      <EventRecordID>14994</EventRecordID>
      <Correlation/>
      <Execution ProcessID="1276" ThreadID="2552"/>
      <Channel>Security</Channel>
      <Computer>WORKSTATION-7.internal.corp</Computer>
      <Security/>
    </System>
    <EventData>
      <Data Name="Message">A new process has been created.</Data>
      <Data Name="NewProcessName">C:\Program Files\CrypterService\crypter.exe</Data><Data Name="ParentProcessName">C:\Windows\System32\services.exe</Data><Data Name="CommandLine">crypter.exe --config config.dat --mode production</Data>
    </EventData>
  </Event>
  <Event xmlns="http://schemas.microsoft.com/win/2004/08/events/event">
    <System>
      <Provider Name="Microsoft-Windows-Security-Auditing"/>
      <EventID>4688</EventID>
      <Version>0</Version>
      <Level>0</Level>
      <Task>0</Task>
      <Opcode>0</Opcode>
      <Keywords>0x8000000000000000</Keywords>
      <TimeCreated SystemTime="2026-02-10T22:15:15.4205Z"/>
      <EventRecordID>14995</EventRecordID>
      <Correlation/>
      <Execution ProcessID="4812" ThreadID="2560"/>
      <Channel>Security</Channel>
      <Computer>WORKSTATION-7.internal.corp</Computer>
      <Security/>
    </System>
    <EventData>
      <Data Name="Message">A new process has been created.</Data>
      <Data Name="NewProcessName">C:\Program Files\CrypterService\epoch_svc.exe</Data><Data Name="ParentProcessName">C:\Windows\System32\services.exe</Data>
    </EventData>
  </Event>
  <Event xmlns="http://schemas.microsoft.com/win/2004/08/events/event">
    <System>
      <Provider Name="Microsoft-Windows-Security-Auditing"/>
      <EventID>4688</EventID>
      <Version>0</Version>
      <Level>0</Level>
      <Task>0</Task>
      <Opcode>0</Opcode>
      <Keywords>0x8000000000000000</Keywords>
      <TimeCreated SystemTime="2026-02-10T22:20:28.2124Z"/>
      <EventRecordID>14996</EventRecordID>
      <Correlation/>
      <Execution ProcessID="1284" ThreadID="2568"/>
      <Channel>Security</Channel>
      <Computer>WORKSTATION-7.internal.corp</Computer>
      <Security/>
    </System>
    <EventData>
      <Data Name="Message">A new process has been created.</Data>
      <Data Name="NewProcessName">C:\Program Files\CrypterService\key_rotator.exe</Data><Data Name="ParentProcessName">C:\Windows\System32\services.exe</Data>
    </EventData>
  </Event>
  <Event xmlns="http://schemas.microsoft.com/win/2004/08/events/event">
    <System>
      <Provider Name="CrypterService" Guid="{A1B2C3D4-E5F6-7890-ABCD-EF1234567890}"/>
      <EventID>4101</EventID>
      <Version>1</Version>
      <Level>4</Level>
      <Task>2</Task>
      <Opcode>0</Opcode>
      <Keywords>0x8000000000000000</Keywords>
      <TimeCreated SystemTime="2026-02-10T22:25:41.0043Z"/>
      <EventRecordID>14997</EventRecordID>
      <Correlation ActivityID="{F7A823C1-4E5B-4D2A-9B8C-1A2B3C4D5E6F}"/>
      <Execution ProcessID="4812" ThreadID="3244"/>
      <Channel>Application</Channel>
      <Computer>WORKSTATION-7.internal.corp</Computer>
      <Security UserID="S-1-5-21-3623811015-3361044348-30300820-1013"/>
    </System>
    <EventData>
      <Data Name="ServiceName">CrypterService</Data>
      <Data Name="Operation">KeyRotation</Data>
      <Data Name="PeerEndpoint">log-collector.internal.corp:5514</Data>
      <Data Name="SessionToken">022d5883aed9042f5a85b0db06315c87</Data>
      <Data Name="NegotiationStatus">Completed</Data>
      <Data Name="Protocol">TLS1.3-ECDHE</Data>
      <Data Name="Duration">137ms</Data>
    </EventData>
  </Event>
  <Event xmlns="http://schemas.microsoft.com/win/2004/08/events/event">
    <System>
      <Provider Name="Microsoft-Windows-Security-Auditing"/>
      <EventID>4688</EventID>
      <Version>0</Version>
      <Level>0</Level>
      <Task>0</Task>
      <Opcode>0</Opcode>
      <Keywords>0x8000000000000000</Keywords>
      <TimeCreated SystemTime="2026-02-10T22:30:54.7962Z"/>
      <EventRecordID>14998</EventRecordID>
      <Correlation/>
      <Execution ProcessID="4920" ThreadID="2584"/>
      <Channel>Security</Channel>
      <Computer>WORKSTATION-7.internal.corp</Computer>
      <Security/>
    </System>
    <EventData>
      <Data Name="Message">A new process has been created.</Data>
      <Data Name="NewProcessName">C:\Windows\System32\taskhostw.exe</Data><Data Name="ParentProcessName">C:\Windows\System32\svchost.exe</Data>
    </EventData>
  </Event>
  <Event xmlns="http://schemas.microsoft.com/win/2004/08/events/event">
    <System>
      <Provider Name="CrypterService" Guid="{A1B2C3D4-E5F6-7890-ABCD-EF1234567890}"/>
      <EventID>4101</EventID>
      <Version>1</Version>
      <Level>4</Level>
      <Task>2</Task>
      <Opcode>0</Opcode>
      <Keywords>0x8000000000000000</Keywords>
      <TimeCreated SystemTime="2026-02-10T22:35:07.5881Z"/>
      <EventRecordID>14999</EventRecordID>
      <Correlation ActivityID="{F7A823C1-4E5B-4D2A-9B8C-1A2B3C4D5E6F}"/>
      <Execution ProcessID="4812" ThreadID="3248"/>
      <Channel>Application</Channel>
      <Computer>WORKSTATION-7.internal.corp</Computer>
      <Security UserID="S-1-5-21-3623811015-3361044348-30300820-1013"/>
    </System>
    <EventData>
      <Data Name="ServiceName">CrypterService</Data>
      <Data Name="Operation">Heartbeat</Data>
      <Data Name="PeerEndpoint">backup-vault.internal.corp:8200</Data>
      <Data Name="SessionToken">15406b96c1ec17426d98c3ee19446f9a</Data>
      <Data Name="NegotiationStatus">Completed</Data>
      <Data Name="Protocol">TLS1.2-RSA</Data>
      <Data Name="Duration">144ms</Data>
    </EventData>
  </Event>
  <Event xmlns="http://schemas.microsoft.com/win/2004/08/events/event">
    <System>
      <Provider Name="Microsoft-Windows-Security-Auditing"/>
      <EventID>5156</EventID>
      <Version>0</Version>
      <Level>0</Level>
      <Task>0</Task>
      <Opcode>0</Opcode>
      <Keywords>0x8000000000000000</Keywords>
      <TimeCreated SystemTime="2026-02-10T22:40:20.3800Z"/>
      <EventRecordID>15000</EventRecordID>
      <Correlation/>
      <Execution ProcessID="4812" ThreadID="2600"/>
      <Channel>Security</Channel>
      <Computer>WORKSTATION-7.internal.corp</Computer>
      <Security/>
    </System>
    <EventData>
      <Data Name="Message">WFP has permitted a connection.</Data>
      <Data Name="Application">\device\harddiskvolume3\program files\crypterservice\crypter.exe</Data><Data Name="Direction">Outbound</Data><Data Name="DestAddress">10.0.1.15</Data><Data Name="DestPort">8200</Data>
    </EventData>
  </Event>
  <Event xmlns="http://schemas.microsoft.com/win/2004/08/events/event">
    <System>
      <Provider Name="Microsoft-Windows-Security-Auditing"/>
      <EventID>5156</EventID>
      <Version>0</Version>
      <Level>0</Level>
      <Task>0</Task>
      <Opcode>0</Opcode>
      <Keywords>0x8000000000000000</Keywords>
      <TimeCreated SystemTime="2026-02-10T22:45:33.1719Z"/>
      <EventRecordID>15001</EventRecordID>
      <Correlation/>
      <Execution ProcessID="1304" ThreadID="2608"/>
      <Channel>Security</Channel>
      <Computer>WORKSTATION-7.internal.corp</Computer>
      <Security/>
    </System>
    <EventData>
      <Data Name="Message">WFP has permitted a connection.</Data>
      <Data Name="Application">\device\harddiskvolume3\program files\crypterservice\crypter.exe</Data><Data Name="Direction">Outbound</Data><Data Name="DestAddress">10.0.2.30</Data><Data Name="DestPort">8443</Data>
    </EventData>
  </Event>
  <Event xmlns="http://schemas.microsoft.com/win/2004/08/events/event">
    <System>
      <Provider Name="CrypterService" Guid="{A1B2C3D4-E5F6-7890-ABCD-EF1234567890}"/>
      <EventID>4102</EventID>
      <Version>1</Version>
      <Level>4</Level>
      <Task>2</Task>
      <Opcode>0</Opcode>
      <Keywords>0x8000000000000000</Keywords>
      <TimeCreated SystemTime="2026-02-10T22:50:46.9638Z"/>
      <EventRecordID>15002</EventRecordID>
      <Correlation ActivityID="{F7A823C1-4E5B-4D2A-9B8C-1A2B3C4D5E6F}"/>
      <Execution ProcessID="4812" ThreadID="3252"/>
      <Channel>Application</Channel>
      <Computer>WORKSTATION-7.internal.corp</Computer>
      <Security UserID="S-1-5-21-3623811015-3361044348-30300820-1013"/>
    </System>
    <EventData>
      <Data Name="ServiceName">CrypterService</Data>
      <Data Name="Operation">ConfigReload</Data>
      <Data Name="PeerEndpoint">hsm-proxy.internal.corp:9090</Data>
      <Data Name="SessionToken">28537ea9d4ff2a5580abd6012c5782ad</Data>
      <Data Name="NegotiationStatus">Completed</Data>
      <Data Name="Protocol">mTLS-P256</Data>
      <Data Name="Duration">151ms</Data>
    </EventData>
  </Event>
  <Event xmlns="http://schemas.microsoft.com/win/2004/08/events/event">
    <System>
      <Provider Name="Microsoft-Windows-Security-Auditing"/>
      <EventID>5156</EventID>
      <Version>0</Version>
      <Level>0</Level>
      <Task>0</Task>
      <Opcode>0</Opcode>
      <Keywords>0x8000000000000000</Keywords>
      <TimeCreated SystemTime="2026-02-10T22:55:59.7557Z"/>
      <EventRecordID>15003</EventRecordID>
      <Correlation/>
      <Execution ProcessID="1312" ThreadID="2624"/>
      <Channel>Security</Channel>
      <Computer>WORKSTATION-7.internal.corp</Computer>
      <Security/>
    </System>
    <EventData>
      <Data Name="Message">WFP has permitted a connection.</Data>
      <Data Name="Application">\device\harddiskvolume3\program files\crypterservice\epoch_svc.exe</Data><Data Name="Direction">Outbound</Data><Data Name="DestAddress">10.0.3.10</Data><Data Name="DestPort">123</Data>
    </EventData>
  </Event>
  <Event xmlns="http://schemas.microsoft.com/win/2004/08/events/event">
    <System>
      <Provider Name="Microsoft-Windows-Schannel"/>
      <EventID>36880</EventID>
      <Version>0</Version>
      <Level>4</Level>
      <Task>0</Task>
      <Opcode>0</Opcode>
      <Keywords>0x8000000000000000</Keywords>
      <TimeCreated SystemTime="2026-02-10T23:00:12.5476Z"/>
      <EventRecordID>15004</EventRecordID>
      <Correlation/>
      <Execution ProcessID="1316" ThreadID="2632"/>
      <Channel>Application</Channel>
      <Computer>WORKSTATION-7.internal.corp</Computer>
      <Security/>
    </System>
    <EventData>
      <Data Name="Message">TLS 1.3 handshake completed. Cipher suite: TLS_AES_256_GCM_SHA384.</Data>
    </EventData>
  </Event>
  <Event xmlns="http://schemas.microsoft.com/win/2004/08/events/event">
    <System>
      <Provider Name="Microsoft-Windows-Schannel"/>
      <EventID>36880</EventID>
      <Version>0</Version>
      <Level>4</Level>
      <Task>0</Task>
      <Opcode>0</Opcode>
      <Keywords>0x8000000000000000</Keywords>
      <TimeCreated SystemTime="2026-02-10T23:05:25.3395Z"/>
      <EventRecordID>15005</EventRecordID>
      <Correlation/>
      <Execution ProcessID="4812" ThreadID="2640"/>
      <Channel>Application</Channel>
      <Computer>WORKSTATION-7.internal.corp</Computer>
      <Security/>
    </System>
    <EventData>
      <Data Name="Message">TLS 1.2 handshake completed. Cipher: TLS_ECDHE_RSA_WITH_AES_256_GCM_SHA384.</Data>
    </EventData>
  </Event>
  <Event xmlns="http://schemas.microsoft.com/win/2004/08/events/event">
    <System>
      <Provider Name="CrypterService" Guid="{A1B2C3D4-E5F6-7890-ABCD-EF1234567890}"/>
      <EventID>4103</EventID>
      <Version>1</Version>
      <Level>4</Level>
      <Task>2</Task>
      <Opcode>0</Opcode>
      <Keywords>0x8000000000000000</Keywords>
      <TimeCreated SystemTime="2026-02-10T23:10:38.1314Z"/>
      <EventRecordID>15006</EventRecordID>
      <Correlation ActivityID="{F7A823C1-4E5B-4D2A-9B8C-1A2B3C4D5E6F}"/>
      <Execution ProcessID="4812" ThreadID="3256"/>
      <Channel>Application</Channel>
      <Computer>WORKSTATION-7.internal.corp</Computer>
      <Security UserID="S-1-5-21-3623811015-3361044348-30300820-1013"/>
    </System>
    <EventData>
      <Data Name="ServiceName">CrypterService</Data>
      <Data Name="Operation">TokenRenewal</Data>
      <Data Name="PeerEndpoint">vault-primary.internal.corp:8200</Data>
      <Data Name="SessionToken">3b6691bce7123d6893bee9143f6a95c0</Data>
      <Data Name="NegotiationStatus">Completed</Data>
      <Data Name="Protocol">TLS1.3-X25519</Data>
      <Data Name="Duration">158ms</Data>
    </EventData>
  </Event>
  <Event xmlns="http://schemas.microsoft.com/win/2004/08/events/event">
    <System>
      <Provider Name="CrypterService" Guid="{A1B2C3D4-E5F6-7890-ABCD-EF1234567890}"/>
      <EventID>4101</EventID>
      <Version>1</Version>
      <Level>4</Level>
      <Task>2</Task>
      <Opcode>0</Opcode>
      <Keywords>0x8000000000000000</Keywords>
      <TimeCreated SystemTime="2026-02-10T23:15:51.9233Z"/>
      <EventRecordID>15007</EventRecordID>
      <Correlation ActivityID="{F7A823C1-4E5B-4D2A-9B8C-1A2B3C4D5E6F}"/>
      <Execution ProcessID="4812" ThreadID="3260"/>
      <Channel>Application</Channel>
      <Computer>WORKSTATION-7.internal.corp</Computer>
      <Security UserID="S-1-5-21-3623811015-3361044348-30300820-1013"/>
    </System>
    <EventData>
      <Data Name="ServiceName">CrypterService</Data>
      <Data Name="Operation">KeyDerivation</Data>
      <Data Name="PeerEndpoint">vault-replica.internal.corp:8200</Data>
      <Data Name="SessionToken">4e79a4cffa25507ba6d1fc27527da8d3</Data>
      <Data Name="NegotiationStatus">Completed</Data>
      <Data Name="Protocol">mTLS-P384</Data>
      <Data Name="Duration">165ms</Data>
    </EventData>
  </Event>
  <Event xmlns="http://schemas.microsoft.com/win/2004/08/events/event">
    <System>
      <Provider Name="Microsoft-Windows-Schannel"/>
      <EventID>36880</EventID>
      <Version>0</Version>
      <Level>4</Level>
      <Task>0</Task>
      <Opcode>0</Opcode>
      <Keywords>0x8000000000000000</Keywords>
      <TimeCreated SystemTime="2026-02-10T23:20:04.7152Z"/>
      <EventRecordID>15008</EventRecordID>
      <Correlation/>
      <Execution ProcessID="1332" ThreadID="2664"/>
      <Channel>Application</Channel>
      <Computer>WORKSTATION-7.internal.corp</Computer>
      <Security/>
    </System>
    <EventData>
      <Data Name="Message">TLS 1.3 handshake completed. Cipher suite: TLS_CHACHA20_POLY1305_SHA256.</Data>
    </EventData>
  </Event>
  