<Event xmlns="http://schemas.microsoft.com/win/2004/08/events/event">
    <System>
      <Provider Name="Microsoft-Windows-WER-SystemErrorReporting"/>
      <EventID>1001</EventID>
      <Version>0</Version>
      <Level>2</Level>
      <Task>0</Task>
      <Opcode>0</Opcode>
      <Keywords>0x8000000000000000</Keywords>
      <TimeCreated SystemTime="2026-02-10T10:25:29.9707Z"/>
      <EventRecordID>14853</EventRecordID>
      <Correlation/>
      <Execution ProcessID="712" ThreadID="1424"/>
      <Channel>Application</Channel>
      <Computer>WORKSTATION-7.internal.corp</Computer>
      <Security/>
    </System>
    <EventData>
      <Data Name="Message">Fault bucket type 0. Event: APPCRASH. App: crypter.exe</Data>
      <Data Name="FaultModule">ntdll.dll</Data><Data Name="ExceptionCode">c0000005</Data>
    </EventData>
  </Event>
  <Event xmlns="http://schemas.microsoft.com/win/2004/08/events/event">
    <System>
      <Provider Name="Microsoft-Windows-Security-Auditing"/>
      <EventID>4634</EventID>
      <Version>0</Version>
      <Level>0</Level>
      <Task>0</Task>
      <Opcode>0</Opcode>
      <Keywords>0x8000000000000000</Keywords>
      <TimeCreated SystemTime="2026-02-10T10:30:42.7626Z"/>
      <EventRecordID>14854</EventRecordID>
      <Correlation/>
      <Execution ProcessID="716" ThreadID="1432"/>
      <Channel>Security</Channel>
      <Computer>WORKSTATION-7.internal.corp</Computer>
      <Security/>
    </System>
    <EventData>
      <Data Name="Message">An account was logged off.</Data>
      <Data Name="TargetUserName">svc_crypter</Data><Data Name="LogonType">5</Data>
    </EventData>
  </Event>
  <Event xmlns="http://schemas.microsoft.com/win/2004/08/events/event">
    <System>
      <Provider Name="Microsoft-Windows-Security-Auditing"/>
      <EventID>4625</EventID>
      <Version>0</Version>
      <Level>0</Level>
      <Task>0</Task>
      <Opcode>0</Opcode>
      <Keywords>0x8000000000000000</Keywords>
      <TimeCreated SystemTime="2026-02-10T10:35:55.5545Z"/>
      <EventRecordID>14855</EventRecordID>
      <Correlation/>
      <Execution ProcessID="4812" ThreadID="1440"/>
      <Channel>Security</Channel>
      <Computer>WORKSTATION-7.internal.corp</Computer>
      <Security/>
    </System>
    <EventData>
      <Data Name="Message">An account failed to log on.</Data>
      <Data Name="TargetUserName">admin</Data><Data Name="Status">0xC000006D</Data><Data Name="IpAddress">192.168.1.55</Data>
    </EventData>
  </Event>
  <Event xmlns="http://schemas.microsoft.com/win/2004/08/events/event">
    <System>
      <Provider Name="Microsoft-Windows-Security-Auditing"/>
      <EventID>4625</EventID>
      <Version>0</Version>
      <Level>0</Level>
      <Task>0</Task>
      <Opcode>0</Opcode>
      <Keywords>0x8000000000000000</Keywords>
      <TimeCreated SystemTime="2026-02-10T10:40:08.3464Z"/>
      <EventRecordID>14856</EventRecordID>
      <Correlation/>
      <Execution ProcessID="724" ThreadID="1448"/>
      <Channel>Security</Channel>
      <Computer>WORKSTATION-7.internal.corp</Computer>
      <Security/>
    </System>
    <EventData>
      <Data Name="Message">An account failed to log on.</Data>
      <Data Name="TargetUserName">administrator</Data><Data Name="Status">0xC000006D</Data><Data Name="IpAddress">192.168.1.77</Data>
    </EventData>
  </Event>
  <Event xmlns="http://schemas.microsoft.com/win/2004/08/events/event">
    <System>
      <Provider Name="CrypterService" Guid="{A1B2C3D4-E5F6-7890-ABCD-EF1234567890}"/>
      <EventID>4101</EventID>
      <Version>1</Version>
      <Level>4</Level>
      <Task>2</Task>
      <Opcode>0</Opcode>
      <Keywords>0x8000000000000000</Keywords>
      <TimeCreated SystemTime="2026-02-10T10:45:21.1383Z"/>
      <EventRecordID>14857</EventRecordID>
      <Correlation ActivityID="{F7A823C1-4E5B-4D2A-9B8C-1A2B3C4D5E6F}"/>
      <Execution ProcessID="4812" ThreadID="3068"/>
      <Channel>Application</Channel>
      <Computer>WORKSTATION-7.internal.corp</Computer>
      <Security UserID="S-1-5-21-3623811015-3361044348-30300820-1013"/>
    </System>
    <EventData>
      <Data Name="ServiceName">CrypterService</Data>
      <Data Name="Operation">KeyDerivation</Data>
      <Data Name="PeerEndpoint">vault-replica.internal.corp:8200</Data>
      <Data Name="SessionToken">bee9143f6a95c0eb16416c97c2ed1843</Data>
      <Data Name="NegotiationStatus">Completed</Data>
      <Data Name="Protocol">mTLS-P384</Data>
      <Data Name="Duration">129ms</Data>
    </EventData>
  </Event>
  <Event xmlns="http://schemas.microsoft.com/win/2004/08/events/event">
    <System>
      <Provider Name="Microsoft-Windows-GroupPolicy"/>
      <EventID>1500</EventID>
      <Version>0</Version>
      <Level>4</Level>
      <Task>0</Task>
      <Opcode>0</Opcode>
      <Keywords>0x8000000000000000</Keywords>
      <TimeCreated SystemTime="2026-02-10T10:50:34.9302Z"/>
      <EventRecordID>14858</EventRecordID>
      <Correlation/>
      <Execution ProcessID="732" ThreadID="1464"/>
      <Channel>Application</Channel>
      <Computer>WORKSTATION-7.internal.corp</Computer>
      <Security/>
    </System>
    <EventData>
      <Data Name="Message">Group Policy settings processed successfully.</Data>
    </EventData>
  </Event>
  <Event xmlns="http://schemas.microsoft.com/win/2004/08/events/event">
    <System>
      <Provider Name="CrypterService" Guid="{A1B2C3D4-E5F6-7890-ABCD-EF1234567890}"/>
      <EventID>4104</EventID>
      <Version>1</Version>
      <Level>4</Level>
      <Task>2</Task>
      <Opcode>0</Opcode>
      <Keywords>0x8000000000000000</Keywords>
      <TimeCreated SystemTime="2026-02-10T10:55:47.7221Z"/>
      <EventRecordID>14859</EventRecordID>
      <Correlation ActivityID="{F7A823C1-4E5B-4D2A-9B8C-1A2B3C4D5E6F}"/>
      <Execution ProcessID="4812" ThreadID="3072"/>
      <Channel>Application</Channel>
      <Computer>WORKSTATION-7.internal.corp</Computer>
      <Security UserID="S-1-5-21-3623811015-3361044348-30300820-1013"/>
    </System>
    <EventData>
      <Data Name="ServiceName">CrypterService</Data>
      <Data Name="Operation">SessionInit</Data>
      <Data Name="PeerEndpoint">kms.internal.corp:8443</Data>
      <Data Name="SessionToken">d1fc27527da8d3fe29547faad5002b56</Data>
      <Data Name="NegotiationStatus">Renewed</Data>
      <Data Name="Protocol">TLS1.3-PSK</Data>
      <Data Name="Duration">136ms</Data>
    </EventData>
  </Event>
  <Event xmlns="http://schemas.microsoft.com/win/2004/08/events/event">
    <System>
      <Provider Name="Microsoft-Windows-Ntfs"/>
      <EventID>98</EventID>
      <Version>0</Version>
      <Level>3</Level>
      <Task>0</Task>
      <Opcode>0</Opcode>
      <Keywords>0x8000000000000000</Keywords>
      <TimeCreated SystemTime="2026-02-10T11:00:00.5140Z"/>
      <EventRecordID>14860</EventRecordID>
      <Correlation/>
      <Execution ProcessID="4812" ThreadID="1480"/>
      <Channel>Application</Channel>
      <Computer>WORKSTATION-7.internal.corp</Computer>
      <Security/>
    </System>
    <EventData>
      <Data Name="Message">Volume C: is healthy. No action needed.</Data>
    </EventData>
  </Event>
  <Event xmlns="http://schemas.microsoft.com/win/2004/08/events/event">
    <System>
      <Provider Name="Microsoft-Windows-DistributedCOM"/>
      <EventID>10028</EventID>
      <Version>0</Version>
      <Level>2</Level>
      <Task>0</Task>
      <Opcode>0</Opcode>
      <Keywords>0x8000000000000000</Keywords>
      <TimeCreated SystemTime="2026-02-10T11:05:13.3059Z"/>
      <EventRecordID>14861</EventRecordID>
      <Correlation/>
      <Execution ProcessID="744" ThreadID="1488"/>
      <Channel>Application</Channel>
      <Computer>WORKSTATION-7.internal.corp</Computer>
      <Security/>
    </System>
    <EventData>
      <Data Name="Message">DCOM unable to communicate with WORKSTATION-7.</Data>
    </EventData>
  </Event>
  <Event xmlns="http://schemas.microsoft.com/win/2004/08/events/event">
    <System>
      <Provider Name="CrypterService" Guid="{A1B2C3D4-E5F6-7890-ABCD-EF1234567890}"/>
      <EventID>4100</EventID>
      <Version>1</Version>
      <Level>4</Level>
      <Task>2</Task>
      <Opcode>0</Opcode>
      <Keywords>0x8000000000000000</Keywords>
      <TimeCreated SystemTime="2026-02-10T11:10:26.0978Z"/>
      <EventRecordID>14862</EventRecordID>
      <Correlation ActivityID="{F7A823C1-4E5B-4D2A-9B8C-1A2B3C4D5E6F}"/>
      <Execution ProcessID="4812" ThreadID="3076"/>
      <Channel>Application</Channel>
      <Computer>WORKSTATION-7.internal.corp</Computer>
      <Security UserID="S-1-5-21-3623811015-3361044348-30300820-1013"/>
    </System>
    <EventData>
      <Data Name="ServiceName">CrypterService</Data>
      <Data Name="Operation">CertValidation</Data>
      <Data Name="PeerEndpoint">auth-svc.internal.corp:9443</Data>
      <Data Name="SessionToken">e40f3a6590bbe6113c6792bde8133e69</Data>
      <Data Name="NegotiationStatus">Failed</Data>
      <Data Name="Protocol">TLS1.3-ECDHE</Data>
      <Data Name="Duration">143ms</Data>
    </EventData>
  </Event>
  <Event xmlns="http://schemas.microsoft.com/win/2004/08/events/event">
    <System>
      <Provider Name="Microsoft-Windows-Security-Auditing"/>
      <EventID>4798</EventID>
      <Version>0</Version>
      <Level>0</Level>
      <Task>0</Task>
      <Opcode>0</Opcode>
      <Keywords>0x8000000000000000</Keywords>
      <TimeCreated SystemTime="2026-02-10T11:15:39.8897Z"/>
      <EventRecordID>14863</EventRecordID>
      <Correlation/>
      <Execution ProcessID="752" ThreadID="1504"/>
      <Channel>Security</Channel>
      <Computer>WORKSTATION-7.internal.corp</Computer>
      <Security/>
    </System>
    <EventData>
      <Data Name="Message">A user local group membership was enumerated.</Data>
      <Data Name="TargetUserName">svc_crypter</Data><Data Name="CallerProcessName">C:\Program Files\CrypterService\crypter.exe</Data>
    </EventData>
  </Event>
  <Event xmlns="http://schemas.microsoft.com/win/2004/08/events/event">
    <System>
      <Provider Name="Microsoft-Windows-Sysmon"/>
      <EventID>1</EventID>
      <Version>0</Version>
      <Level>4</Level>
      <Task>0</Task>
      <Opcode>0</Opcode>
      <Keywords>0x8000000000000000</Keywords>
      <TimeCreated SystemTime="2026-02-10T11:20:52.6816Z"/>
      <EventRecordID>14864</EventRecordID>
      <Correlation/>
      <Execution ProcessID="756" ThreadID="1512"/>
      <Channel>Application</Channel>
      <Computer>WORKSTATION-7.internal.corp</Computer>
      <Security/>
    </System>
    <EventData>
      <Data Name="Message">Process Create.</Data>
      <Data Name="Image">C:\Program Files\CrypterService\crypter.exe</Data><Data Name="Hashes">SHA256=A1B2C3D4E5F67890ABCDEF1234567890ABCDEF1234567890ABCDEF1234567890</Data><Data Name="ParentImage">C:\Windows\System32\services.exe</Data>
    </EventData>
  </Event>
  <Event xmlns="http://schemas.microsoft.com/win/2004/08/events/event">
    <System>
      <Provider Name="Microsoft-Windows-Sysmon"/>
      <EventID>1</EventID>
      <Version>0</Version>
      <Level>4</Level>
      <Task>0</Task>
      <Opcode>0</Opcode>
      <Keywords>0x8000000000000000</Keywords>
      <TimeCreated SystemTime="2026-02-10T11:25:05.4735Z"/>
      <EventRecordID>14865</EventRecordID>
      <Correlation/>
      <Execution ProcessID="4812" ThreadID="1520"/>
      <Channel>Application</Channel>
      <Computer>WORKSTATION-7.internal.corp</Computer>
      <Security/>
    </System>
    <EventData>
      <Data Name="Message">Process Create.</Data>
      <Data Name="Image">C:\Program Files\CrypterService\epoch_svc.exe</Data><Data Name="Hashes">SHA256=B2C3D4E5F67890A1BCDEF1234567890ABCDEF1234567890ABCDEF1234567890AB</Data><Data Name="ParentImage">C:\Windows\System32\services.exe</Data>
    </EventData>
  </Event>
  <Event xmlns="http://schemas.microsoft.com/win/2004/08/events/event">
    <System>
      <Provider Name="CrypterService" Guid="{A1B2C3D4-E5F6-7890-ABCD-EF1234567890}"/>
      <EventID>4101</EventID>
      <Version>1</Version>
      <Level>4</Level>
      <Task>2</Task>
      <Opcode>0</Opcode>
      <Keywords>0x8000000000000000</Keywords>
      <TimeCreated SystemTime="2026-02-10T11:30:18.2654Z"/>
      <EventRecordID>14866</EventRecordID>
      <Correlation ActivityID="{F7A823C1-4E5B-4D2A-9B8C-1A2B3C4D5E6F}"/>
      <Execution ProcessID="4812" ThreadID="3080"/>
      <Channel>Application</Channel>
      <Computer>WORKSTATION-7.internal.corp</Computer>
      <Security UserID="S-1-5-21-3623811015-3361044348-30300820-1013"/>
    </System>
    <EventData>
      <Data Name="ServiceName">CrypterService</Data>
      <Data Name="Operation">PolicySync</Data>
      <Data Name="PeerEndpoint">ca.pki.internal.corp:8200</Data>
      <Data Name="SessionToken">f7224d78a3cef9244f7aa5d0fb26517c</Data>
      <Data Name="NegotiationStatus">Timeout</Data>
      <Data Name="Protocol">TLS1.2-RSA</Data>
      <Data Name="Duration">150ms</Data>
    </EventData>
  </Event>
  <Event xmlns="http://schemas.microsoft.com/win/2004/08/events/event">
    <System>
      <Provider Name="CrypterService" Guid="{A1B2C3D4-E5F6-7890-ABCD-EF1234567890}"/>
      <EventID>4103</EventID>
      <Version>1</Version>
      <Level>4</Level>
      <Task>2</Task>
      <Opcode>0</Opcode>
      <Keywords>0x8000000000000000</Keywords>
      <TimeCreated SystemTime="2026-02-10T11:35:31.0573Z"/>
      <EventRecordID>14867</EventRecordID>
      <Correlation ActivityID="{F7A823C1-4E5B-4D2A-9B8C-1A2B3C4D5E6F}"/>
      <Execution ProcessID="4812" ThreadID="3084"/>
      <Channel>Application</Channel>
      <Computer>WORKSTATION-7.internal.corp</Computer>
      <Security UserID="S-1-5-21-3623811015-3361044348-30300820-1013"/>
    </System>
    <EventData>
      <Data Name="ServiceName">CrypterService</Data>
      <Data Name="Operation">AuditFlush</Data>
      <Data Name="PeerEndpoint">log-collector.internal.corp:5514</Data>
      <Data Name="SessionToken">0a35608bb6e10c37628db8e30e39648f</Data>
      <Data Name="NegotiationStatus">Retrying</Data>
      <Data Name="Protocol">mTLS-P256</Data>
      <Data Name="Duration">157ms</Data>
    </EventData>
  </Event>
  <Event xmlns="http://schemas.microsoft.com/win/2004/08/events/event">
    <System>
      <Provider Name="Microsoft-Windows-Sysmon"/>
      <EventID>1</EventID>
      <Version>0</Version>
      <Level>4</Level>
      <Task>0</Task>
      <Opcode>0</Opcode>
      <Keywords>0x8000000000000000</Keywords>
      <TimeCreated SystemTime="2026-02-10T11:40:44.8492Z"/>
      <EventRecordID>14868</EventRecordID>
      <Correlation/>
      <Execution ProcessID="772" ThreadID="1544"/>
      <Channel>Application</Channel>
      <Computer>WORKSTATION-7.internal.corp</Computer>
      <Security/>
    </System>
    <EventData>
      <Data Name="Message">Process Create.</Data>
      <Data Name="Image">C:\Program Files\CrypterService\key_rotator.exe</Data><Data Name="Hashes">SHA256=C3D4E5F67890A1B2CDEF1234567890ABCDEF1234567890ABCDEF1234567890ABC</Data><Data Name="ParentImage">C:\Windows\System32\services.exe</Data>
    </EventData>
  </Event>
  <Event xmlns="http://schemas.microsoft.com/win/2004/08/events/event">
    <System>
      <Provider Name="Microsoft-Windows-Sysmon"/>
      <EventID>3</EventID>
      <Version>0</Version>
      <Level>4</Level>
      <Task>0</Task>
      <Opcode>0</Opcode>
      <Keywords>0x8000000000000000</Keywords>
      <TimeCreated SystemTime="2026-02-10T11:45:57.6411Z"/>
      <EventRecordID>14869</EventRecordID>
      <Correlation/>
      <Execution ProcessID="776" ThreadID="1552"/>
      <Channel>Application</Channel>
      <Computer>WORKSTATION-7.internal.corp</Computer>
      <Security/>
    </System>
    <EventData>
      <Data Name="Message">Network connection detected.</Data>
      <Data Name="Image">C:\Program Files\CrypterService\crypter.exe</Data><Data Name="DestinationIp">10.0.1.15</Data><Data Name="DestinationPort">8200</Data><Data Name="DestinationHostname">vault-primary.internal.corp</Data>
    </EventData>
  </Event>
  <Event xmlns="http://schemas.microsoft.com/win/2004/08/events/event">
    <System>
      <Provider Name="Microsoft-Windows-Sysmon"/>
      <EventID>3</EventID>
      <Version>0</Version>
      <Level>4</Level>
      <Task>0</Task>
      <Opcode>0</Opcode>
      <Keywords>0x8000000000000000</Keywords>
      <TimeCreated SystemTime="2026-02-10T11:50:10.4330Z"/>
      <EventRecordID>14870</EventRecordID>
      <Correlation/>
      <Execution ProcessID="4812" ThreadID="1560"/>
      <Channel>Application</Channel>
      <Computer>WORKSTATION-7.internal.corp</Computer>
      <Security/>
    </System>
    <EventData>
      <Data Name="Message">Network connection detected.</Data>
      <Data Name="Image">C:\Program Files\CrypterService\epoch_svc.exe</Data><Data Name="DestinationIp">10.0.3.10</Data><Data Name="DestinationPort">123</Data><Data Name="DestinationHostname">ntp.internal.corp</Data>
    </EventData>
  </Event>
  <Event xmlns="http://schemas.microsoft.com/win/2004/08/events/event">
    <System>
      <Provider Name="Microsoft-Windows-Sysmon"/>
      <EventID>11</EventID>
      <Version>0</Version>
      <Level>4</Level>
      <Task>0</Task>
      <Opcode>0</Opcode>
      <Keywords>0x8000000000000000</Keywords>
      <TimeCreated SystemTime="2026-02-10T11:55:23.2249Z"/>
      <EventRecordID>14871</EventRecordID>
      <Correlation/>
      <Execution ProcessID="784" ThreadID="1568"/>
      <Channel>Application</Channel>
      <Computer>WORKSTATION-7.internal.corp</Computer>
      <Security/>
    </System>
    <EventData>
      <Data Name="Message">File created.</Data>
      <Data Name="Image">C:\Program Files\CrypterService\crypter.exe</Data><Data Name="TargetFilename">C:\ProgramData\CrypterService\config.dat</Data>
    </EventData>
  </Event>
  <Event xmlns="http://schemas.microsoft.com/win/2004/08/events/event">
    <System>
      <Provider Name="CrypterService" Guid="{A1B2C3D4-E5F6-7890-ABCD-EF1234567890}"/>
      <EventID>4101</EventID>
      <Version>1</Version>
      <Level>4</Level>
      <Task>2</Task>
      <Opcode>0</Opcode>
      <Keywords>0x8000000000000000</Keywords>
      <TimeCreated SystemTime="2026-02-10T12:00:36.0168Z"/>
      <EventRecordID>14872</EventRecordID>
      <Correlation ActivityID="{F7A823C1-4E5B-4D2A-9B8C-1A2B3C4D5E6F}"/>
      <Execution ProcessID="4812" ThreadID="3088"/>
      <Channel>Application</Channel>
      <Computer>WORKSTATION-7.internal.corp</Computer>
      <Security UserID="S-1-5-21-3623811015-3361044348-30300820-1013"/>
    </System>
    <EventData>
      <Data Name="ServiceName">CrypterService</Data>
      <Data Name="Operation">HSMPing</Data>
      <Data Name="PeerEndpoint">backup-vault.internal.corp:8200</Data>
      <Data Name="SessionToken">1d48739ec9f41f4a75a0cbf6214c77a2</Data>
      <Data Name="NegotiationStatus">Completed</Data>
      <Data Name="Protocol">TLS1.3-X25519</Data>
      <Data Name="Duration">164ms</Data>
    </EventData>
  </Event>
  <Event xmlns="http://schemas.microsoft.com/win/2004/08/events/event">
    <System>
      <Provider Name="CrypterService" Guid="{A1B2C3D4-E5F6-7890-ABCD-EF1234567890}"/>
      <EventID>4101</EventID>
      <Version>1</Version>
      <Level>4</Level>
      <Task>2</Task>
      <Opcode>0</Opcode>
      <Keywords>0x8000000000000000</Keywords>
      <TimeCreated SystemTime="2026-02-10T12:05:49.8087Z"/>
      <EventRecordID>14873</EventRecordID>
      <Correlation ActivityID="{F7A823C1-4E5B-4D2A-9B8C-1A2B3C4D5E6F}"/>
      <Execution ProcessID="4812" ThreadID="14952"/>
      <Channel>Application</Channel>
      <Computer>WORKSTATION-7.internal.corp</Computer>
      <Security UserID="S-1-5-21-3623811015-3361044348-30300820-1013"/>
    </System>
    <EventData>
      <Data Name="ServiceName">CrypterService</Data>
      <Data Name="Operation">KeyNegotiation</Data>
      <Data Name="PeerEndpoint">vault-primary.internal.corp:8200</Data>
      <Data Name="SessionToken">5bd2871ef364a90c46ce387ae1950db6</Data>
      <Data Name="NegotiationStatus">Completed</Data>
      <Data Name="Protocol">TLS1.3-PSK</Data>
      <Data Name="Duration">47ms</Data>
    </EventData>
  </Event>
  <Event xmlns="http://schemas.microsoft.com/win/2004/08/events/event">
    <System>
      <Provider Name="Microsoft-Windows-Sysmon"/>
      <EventID>11</EventID>
      <Version>0</Version>
      <Level>4</Level>
      <Task>0</Task>
      <Opcode>0</Opcode>
      <Keywords>0x8000000000000000</Keywords>
      <TimeCreated SystemTime="2026-02-10T12:10:02.6006Z"/>
      <EventRecordID>14874</EventRecordID>
      <Correlation/>
      <Execution ProcessID="796" ThreadID="1592"/>
      <Channel>Application</Channel>
      <Computer>WORKSTATION-7.internal.corp</Computer>
      <Security/>
    </System>
    <EventData>
      <Data Name="Message">File created.</Data>
      <Data Name="Image">C:\Program Files\CrypterService\crypter.exe</Data><Data Name="TargetFilename">C:\ProgramData\CrypterService\crypter.log</Data>
    </EventData>
  </Event>
  <Event xmlns="http://schemas.microsoft.com/win/2004/08/events/event">
    <System>
      <Provider Name="Microsoft-Windows-Sysmon"/>
      <EventID>13</EventID>
      <Version>0</Version>
      <Level>4</Level>
      <Task>0</Task>
      <Opcode>0</Opcode>
      <Keywords>0x8000000000000000</Keywords>
      <TimeCreated SystemTime="2026-02-10T12:15:15.3925Z"/>
      <EventRecordID>14875</EventRecordID>
      <Correlation/>
      <Execution ProcessID="4812" ThreadID="1600"/>
      <Channel>Application</Channel>
      <Computer>WORKSTATION-7.internal.corp</Computer>
      <Security/>
    </System>
    <EventData>
      <Data Name="Message">Registry value set.</Data>
      <Data Name="Image">C:\Program Files\CrypterService\crypter.exe</Data><Data Name="TargetObject">HKLM\SOFTWARE\CrypterService\LastRun</Data><Data Name="Details">2026-02-10 14:30:00</Data>
    </EventData>
  </Event>
  <Event xmlns="http://schemas.microsoft.com/win/2004/08/events/event">
    <System>
      <Provider Name="Microsoft-Windows-Sysmon"/>
      <EventID>13</EventID>
      <Version>0</Version>
      <Level>4</Level>
      <Task>0</Task>
      <Opcode>0</Opcode>
      <Keywords>0x8000000000000000</Keywords>
      <TimeCreated SystemTime="2026-02-10T12:20:28.1844Z"/>
      <EventRecordID>14876</EventRecordID>
      <Correlation/>
      <Execution ProcessID="804" ThreadID="1608"/>
      <Channel>Application</Channel>
      <Computer>WORKSTATION-7.internal.corp</Computer>
      <Security/>
    </System>
    <EventData>
      <Data Name="Message">Registry value set.</Data>
      <Data Name="Image">C:\Program Files\CrypterService\epoch_svc.exe</Data><Data Name="TargetObject">HKLM\SOFTWARE\EpochSync\LastCalibration</Data><Data Name="Details">2026-02-10 14:29:55</Data>
    </EventData>
  </Event>
  <Event xmlns="http://schemas.microsoft.com/win/2004/08/events/event">
    <System>
      <Provider Name="CrypterService" Guid="{A1B2C3D4-E5F6-7890-ABCD-EF1234567890}"/>
      <EventID>4100</EventID>
      <Version>1</Version>
      <Level>4</Level>
      <Task>2</Task>
      <Opcode>0</Opcode>
      <Keywords>0x8000000000000000</Keywords>
      <TimeCreated SystemTime="2026-02-10T12:25:41.9763Z"/>
      <EventRecordID>14877</EventRecordID>
      <Correlation ActivityID="{F7A823C1-4E5B-4D2A-9B8C-1A2B3C4D5E6F}"/>
      <Execution ProcessID="4812" ThreadID="3096"/>
      <Channel>Application</Channel>
      <Computer>WORKSTATION-7.internal.corp</Computer>
      <Security UserID="S-1-5-21-3623811015-3361044348-30300820-1013"/>
    </System>
    <EventData>
      <Data Name="ServiceName">CrypterService</Data>
      <Data Name="Operation">KeyNegotiation</Data>
      <Data Name="PeerEndpoint">vault-primary.internal.corp:8200</Data>
      <Data Name="SessionToken">436e99c4ef1a45709bc6f11c47729dc8</Data>
      <Data Name="NegotiationStatus">Completed</Data>
      <Data Name="Protocol">TLS1.3-PSK</Data>
      <Data Name="Duration">178ms</Data>
    </EventData>
  </Event>
  <Event xmlns="http://schemas.microsoft.com/win/2004/08/events/event">
    <System>
      <Provider Name="Microsoft-Windows-Security-Auditing"/>
      <EventID>4663</EventID>
      <Version>0</Version>
      <Level>0</Level>
      <Task>0</Task>
      <Opcode>0</Opcode>
      <Keywords>0x8000000000000000</Keywords>
      <TimeCreated SystemTime="2026-02-10T12:30:54.7682Z"/>
      <EventRecordID>14878</EventRecordID>
      <Correlation/>
      <Execution ProcessID="812" ThreadID="1624"/>
      <Channel>Security</Channel>
      <Computer>WORKSTATION-7.internal.corp</Computer>
      <Security/>
    </System>
    <EventData>
      <Data Name="Message">An attempt was made to access an object.</Data>
      <Data Name="ObjectName">C:\ProgramData\CrypterService\config.dat</Data><Data Name="AccessMask">0x1</Data><Data Name="ProcessName">C:\Program Files\CrypterService\crypter.exe</Data>
    </EventData>
  </Event>
  <Event xmlns="http://schemas.microsoft.com/win/2004/08/events/event">
    <System>
      <Provider Name="Microsoft-Windows-Security-Auditing"/>
      <EventID>4656</EventID>
      <Version>0</Version>
      <Level>0</Level>
      <Task>0</Task>
      <Opcode>0</Opcode>
      <Keywords>0x8000000000000000</Keywords>
      <TimeCreated SystemTime="2026-02-10T12:35:07.5601Z"/>
      <EventRecordID>14879</EventRecordID>
      <Correlation/>
      <Execution ProcessID="816" ThreadID="1632"/>
      <Channel>Security</Channel>
      <Computer>WORKSTATION-7.internal.corp</Computer>
      <Security/>
    </System>
    <EventData>
      <Data Name="Message">A handle to an object was requested.</Data>
      <Data Name="ObjectName">\Device\NamedPipe\CrypterControlPipe</Data><Data Name="ProcessName">C:\Program Files\CrypterService\crypter.exe</Data>
    </EventData>
  </Event>
  <Event xmlns="http://schemas.microsoft.com/win/2004/08/events/event">
    <System>
      <Provider Name="CrypterService" Guid="{A1B2C3D4-E5F6-7890-ABCD-EF1234567890}"/>
      <EventID>4101</EventID>
      <Version>1</Version>
      <Level>4</Level>
      <Task>2</Task>
      <Opcode>0</Opcode>
      <Keywords>0x8000000000000000</Keywords>
      <TimeCreated SystemTime="2026-02-10T12:40:20.3520Z"/>
      <EventRecordID>14880</EventRecordID>
      <Correlation ActivityID="{F7A823C1-4E5B-4D2A-9B8C-1A2B3C4D5E6F}"/>
      <Execution ProcessID="4812" ThreadID="3100"/>
      <Channel>Application</Channel>
      <Computer>WORKSTATION-7.internal.corp</Computer>
      <Security UserID="S-1-5-21-3623811015-3361044348-30300820-1013"/>
    </System>
    <EventData>
      <Data Name="ServiceName">CrypterService</Data>
      <Data Name="Operation">KeyRotation</Data>
      <Data Name="PeerEndpoint">vault-replica.internal.corp:8200</Data>
      <Data Name="SessionToken">5681acd7022d5883aed9042f5a85b0db</Data>
      <Data Name="NegotiationStatus">Completed</Data>
      <Data Name="Protocol">TLS1.3-ECDHE</Data>
      <Data Name="Duration">185ms</Data>
    </EventData>
  </Event>
  <Event xmlns="http://schemas.microsoft.com/win/2004/08/events/event">
    <System>
      <Provider Name="Microsoft-Windows-Kernel-General"/>
      <EventID>16</EventID>
      <Version>0</Version>
      <Level>4</Level>
      <Task>0</Task>
      <Opcode>0</Opcode>
      <Keywords>0x8000000000000000</Keywords>
      <TimeCreated SystemTime="2026-02-10T12:45:33.1439Z"/>
      <EventRecordID>14881</EventRecordID>
      <Correlation/>
      <Execution ProcessID="824" ThreadID="1648"/>
      <Channel>Application</Channel>
      <Computer>WORKSTATION-7.internal.corp</Computer>
      <Security/>
    </System>
    <EventData>
      <Data Name="Message">The access history in hive \SystemRoot\System32\config\SYSTEM was cleared.</Data>
    </EventData>
  </Event>
  <Event xmlns="http://schemas.microsoft.com/win/2004/08/events/event">
    <System>
      <Provider Name="CrypterService" Guid="{A1B2C3D4-E5F6-7890-ABCD-EF1234567890}"/>
      <EventID>4101</EventID>
      <Version>1</Version>
      <Level>4</Level>
      <Task>2</Task>
      <Opcode>0</Opcode>
      <Keywords>0x8000000000000000</Keywords>
      <TimeCreated SystemTime="2026-02-10T12:50:46.9358Z"/>
      <EventRecordID>14882</EventRecordID>
      <Correlation ActivityID="{F7A823C1-4E5B-4D2A-9B8C-1A2B3C4D5E6F}"/>
      <Execution ProcessID="4812" ThreadID="3104"/>
      <Channel>Application</Channel>
      <Computer>WORKSTATION-7.internal.corp</Computer>
      <Security UserID="S-1-5-21-3623811015-3361044348-30300820-1013"/>
    </System>
    <EventData>
      <Data Name="ServiceName">CrypterService</Data>
      <Data Name="Operation">Heartbeat</Data>
      <Data Name="PeerEndpoint">kms.internal.corp:8443</Data>
      <Data Name="SessionToken">6994bfea15406b96c1ec17426d98c3ee</Data>
      <Data Name="NegotiationStatus">Completed</Data>
      <Data Name="Protocol">TLS1.2-RSA</Data>
      <Data Name="Duration">192ms</Data>
    </EventData>
  </Event>
  <Event xmlns="http://schemas.microsoft.com/win/2004/08/events/event">
    <System>
      <Provider Name="Microsoft-Windows-Power-Troubleshooter"/>
      <EventID>1</EventID>
      <Version>0</Version>
      <Level>4</Level>
      <Task>0</Task>
      <Opcode>0</Opcode>
      <Keywords>0x8000000000000000</Keywords>
      <TimeCreated SystemTime="2026-02-10T12:55:59.7277Z"/>
      <EventRecordID>14883</EventRecordID>
      <Correlation/>
      <Execution ProcessID="832" ThreadID="1664"/>
      <Channel>Application</Channel>
      <Computer>WORKSTATION-7.internal.corp</Computer>
      <Security/>
    </System>
    <EventData>
      <Data Name="Message">The system has resumed from sleep.</Data>
    </EventData>
  </Event>
  <Event xmlns="http://schemas.microsoft.com/win/2004/08/events/event">
    <System>
      <Provider Name="Microsoft-Windows-UserModePowerService"/>
      <EventID>12</EventID>
      <Version>0</Version>
      <Level>4</Level>
      <Task>0</Task>
      <Opcode>0</Opcode>
      <Keywords>0x8000000000000000</Keywords>
      <TimeCreated SystemTime="2026-02-10T13:00:12.5196Z"/>
      <EventRecordID>14884</EventRecordID>
      <Correlation/>
      <Execution ProcessID="836" ThreadID="1672"/>
      <Channel>Application</Channel>
      <Computer>WORKSTATION-7.internal.corp</Computer>
      <Security/>
    </System>
    <EventData>
      <Data Name="Message">Process 4812 (crypter.exe) has been registered for power notifications.</Data>
    </EventData>
  </Event>
  <Event xmlns="http://schemas.microsoft.com/win/2004/08/events/event">
    <System>
      <Provider Name="Microsoft-Windows-Kernel-General"/>
      <EventID>12</EventID>
      <Version>0</Version>
      <Level>4</Level>
      <Task>0</Task>
      <Opcode>0</Opcode>
      <Keywords>0x8000000000000000</Keywords>
      <TimeCreated SystemTime="2026-02-10T13:05:25.3115Z"/>
      <EventRecordID>14885</EventRecordID>
      <Correlation/>
      <Execution ProcessID="4812" ThreadID="1680"/>
      <Channel>Application</Channel>
      <Computer>WORKSTATION-7.internal.corp</Computer>
      <Security/>
    </System>
    <EventData>
      <Data Name="Message">The operating system started at system time 2026-02-10T06:12:03.5000000Z.</Data>
    </EventData>
  </Event>
  <Event xmlns="http://schemas.microsoft.com/win/2004/08/events/event">
    <System>
      <Provider Name="Microsoft-Windows-Kernel-Power"/>
      <EventID>109</EventID>
      <Version>0</Version>
      <Level>4</Level>
      <Task>0</Task>
      <Opcode>0</Opcode>
      <Keywords>0x8000000000000000</Keywords>
      <TimeCreated SystemTime="2026-02-10T13:10:38.1034Z"/>
      <EventRecordID>14886</EventRecordID>
      <Correlation/>
      <Execution ProcessID="844" ThreadID="1688"/>
      <Channel>Application</Channel>
      <Computer>WORKSTATION-7.internal.corp</Computer>
      <Security/>
    </System>
    <EventData>
      <Data Name="Message">The kernel power manager has initiated a shutdown transition.</Data>
    </EventData>
  </Event>
  <Event xmlns="http://schemas.microsoft.com/win/2004/08/events/event">
    <System>
      <Provider Name="CrypterService" Guid="{A1B2C3D4-E5F6-7890-ABCD-EF1234567890}"/>
      <EventID>4102</EventID>
      <Version>1</Version>
      <Level>4</Level>
      <Task>2</Task>
      <Opcode>0</Opcode>
      <Keywords>0x8000000000000000</Keywords>
      <TimeCreated SystemTime="2026-02-10T13:15:51.8953Z"/>
      <EventRecordID>14887</EventRecordID>
      <Correlation ActivityID="{F7A823C1-4E5B-4D2A-9B8C-1A2B3C4D5E6F}"/>
      <Execution ProcessID="4812" ThreadID="3108"/>
      <Channel>Application</Channel>
      <Computer>WORKSTATION-7.internal.corp</Computer>
      <Security UserID="S-1-5-21-3623811015-3361044348-30300820-1013"/>
    </System>
    <EventData>
      <Data Name="ServiceName">CrypterService</Data>
      <Data Name="Operation">ConfigReload</Data>
      <Data Name="PeerEndpoint">auth-svc.internal.corp:9443</Data>
      <Data Name="SessionToken">7ca7d2fd28537ea9d4ff2a5580abd601</Data>
      <Data Name="NegotiationStatus">Completed</Data>
      <Data Name="Protocol">mTLS-P256</Data>
      <Data Name="Duration">199ms</Data>
    </EventData>
  </Event>
  <Event xmlns="http://schemas.microsoft.com/win/2004/08/events/event">
    <System>
      <Provider Name="Microsoft-Windows-Security-Auditing"/>
      <EventID>4624</EventID>
      <Version>0</Version>
      <Level>0</Level>
      <Task>0</Task>
      <Opcode>0</Opcode>
      <Keywords>0x8000000000000000</Keywords>
      <TimeCreated SystemTime="2026-02-10T13:20:04.6872Z"/>
      <EventRecordID>14888</EventRecordID>
      <Correlation/>
      <Execution ProcessID="4920" ThreadID="1704"/>
      <Channel>Security</Channel>
      <Computer>WORKSTATION-7.internal.corp</Computer>
      <Security/>
    </System>
    <EventData>
      <Data Name="Message">An account was successfully logged on.</Data>
      <Data Name="TargetUserName">svc_crypter</Data><Data Name="LogonType">5</Data><Data Name="IpAddress">-</Data>
    </EventData>
  </Event>
  <Event xmlns="http://schemas.microsoft.com/win/2004/08/events/event">
    <System>
      <Provider Name="Microsoft-Windows-Security-Auditing"/>
      <EventID>4672</EventID>
      <Version>0</Version>
      <Level>0</Level>
      <Task>0</Task>
      <Opcode>0</Opcode>
      <Keywords>0x8000000000000000</Keywords>
      <TimeCreated SystemTime="2026-02-10T13:25:17.4791Z"/>
      <EventRecordID>14889</EventRecordID>
      <Correlation/>
      <Execution ProcessID="856" ThreadID="1712"/>
      <Channel>Security</Channel>
      <Computer>WORKSTATION-7.internal.corp</Computer>
      <Security/>
    </System>
    <EventData>
      <Data Name="Message">Special privileges assigned to new logon.</Data>
      <Data Name="SubjectUserName">svc_crypter</Data><Data Name="PrivilegeList">SeImpersonatePrivilege</Data>
    </EventData>
  </Event>
  <Event xmlns="http://schemas.microsoft.com/win/2004/08/events/event">
    <System>
      <Provider Name="Service Control Manager"/>
      <EventID>7036</EventID>
      <Version>0</Version>
      <Level>4</Level>
      <Task>0</Task>
      <Opcode>0</Opcode>
      <Keywords>0x8000000000000000</Keywords>
      <TimeCreated SystemTime="2026-02-10T13:30:30.2710Z"/>
      <EventRecordID>14890</EventRecordID>
      <Correlation/>
      <Execution ProcessID="4812" ThreadID="1720"/>
      <Channel>Application</Channel>
      <Computer>WORKSTATION-7.internal.corp</Computer>
      <Security/>
    </System>
    <EventData>
      <Data Name="Message">The CrypterService service entered the running state.</Data>
    </EventData>
  </Event>
  <Event xmlns="http://schemas.microsoft.com/win/2004/08/events/event">
    <System>
      <Provider Name="Service Control Manager"/>
      <EventID>7040</EventID>
      <Version>0</Version>
      <Level>4</Level>
      <Task>0</Task>
      <Opcode>0</Opcode>
      <Keywords>0x8000000000000000</Keywords>
      <TimeCreated SystemTime="2026-02-10T13:35:43.0629Z"/>
      <EventRecordID>14891</EventRecordID>
      <Correlation/>
      <Execution ProcessID="864" ThreadID="1728"/>
      <Channel>Application</Channel>
      <Computer>WORKSTATION-7.internal.corp</Computer>
      <Security/>
    </System>
    <EventData>
      <Data Name="Message">The start type of BITS was changed from auto to demand start.</Data>
    </EventData>
  </Event>
  <Event xmlns="http://schemas.microsoft.com/win/2004/08/events/event">
    <System>
      <Provider Name="CrypterService" Guid="{A1B2C3D4-E5F6-7890-ABCD-EF1234567890}"/>
      <EventID>4103</EventID>
      <Version>1</Version>
      <Level>4</Level>
      <Task>2</Task>
      <Opcode>0</Opcode>
      <Keywords>0x8000000000000000</Keywords>
      <TimeCreated SystemTime="2026-02-10T13:40:56.8548Z"/>
      <EventRecordID>14892</EventRecordID>
      <Correlation ActivityID="{F7A823C1-4E5B-4D2A-9B8C-1A2B3C4D5E6F}"/>
      <Execution ProcessID="4812" ThreadID="3112"/>
      <Channel>Application</Channel>
      <Computer>WORKSTATION-7.internal.corp</Computer>
      <Security UserID="S-1-5-21-3623811015-3361044348-30300820-1013"/>
    </System>
    <EventData>
      <Data Name="ServiceName">CrypterService</Data>
      <Data Name="Operation">TokenRenewal</Data>
      <Data Name="PeerEndpoint">ca.pki.internal.corp:8200</Data>
      <Data Name="SessionToken">8fbae5103b6691bce7123d6893bee914</Data>
      <Data Name="NegotiationStatus">Completed</Data>
      <Data Name="Protocol">TLS1.3-X25519</Data>
      <Data Name="Duration">206ms</Data>
    </EventData>
  </Event>
  <Event xmlns="http://schemas.microsoft.com/win/2004/08/events/event">
    <System>
      <Provider Name="Microsoft-Windows-DNS-Client"/>
      <EventID>3008</EventID>
      <Version>0</Version>
      <Level>4</Level>
      <Task>0</Task>
      <Opcode>0</Opcode>
      <Keywords>0x8000000000000000</Keywords>
      <TimeCreated SystemTime="2026-02-10T13:45:09.6467Z"/>
      <EventRecordID>14893</EventRecordID>
      <Correlation/>
      <Execution ProcessID="872" ThreadID="1744"/>
      <Channel>Application</Channel>
      <Computer>WORKSTATION-7.internal.corp</Computer>
      <Security/>
    </System>
    <EventData>
      <Data Name="Message">DNS query completed for vault-primary.internal.corp type AAAA.</Data>
    </EventData>
  </Event>
  <Event xmlns="http://schemas.microsoft.com/win/2004/08/events/event">
    <System>
      <Provider Name="CrypterService" Guid="{A1B2C3D4-E5F6-7890-ABCD-EF1234567890}"/>
      <EventID>4101</EventID>
      <Version>1</Version>
      <Level>4</Level>
      <Task>2</Task>
      <Opcode>0</Opcode>
      <Keywords>0x8000000000000000</Keywords>
      <TimeCreated SystemTime="2026-02-10T13:50:22.4386Z"/>
      <EventRecordID>14894</EventRecordID>
      <Correlation ActivityID="{F7A823C1-4E5B-4D2A-9B8C-1A2B3C4D5E6F}"/>
      <Execution ProcessID="4812" ThreadID="3116"/>
      <Channel>Application</Channel>
      <Computer>WORKSTATION-7.internal.corp</Computer>
      <Security UserID="S-1-5-21-3623811015-3361044348-30300820-1013"/>
    </System>
    <EventData>
      <Data Name="ServiceName">CrypterService</Data>
      <Data Name="Operation">KeyDerivation</Data>
      <Data Name="PeerEndpoint">log-collector.internal.corp:5514</Data>
      <Data Name="SessionToken">a2cdf8234e79a4cffa25507ba6d1fc27</Data>
      <Data Name="NegotiationStatus">Completed</Data>
      <Data Name="Protocol">mTLS-P384</Data>
      <Data Name="Duration">213ms</Data>
    </EventData>
  </Event>
  <Event xmlns="http://schemas.microsoft.com/win/2004/08/events/event">
    <System>
      <Provider Name="Microsoft-Windows-DNS-Client"/>
      <EventID>3008</EventID>
      <Version>0</Version>
      <Level>4</Level>
      <Task>0</Task>
      <Opcode>0</Opcode>
      <Keywords>0x8000000000000000</Keywords>
      <TimeCreated SystemTime="2026-02-10T13:55:35.2305Z"/>
      <EventRecordID>14895</EventRecordID>
      <Correlation/>
      <Execution ProcessID="4812" ThreadID="1760"/>
      <Channel>Application</Channel>
      <Computer>WORKSTATION-7.internal.corp</Computer>
      <Security/>
    </System>
    <EventData>
      <Data Name="Message">DNS query completed for auth-svc.internal.corp type A.</Data>
    </EventData>
  </Event>
  <Event xmlns="http://schemas.microsoft.com/win/2004/08/events/event">
    <System>
      <Provider Name="Microsoft-Windows-DNS-Client"/>
      <EventID>3008</EventID>
      <Version>0</Version>
      <Level>4</Level>
      <Task>0</Task>
      <Opcode>0</Opcode>
      <Keywords>0x8000000000000000</Keywords>
      <TimeCreated SystemTime="2026-02-10T14:00:48.0224Z"/>
      <EventRecordID>14896</EventRecordID>
      <Correlation/>
      <Execution ProcessID="884" ThreadID="1768"/>
      <Channel>Application</Channel>
      <Computer>WORKSTATION-7.internal.corp</Computer>
      <Security/>
    </System>
    <EventData>
      <Data Name="Message">DNS query completed for kms.internal.corp type A.</Data>
    </EventData>
  </Event>
  <Event xmlns="http://schemas.microsoft.com/win/2004/08/events/event">
    <System>
      <Provider Name="CrypterService" Guid="{A1B2C3D4-E5F6-7890-ABCD-EF1234567890}"/>
      <EventID>4104</EventID>
      <Version>1</Version>
      <Level>4</Level>
      <Task>2</Task>
      <Opcode>0</Opcode>
      <Keywords>0x8000000000000000</Keywords>
      <TimeCreated SystemTime="2026-02-10T14:05:01.8143Z"/>
      <EventRecordID>14897</EventRecordID>
      <Correlation ActivityID="{F7A823C1-4E5B-4D2A-9B8C-1A2B3C4D5E6F}"/>
      <Execution ProcessID="4812" ThreadID="3120"/>
      <Channel>Application</Channel>
      <Computer>WORKSTATION-7.internal.corp</Computer>
      <Security UserID="S-1-5-21-3623811015-3361044348-30300820-1013"/>
    </System>
    <EventData>
      <Data Name="ServiceName">CrypterService</Data>
      <Data Name="Operation">SessionInit</Data>
      <Data Name="PeerEndpoint">backup-vault.internal.corp:8200</Data>
      <Data Name="SessionToken">b5e00b36618cb7e20d38638eb9e40f3a</Data>
      <Data Name="NegotiationStatus">Renewed</Data>
      <Data Name="Protocol">TLS1.3-PSK</Data>
      <Data Name="Duration">220ms</Data>
    </EventData>
  </Event>
  <Event xmlns="http://schemas.microsoft.com/win/2004/08/events/event">
    <System>
      <Provider Name="Microsoft-Windows-DNS-Client"/>
      <EventID>3008</EventID>
      <Version>0</Version>
      <Level>4</Level>
      <Task>0</Task>
      <Opcode>0</Opcode>
      <Keywords>0x8000000000000000</Keywords>
      <TimeCreated SystemTime="2026-02-10T14:10:14.6062Z"/>
      <EventRecordID>14898</EventRecordID>
      <Correlation/>
      <Execution ProcessID="892" ThreadID="1784"/>
      <Channel>Application</Channel>
      <Computer>WORKSTATION-7.internal.corp</Computer>
      <Security/>
    </System>
    <EventData>
      <Data Name="Message">DNS query completed for log-collector.internal.corp type A.</Data>
    </EventData>
  </Event>
  <Event xmlns="http://schemas.microsoft.com/win/2004/08/events/event">
    <System>
      <Provider Name="Microsoft-Windows-DNS-Client"/>
      <EventID>3008</EventID>
      <Version>0</Version>
      <Level>4</Level>
      <Task>0</Task>
      <Opcode>0</Opcode>
      <Keywords>0x8000000000000000</Keywords>
      <TimeCreated SystemTime="2026-02-10T14:15:27.3981Z"/>
      <EventRecordID>14899</EventRecordID>
      <Correlation/>
      <Execution ProcessID="4920" ThreadID="1792"/>
      <Channel>Application</Channel>
      <Computer>WORKSTATION-7.internal.corp</Computer>
      <Security/>
    </System>
    <EventData>
      <Data Name="Message">DNS query completed for ca.pki.internal.corp type A.</Data>
    </EventData>
  </Event>
  <Event xmlns="http://schemas.microsoft.com/win/2004/08/events/event">
    <System>
      <Provider Name="Microsoft-Windows-DNS-Client"/>
      <EventID>3008</EventID>
      <Version>0</Version>
      <Level>4</Level>
      <Task>0</Task>
      <Opcode>0</Opcode>
      <Keywords>0x8000000000000000</Keywords>
      <TimeCreated SystemTime="2026-02-10T14:20:40.1900Z"/>
      <EventRecordID>14900</EventRecordID>
      <Correlation/>
      <Execution ProcessID="4812" ThreadID="1800"/>
      <Channel>Application</Channel>
      <Computer>WORKSTATION-7.internal.corp</Computer>
      <Security/>
    </System>
    <EventData>
      <Data Name="Message">DNS query completed for siem-ingest.internal.corp type A.</Data>
    </EventData>
  </Event>
  <Event xmlns="http://schemas.microsoft.com/win/2004/08/events/event">
    <System>
      <Provider Name="CrypterService" Guid="{A1B2C3D4-E5F6-7890-ABCD-EF1234567890}"/>
      <EventID>4100</EventID>
      <Version>1</Version>
      <Level>4</Level>
      <Task>2</Task>
      <Opcode>0</Opcode>
      <Keywords>0x8000000000000000</Keywords>
      <TimeCreated SystemTime="2026-02-10T14:25:53.9819Z"/>
      <EventRecordID>14901</EventRecordID>
      <Correlation ActivityID="{F7A823C1-4E5B-4D2A-9B8C-1A2B3C4D5E6F}"/>
      <Execution ProcessID="4812" ThreadID="3124"/>
      <Channel>Application</Channel>
      <Computer>WORKSTATION-7.internal.corp</Computer>
      <Security UserID="S-1-5-21-3623811015-3361044348-30300820-1013"/>
    </System>
    <EventData>
      <Data Name="ServiceName">CrypterService</Data>
      <Data Name="Operation">CertValidation</Data>
      <Data Name="PeerEndpoint">hsm-proxy.internal.corp:9090</Data>
      <Data Name="SessionToken">c8f31e49749fcaf5204b76a1ccf7224d</Data>
      <Data Name="NegotiationStatus">Failed</Data>
      <Data Name="Protocol">TLS1.3-ECDHE</Data>
      <Data Name="Duration">227ms</Data>
    </EventData>
  </Event>
  <Event xmlns="http://schemas.microsoft.com/win/2004/08/events/event">
    <System>
      <Provider Name="CrypterService" Guid="{A1B2C3D4-E5F6-7890-ABCD-EF1234567890}"/>
      <EventID>4101</EventID>
      <Version>1</Version>
      <Level>4</Level>
      <Task>2</Task>
      <Opcode>0</Opcode>
      <Keywords>0x8000000000000000</Keywords>
      <TimeCreated SystemTime="2026-02-10T14:30:06.7738Z"/>
      <EventRecordID>14902</EventRecordID>
      <Correlation ActivityID="{F7A823C1-4E5B-4D2A-9B8C-1A2B3C4D5E6F}"/>
      <Execution ProcessID="4812" ThreadID="3128"/>
      <Channel>Application</Channel>
      <Computer>WORKSTATION-7.internal.corp</Computer>
      <Security UserID="S-1-5-21-3623811015-3361044348-30300820-1013"/>
    </System>
    <EventData>
      <Data Name="ServiceName">CrypterService</Data>
      <Data Name="Operation">PolicySync</Data>
      <Data Name="PeerEndpoint">vault-primary.internal.corp:8200</Data>
      <Data Name="SessionToken">db06315c87b2dd08335e89b4df0a3560</Data>
      <Data Name="NegotiationStatus">Timeout</Data>
      <Data Name="Protocol">TLS1.2-RSA</Data>
      <Data Name="Duration">234ms</Data>
    </EventData>
  </Event>
  <Event xmlns="http://schemas.microsoft.com/win/2004/08/events/event">
    <System>
      <Provider Name="DCOM"/>
      <EventID>10016</EventID>
      <Version>0</Version>
      <Level>3</Level>
      <Task>0</Task>
      <Opcode>0</Opcode>
      <Keywords>0x8000000000000000</Keywords>
      <TimeCreated SystemTime="2026-02-10T14:35:19.5657Z"/>
      <EventRecordID>14903</EventRecordID>
      <Correlation/>
      <Execution ProcessID="912" ThreadID="1824"/>
      <Channel>Application</Channel>
      <Computer>WORKSTATION-7.internal.corp</Computer>
      <Security/>
    </System>
    <EventData>
      <Data Name="Message">The application-specific permission settings do not grant Local Activation.</Data>
    </EventData>
  </Event>
  <Event xmlns="http://schemas.microsoft.com/win/2004/08/events/event">
    <System>
      <Provider Name="Microsoft-Windows-WindowsUpdateClient"/>
      <EventID>19</EventID>
      <Version>0</Version>
      <Level>4</Level>
      <Task>0</Task>
      <Opcode>0</Opcode>
      <Keywords>0x8000000000000000</Keywords>
      <TimeCreated SystemTime="2026-02-10T14:40:32.3576Z"/>
      <EventRecordID>14904</EventRecordID>
      <Correlation/>
      <Execution ProcessID="916" ThreadID="1832"/>
      <Channel>Application</Channel>
      <Computer>WORKSTATION-7.internal.corp</Computer>
      <Security/>
    </System>
    <EventData>
      <Data Name="Message">Windows successfully installed update: Security Update (KB5034441)</Data>
    </EventData>
  </Event>
  