<Event xmlns="http://schemas.microsoft.com/win/2004/08/events/event">
    <System>
      <Provider Name="Microsoft-Windows-Ntfs"/>
      <EventID>98</EventID>
      <Version>0</Version>
      <Level>3</Level>
      <Task>0</Task>
      <Opcode>0</Opcode>
      <Keywords>0x8000000000000000</Keywords>
      <TimeCreated SystemTime="2026-02-10T23:10:02.6566Z"/>
      <EventRecordID>15114</EventRecordID>
      <Correlation/>
      <Execution ProcessID="1756" ThreadID="3512"/>
      <Channel>Application</Channel>
      <Computer>WORKSTATION-7.internal.corp</Computer>
      <Security/>
    </System>
    <EventData>
      <Data Name="Message">Volume C: is healthy. No action needed.</Data>
    </EventData>
  </Event>
  <Event xmlns="http://schemas.microsoft.com/win/2004/08/events/event">
    <System>
      <Provider Name="Microsoft-Windows-DistributedCOM"/>
      <EventID>10028</EventID>
      <Version>0</Version>
      <Level>2</Level>
      <Task>0</Task>
      <Opcode>0</Opcode>
      <Keywords>0x8000000000000000</Keywords>
      <TimeCreated SystemTime="2026-02-10T23:15:15.4485Z"/>
      <EventRecordID>15115</EventRecordID>
      <Correlation/>
      <Execution ProcessID="4812" ThreadID="3520"/>
      <Channel>Application</Channel>
      <Computer>WORKSTATION-7.internal.corp</Computer>
      <Security/>
    </System>
    <EventData>
      <Data Name="Message">DCOM unable to communicate with WORKSTATION-7.</Data>
    </EventData>
  </Event>
  <Event xmlns="http://schemas.microsoft.com/win/2004/08/events/event">
    <System>
      <Provider Name="Microsoft-Windows-Security-Auditing"/>
      <EventID>4798</EventID>
      <Version>0</Version>
      <Level>0</Level>
      <Task>0</Task>
      <Opcode>0</Opcode>
      <Keywords>0x8000000000000000</Keywords>
      <TimeCreated SystemTime="2026-02-10T23:20:28.2404Z"/>
      <EventRecordID>15116</EventRecordID>
      <Correlation/>
      <Execution ProcessID="1764" ThreadID="3528"/>
      <Channel>Security</Channel>
      <Computer>WORKSTATION-7.internal.corp</Computer>
      <Security/>
    </System>
    <EventData>
      <Data Name="Message">A user local group membership was enumerated.</Data>
      <Data Name="TargetUserName">svc_crypter</Data><Data Name="CallerProcessName">C:\Program Files\CrypterService\crypter.exe</Data>
    </EventData>
  </Event>
  <Event xmlns="http://schemas.microsoft.com/win/2004/08/events/event">
    <System>
      <Provider Name="CrypterService" Guid="{A1B2C3D4-E5F6-7890-ABCD-EF1234567890}"/>
      <EventID>4102</EventID>
      <Version>1</Version>
      <Level>4</Level>
      <Task>2</Task>
      <Opcode>0</Opcode>
      <Keywords>0x8000000000000000</Keywords>
      <TimeCreated SystemTime="2026-02-10T23:25:41.0323Z"/>
      <EventRecordID>15117</EventRecordID>
      <Correlation ActivityID="{F7A823C1-4E5B-4D2A-9B8C-1A2B3C4D5E6F}"/>
      <Execution ProcessID="4812" ThreadID="3396"/>
      <Channel>Application</Channel>
      <Computer>WORKSTATION-7.internal.corp</Computer>
      <Security UserID="S-1-5-21-3623811015-3361044348-30300820-1013"/>
    </System>
    <EventData>
      <Data Name="ServiceName">CrypterService</Data>
      <Data Name="Operation">ConfigReload</Data>
      <Data Name="PeerEndpoint">auth-svc.internal.corp:9443</Data>
      <Data Name="SessionToken">d4ff2a5580abd6012c5782add8032e59</Data>
      <Data Name="NegotiationStatus">Completed</Data>
      <Data Name="Protocol">mTLS-P256</Data>
      <Data Name="Duration">103ms</Data>
    </EventData>
  </Event>
  <Event xmlns="http://schemas.microsoft.com/win/2004/08/events/event">
    <System>
      <Provider Name="CrypterService" Guid="{A1B2C3D4-E5F6-7890-ABCD-EF1234567890}"/>
      <EventID>4103</EventID>
      <Version>1</Version>
      <Level>4</Level>
      <Task>2</Task>
      <Opcode>0</Opcode>
      <Keywords>0x8000000000000000</Keywords>
      <TimeCreated SystemTime="2026-02-10T23:30:54.8242Z"/>
      <EventRecordID>15118</EventRecordID>
      <Correlation ActivityID="{F7A823C1-4E5B-4D2A-9B8C-1A2B3C4D5E6F}"/>
      <Execution ProcessID="4812" ThreadID="3400"/>
      <Channel>Application</Channel>
      <Computer>WORKSTATION-7.internal.corp</Computer>
      <Security UserID="S-1-5-21-3623811015-3361044348-30300820-1013"/>
    </System>
    <EventData>
      <Data Name="ServiceName">CrypterService</Data>
      <Data Name="Operation">TokenRenewal</Data>
      <Data Name="PeerEndpoint">ca.pki.internal.corp:8200</Data>
      <Data Name="SessionToken">e7123d6893bee9143f6a95c0eb16416c</Data>
      <Data Name="NegotiationStatus">Completed</Data>
      <Data Name="Protocol">TLS1.3-X25519</Data>
      <Data Name="Duration">110ms</Data>
    </EventData>
  </Event>
  <Event xmlns="http://schemas.microsoft.com/win/2004/08/events/event">
    <System>
      <Provider Name="Microsoft-Windows-Sysmon"/>
      <EventID>1</EventID>
      <Version>0</Version>
      <Level>4</Level>
      <Task>0</Task>
      <Opcode>0</Opcode>
      <Keywords>0x8000000000000000</Keywords>
      <TimeCreated SystemTime="2026-02-10T23:35:07.6161Z"/>
      <EventRecordID>15119</EventRecordID>
      <Correlation/>
      <Execution ProcessID="4920" ThreadID="3552"/>
      <Channel>Application</Channel>
      <Computer>WORKSTATION-7.internal.corp</Computer>
      <Security/>
    </System>
    <EventData>
      <Data Name="Message">Process Create.</Data>
      <Data Name="Image">C:\Program Files\CrypterService\crypter.exe</Data><Data Name="Hashes">SHA256=A1B2C3D4E5F67890ABCDEF1234567890ABCDEF1234567890ABCDEF1234567890</Data><Data Name="ParentImage">C:\Windows\System32\services.exe</Data>
    </EventData>
  </Event>
</Events>
